[2018-07-08T08:39:57.709] [ERROR] error - E:\code\nodejs\n-app-02\packages\quicky\q-apps\index.js { name: 'example', dir: 'apps/example', hostDir: 'exp' }
[2018-07-08T08:41:25.673] [ERROR] error - E:\code\nodejs\n-app-02\packages\quicky\q-apps\index.js { name: 'example', dir: 'apps/example', hostDir: 'exp' }
[2018-07-08T08:41:25.682] [ERROR] error - E:\code\nodejs\n-app-02\packages\quicky\q-apps\index.js { name: 'cms', dir: 'apps/cms', hostDir: 'cms' }
[2018-07-08T08:41:25.692] [ERROR] error - E:\code\nodejs\n-app-02\packages\quicky\q-apps\index.js { name: 'candidate',
  dir: 'apps/candidate',
  hostDir: 'candidate' }
[2018-07-08T08:41:25.696] [ERROR] error - E:\code\nodejs\n-app-02\packages\quicky\q-apps\index.js { name: 'candidate-admin',
  dir: 'apps/candidate-admin',
  hostDir: 'candidate-admin' }
[2018-07-08T08:42:10.859] [ERROR] error - E:\code\nodejs\n-app-02\packages\quicky\q-apps\index.js { name: 'example', dir: 'apps/example', hostDir: 'exp' }
[2018-07-08T08:42:10.868] [ERROR] error - E:\code\nodejs\n-app-02\packages\quicky\q-apps\index.js { name: 'cms', dir: 'apps/cms', hostDir: 'cms' }
[2018-07-08T08:42:10.877] [ERROR] error - E:\code\nodejs\n-app-02\packages\quicky\q-apps\index.js { name: 'candidate',
  dir: 'apps/candidate',
  hostDir: 'candidate' }
[2018-07-08T08:42:10.880] [ERROR] error - E:\code\nodejs\n-app-02\packages\quicky\q-apps\index.js { name: 'candidate-admin',
  dir: 'apps/candidate-admin',
  hostDir: 'candidate-admin' }
[2018-07-08T08:43:25.705] [ERROR] error - E:\code\nodejs\n-app-02\packages\quicky\q-apps\index.js { name: 'example', dir: 'apps/example', hostDir: 'exp' }
[2018-07-08T08:44:01.963] [ERROR] error - E:\code\nodejs\n-app-02\packages\quicky\q-apps\index.js { name: 'example', dir: 'apps/example', hostDir: 'exp' }
[2018-07-08T08:44:01.972] [ERROR] error - E:\code\nodejs\n-app-02\packages\quicky\q-apps\index.js { name: 'cms', dir: 'apps/cms', hostDir: 'cms' }
[2018-07-08T08:44:01.981] [ERROR] error - E:\code\nodejs\n-app-02\packages\quicky\q-apps\index.js { name: 'candidate',
  dir: 'apps/candidate',
  hostDir: 'candidate' }
[2018-07-08T08:44:01.985] [ERROR] error - E:\code\nodejs\n-app-02\packages\quicky\q-apps\index.js { name: 'candidate-admin',
  dir: 'apps/candidate-admin',
  hostDir: 'candidate-admin' }
[2018-07-08T08:44:14.130] [ERROR] error - E:\code\nodejs\n-app-02\packages\quicky\q-apps\extension-request.js Error: Error: Failed to load template views\login.html
    at Object.sync (E:\code\nodejs\n-app-02\packages\quicky\q-sync\index.js:34:20)
    at IncomingMessage.req.render (E:\code\nodejs\n-app-02\packages\quicky\q-apps\extension-request.js:213:26)
    at E:\code\nodejs\n-app-02\packages\quicky\q-controller\index.js:203:29
    at Object.load (e:\code\nodejs\n-app-02\apps\admin\controllers\login.js:16:13)
    at Object.module.exports [as e:\code\nodejs\n-app-02\apps\admin\controllers\login] (E:\code\nodejs\n-app-02\packages\quicky\q-controller\index.js:154:22)
    at execHandlerByPath (E:\code\nodejs\n-app-02\packages\quicky\q-apps\extension.js:42:25)
    at E:\code\nodejs\n-app-02\packages\quicky\q-apps\extension.js:87:37
    at Object.authenticate (e:\code\nodejs\n-app-02\apps\admin\index.js:8:13)
    at me.url.owner.handler (E:\code\nodejs\n-app-02\packages\quicky\q-apps\extension.js:85:50)
    at Layer.handle [as handle_request] (e:\code\nodejs\n-app-02\node_modules\express\lib\router\layer.js:95:5)
    at next (e:\code\nodejs\n-app-02\node_modules\express\lib\router\route.js:137:13)
    at Route.dispatch (e:\code\nodejs\n-app-02\node_modules\express\lib\router\route.js:112:3)
    at Layer.handle [as handle_request] (e:\code\nodejs\n-app-02\node_modules\express\lib\router\layer.js:95:5)
    at e:\code\nodejs\n-app-02\node_modules\express\lib\router\index.js:281:22
    at Function.process_params (e:\code\nodejs\n-app-02\node_modules\express\lib\router\index.js:335:12)
    at next (e:\code\nodejs\n-app-02\node_modules\express\lib\router\index.js:275:10)
    at Function.handle (e:\code\nodejs\n-app-02\node_modules\express\lib\router\index.js:174:3)
    at router (e:\code\nodejs\n-app-02\node_modules\express\lib\router\index.js:47:12)
    at Layer.handle [as handle_request] (E:\code\nodejs\n-app-02\node_modules\express\lib\router\layer.js:95:5)
    at trim_prefix (E:\code\nodejs\n-app-02\node_modules\express\lib\router\index.js:317:13)
    at E:\code\nodejs\n-app-02\node_modules\express\lib\router\index.js:284:7
    at Function.process_params (E:\code\nodejs\n-app-02\node_modules\express\lib\router\index.js:335:12)
    at next (E:\code\nodejs\n-app-02\node_modules\express\lib\router\index.js:275:10)
    at Function.handle (E:\code\nodejs\n-app-02\node_modules\express\lib\router\index.js:174:3)
    at router (E:\code\nodejs\n-app-02\node_modules\express\lib\router\index.js:47:12)
    at Layer.handle [as handle_request] (E:\code\nodejs\n-app-02\node_modules\express\lib\router\layer.js:95:5)
    at trim_prefix (E:\code\nodejs\n-app-02\node_modules\express\lib\router\index.js:317:13)
    at E:\code\nodejs\n-app-02\node_modules\express\lib\router\index.js:284:7
    at Function.process_params (E:\code\nodejs\n-app-02\node_modules\express\lib\router\index.js:335:12)
    at next (E:\code\nodejs\n-app-02\node_modules\express\lib\router\index.js:275:10)
    at E:\code\nodejs\n-app-02\packages\quicky\q-apps\index.js:170:13
    at Layer.handle [as handle_request] (E:\code\nodejs\n-app-02\node_modules\express\lib\router\layer.js:95:5)
    at trim_prefix (E:\code\nodejs\n-app-02\node_modules\express\lib\router\index.js:317:13)
    at E:\code\nodejs\n-app-02\node_modules\express\lib\router\index.js:284:7
    at Function.process_params (E:\code\nodejs\n-app-02\node_modules\express\lib\router\index.js:335:12)
    at next (E:\code\nodejs\n-app-02\node_modules\express\lib\router\index.js:275:10)
    at Immediate.<anonymous> (E:\code\nodejs\n-app-02\node_modules\express-session\index.js:489:7)
    at runCallback (timers.js:676:20)
    at tryOnImmediate (timers.js:645:5)
    at processImmediate [as _immediateCallback] (timers.js:617:5)

[2018-07-08T08:44:21.943] [ERROR] error - E:\code\nodejs\n-app-02\packages\quicky\q-apps\extension-request.js Error: Error: Failed to load template views\login.html
    at Object.sync (E:\code\nodejs\n-app-02\packages\quicky\q-sync\index.js:34:20)
    at IncomingMessage.req.render (E:\code\nodejs\n-app-02\packages\quicky\q-apps\extension-request.js:213:26)
    at E:\code\nodejs\n-app-02\packages\quicky\q-controller\index.js:203:29
    at Object.load (e:\code\nodejs\n-app-02\apps\admin\controllers\login.js:16:13)
    at Object.module.exports [as e:\code\nodejs\n-app-02\apps\admin\controllers\login] (E:\code\nodejs\n-app-02\packages\quicky\q-controller\index.js:154:22)
    at execHandlerByPath (E:\code\nodejs\n-app-02\packages\quicky\q-apps\extension.js:42:25)
    at E:\code\nodejs\n-app-02\packages\quicky\q-apps\extension.js:87:37
    at Object.authenticate (e:\code\nodejs\n-app-02\apps\admin\index.js:8:13)
    at me.url.owner.handler (E:\code\nodejs\n-app-02\packages\quicky\q-apps\extension.js:85:50)
    at Layer.handle [as handle_request] (e:\code\nodejs\n-app-02\node_modules\express\lib\router\layer.js:95:5)
    at next (e:\code\nodejs\n-app-02\node_modules\express\lib\router\route.js:137:13)
    at Route.dispatch (e:\code\nodejs\n-app-02\node_modules\express\lib\router\route.js:112:3)
    at Layer.handle [as handle_request] (e:\code\nodejs\n-app-02\node_modules\express\lib\router\layer.js:95:5)
    at e:\code\nodejs\n-app-02\node_modules\express\lib\router\index.js:281:22
    at Function.process_params (e:\code\nodejs\n-app-02\node_modules\express\lib\router\index.js:335:12)
    at next (e:\code\nodejs\n-app-02\node_modules\express\lib\router\index.js:275:10)
    at Function.handle (e:\code\nodejs\n-app-02\node_modules\express\lib\router\index.js:174:3)
    at router (e:\code\nodejs\n-app-02\node_modules\express\lib\router\index.js:47:12)
    at Layer.handle [as handle_request] (E:\code\nodejs\n-app-02\node_modules\express\lib\router\layer.js:95:5)
    at trim_prefix (E:\code\nodejs\n-app-02\node_modules\express\lib\router\index.js:317:13)
    at E:\code\nodejs\n-app-02\node_modules\express\lib\router\index.js:284:7
    at Function.process_params (E:\code\nodejs\n-app-02\node_modules\express\lib\router\index.js:335:12)
    at next (E:\code\nodejs\n-app-02\node_modules\express\lib\router\index.js:275:10)
    at Function.handle (E:\code\nodejs\n-app-02\node_modules\express\lib\router\index.js:174:3)
    at router (E:\code\nodejs\n-app-02\node_modules\express\lib\router\index.js:47:12)
    at Layer.handle [as handle_request] (E:\code\nodejs\n-app-02\node_modules\express\lib\router\layer.js:95:5)
    at trim_prefix (E:\code\nodejs\n-app-02\node_modules\express\lib\router\index.js:317:13)
    at E:\code\nodejs\n-app-02\node_modules\express\lib\router\index.js:284:7
    at Function.process_params (E:\code\nodejs\n-app-02\node_modules\express\lib\router\index.js:335:12)
    at next (E:\code\nodejs\n-app-02\node_modules\express\lib\router\index.js:275:10)
    at E:\code\nodejs\n-app-02\packages\quicky\q-apps\index.js:170:13
    at Layer.handle [as handle_request] (E:\code\nodejs\n-app-02\node_modules\express\lib\router\layer.js:95:5)
    at trim_prefix (E:\code\nodejs\n-app-02\node_modules\express\lib\router\index.js:317:13)
    at E:\code\nodejs\n-app-02\node_modules\express\lib\router\index.js:284:7
    at Function.process_params (E:\code\nodejs\n-app-02\node_modules\express\lib\router\index.js:335:12)
    at next (E:\code\nodejs\n-app-02\node_modules\express\lib\router\index.js:275:10)
    at Immediate.<anonymous> (E:\code\nodejs\n-app-02\node_modules\express-session\index.js:489:7)
    at runCallback (timers.js:676:20)
    at tryOnImmediate (timers.js:645:5)
    at processImmediate [as _immediateCallback] (timers.js:617:5)

[2018-07-08T09:05:36.349] [ERROR] error - E:\code\nodejs\n-app-02\packages\quicky\q-apps\index.js { name: 'admin', dir: 'apps/admin', hostDir: 'admin' }
[2018-07-08T09:06:16.194] [ERROR] error - E:\code\nodejs\n-app-02\packages\quicky\q-apps\index.js { name: 'admin', dir: 'apps/admin', hostDir: 'admin' }
[2018-07-08T09:14:41.644] [ERROR] error - E:\code\nodejs\n-app-02\packages\quicky\q-apps\extension-request.js Error: Error: Failed to load template \login.html
    at Object.sync (E:\code\nodejs\n-app-02\packages\quicky\q-sync\index.js:34:20)
    at IncomingMessage.req.render (E:\code\nodejs\n-app-02\packages\quicky\q-apps\extension-request.js:213:26)
    at E:\code\nodejs\n-app-02\packages\quicky\q-controller\index.js:203:29
    at Object.load (e:\code\nodejs\n-app-02\apps\admin\controllers\login.js:16:13)
    at Object.module.exports [as e:\code\nodejs\n-app-02\apps\admin\controllers\login] (E:\code\nodejs\n-app-02\packages\quicky\q-controller\index.js:154:22)
    at execHandlerByPath (E:\code\nodejs\n-app-02\packages\quicky\q-apps\extension.js:42:25)
    at E:\code\nodejs\n-app-02\packages\quicky\q-apps\extension.js:95:37
    at Object.authenticate (e:\code\nodejs\n-app-02\apps\admin\index.js:8:13)
    at me.url.owner.handler (E:\code\nodejs\n-app-02\packages\quicky\q-apps\extension.js:93:50)
    at Layer.handle [as handle_request] (E:\code\nodejs\n-app-02\node_modules\express\lib\router\layer.js:95:5)
    at next (E:\code\nodejs\n-app-02\node_modules\express\lib\router\route.js:137:13)
    at Route.dispatch (E:\code\nodejs\n-app-02\node_modules\express\lib\router\route.js:112:3)
    at Layer.handle [as handle_request] (E:\code\nodejs\n-app-02\node_modules\express\lib\router\layer.js:95:5)
    at E:\code\nodejs\n-app-02\node_modules\express\lib\router\index.js:281:22
    at Function.process_params (E:\code\nodejs\n-app-02\node_modules\express\lib\router\index.js:335:12)
    at next (E:\code\nodejs\n-app-02\node_modules\express\lib\router\index.js:275:10)
    at Function.handle (E:\code\nodejs\n-app-02\node_modules\express\lib\router\index.js:174:3)
    at router (E:\code\nodejs\n-app-02\node_modules\express\lib\router\index.js:47:12)
    at Layer.handle [as handle_request] (E:\code\nodejs\n-app-02\node_modules\express\lib\router\layer.js:95:5)
    at trim_prefix (E:\code\nodejs\n-app-02\node_modules\express\lib\router\index.js:317:13)
    at E:\code\nodejs\n-app-02\node_modules\express\lib\router\index.js:284:7
    at Function.process_params (E:\code\nodejs\n-app-02\node_modules\express\lib\router\index.js:335:12)
    at next (E:\code\nodejs\n-app-02\node_modules\express\lib\router\index.js:275:10)
    at Function.handle (E:\code\nodejs\n-app-02\node_modules\express\lib\router\index.js:174:3)
    at router (E:\code\nodejs\n-app-02\node_modules\express\lib\router\index.js:47:12)
    at Layer.handle [as handle_request] (E:\code\nodejs\n-app-02\node_modules\express\lib\router\layer.js:95:5)
    at trim_prefix (E:\code\nodejs\n-app-02\node_modules\express\lib\router\index.js:317:13)
    at E:\code\nodejs\n-app-02\node_modules\express\lib\router\index.js:284:7
    at Function.process_params (E:\code\nodejs\n-app-02\node_modules\express\lib\router\index.js:335:12)
    at next (E:\code\nodejs\n-app-02\node_modules\express\lib\router\index.js:275:10)
    at E:\code\nodejs\n-app-02\packages\quicky\q-apps\index.js:170:13
    at Layer.handle [as handle_request] (E:\code\nodejs\n-app-02\node_modules\express\lib\router\layer.js:95:5)
    at trim_prefix (E:\code\nodejs\n-app-02\node_modules\express\lib\router\index.js:317:13)
    at E:\code\nodejs\n-app-02\node_modules\express\lib\router\index.js:284:7
    at Function.process_params (E:\code\nodejs\n-app-02\node_modules\express\lib\router\index.js:335:12)
    at next (E:\code\nodejs\n-app-02\node_modules\express\lib\router\index.js:275:10)
    at Immediate.<anonymous> (E:\code\nodejs\n-app-02\node_modules\express-session\index.js:489:7)
    at runCallback (timers.js:676:20)
    at tryOnImmediate (timers.js:645:5)
    at processImmediate [as _immediateCallback] (timers.js:617:5)

