[2018-07-06T11:48:56.800] [ERROR] error - /home/hcsadmin/code/node_modules/quicky/q-apps/extension-request.js Error: Error: Failed to load template /home/hcsadmin/code/apps/admin/views/system/email.html
    at Object.sync (/home/hcsadmin/code/node_modules/quicky/q-sync/index.js:11:10)
    at IncomingMessage.req.render (/home/hcsadmin/code/node_modules/quicky/q-apps/extension-request.js:11:25)
    at hanlderCls._handler (/home/hcsadmin/code/node_modules/quicky/q-controller/index.js:11:25)
    at /home/hcsadmin/code/node_modules/quicky/q-apps/extension.js:11:39
    at Object.authenticate (/home/hcsadmin/code/apps/admin/index.js:11:3)
    at owner.handler (/home/hcsadmin/code/node_modules/quicky/q-apps/extension.js:11:45)
    at Layer.handle [as handle_request] (/home/hcsadmin/code/node_modules/express/lib/router/layer.js:11:3)
    at next (/home/hcsadmin/code/node_modules/express/lib/router/route.js:11:10)
    at Route.dispatch (/home/hcsadmin/code/node_modules/express/lib/router/route.js:11:3)
    at Layer.handle [as handle_request] (/home/hcsadmin/code/node_modules/express/lib/router/layer.js:11:3)
    at /home/hcsadmin/code/node_modules/express/lib/router/index.js:11:10
    at Function.process_params (/home/hcsadmin/code/node_modules/express/lib/router/index.js:11:10)
    at next (/home/hcsadmin/code/node_modules/express/lib/router/index.js:11:10)
    at Function.handle (/home/hcsadmin/code/node_modules/express/lib/router/index.js:11:3)
    at router (/home/hcsadmin/code/node_modules/express/lib/router/index.js:11:10)
    at Layer.handle [as handle_request] (/home/hcsadmin/code/node_modules/express/lib/router/layer.js:11:3)
    at trim_prefix (/home/hcsadmin/code/node_modules/express/lib/router/index.js:11:10)
    at /home/hcsadmin/code/node_modules/express/lib/router/index.js:11:3
    at Function.process_params (/home/hcsadmin/code/node_modules/express/lib/router/index.js:11:10)
    at next (/home/hcsadmin/code/node_modules/express/lib/router/index.js:11:10)
    at Function.handle (/home/hcsadmin/code/node_modules/express/lib/router/index.js:11:3)
    at router (/home/hcsadmin/code/node_modules/express/lib/router/index.js:11:10)
    at Layer.handle [as handle_request] (/home/hcsadmin/code/node_modules/express/lib/router/layer.js:11:3)
    at trim_prefix (/home/hcsadmin/code/node_modules/express/lib/router/index.js:11:10)
    at /home/hcsadmin/code/node_modules/express/lib/router/index.js:11:3
    at Function.process_params (/home/hcsadmin/code/node_modules/express/lib/router/index.js:11:10)
    at next (/home/hcsadmin/code/node_modules/express/lib/router/index.js:11:10)
    at /home/hcsadmin/code/node_modules/quicky/q-apps/index.js:11:10
    at Layer.handle [as handle_request] (/home/hcsadmin/code/node_modules/express/lib/router/layer.js:11:3)
    at trim_prefix (/home/hcsadmin/code/node_modules/express/lib/router/index.js:11:10)
    at /home/hcsadmin/code/node_modules/express/lib/router/index.js:11:3
    at Function.process_params (/home/hcsadmin/code/node_modules/express/lib/router/index.js:11:10)
    at next (/home/hcsadmin/code/node_modules/express/lib/router/index.js:11:10)
    at Immediate.<anonymous> (/home/hcsadmin/code/node_modules/express-session/index.js:11:3)
    at runCallback (timers.js:11:10)
    at tryOnImmediate (timers.js:11:3)
    at processImmediate [as _immediateCallback] (timers.js:11:3)

[2018-07-06T11:49:00.007] [ERROR] error - /home/hcsadmin/code/node_modules/quicky/q-apps/extension-request.js Error: Error: Failed to load template /home/hcsadmin/code/apps/admin/views/system/email.html
    at Object.sync (/home/hcsadmin/code/node_modules/quicky/q-sync/index.js:11:10)
    at IncomingMessage.req.render (/home/hcsadmin/code/node_modules/quicky/q-apps/extension-request.js:11:25)
    at hanlderCls._handler (/home/hcsadmin/code/node_modules/quicky/q-controller/index.js:11:25)
    at /home/hcsadmin/code/node_modules/quicky/q-apps/extension.js:11:39
    at Object.authenticate (/home/hcsadmin/code/apps/admin/index.js:11:3)
    at owner.handler (/home/hcsadmin/code/node_modules/quicky/q-apps/extension.js:11:45)
    at Layer.handle [as handle_request] (/home/hcsadmin/code/node_modules/express/lib/router/layer.js:11:3)
    at next (/home/hcsadmin/code/node_modules/express/lib/router/route.js:11:10)
    at Route.dispatch (/home/hcsadmin/code/node_modules/express/lib/router/route.js:11:3)
    at Layer.handle [as handle_request] (/home/hcsadmin/code/node_modules/express/lib/router/layer.js:11:3)
    at /home/hcsadmin/code/node_modules/express/lib/router/index.js:11:10
    at Function.process_params (/home/hcsadmin/code/node_modules/express/lib/router/index.js:11:10)
    at next (/home/hcsadmin/code/node_modules/express/lib/router/index.js:11:10)
    at Function.handle (/home/hcsadmin/code/node_modules/express/lib/router/index.js:11:3)
    at router (/home/hcsadmin/code/node_modules/express/lib/router/index.js:11:10)
    at Layer.handle [as handle_request] (/home/hcsadmin/code/node_modules/express/lib/router/layer.js:11:3)
    at trim_prefix (/home/hcsadmin/code/node_modules/express/lib/router/index.js:11:10)
    at /home/hcsadmin/code/node_modules/express/lib/router/index.js:11:3
    at Function.process_params (/home/hcsadmin/code/node_modules/express/lib/router/index.js:11:10)
    at next (/home/hcsadmin/code/node_modules/express/lib/router/index.js:11:10)
    at Function.handle (/home/hcsadmin/code/node_modules/express/lib/router/index.js:11:3)
    at router (/home/hcsadmin/code/node_modules/express/lib/router/index.js:11:10)
    at Layer.handle [as handle_request] (/home/hcsadmin/code/node_modules/express/lib/router/layer.js:11:3)
    at trim_prefix (/home/hcsadmin/code/node_modules/express/lib/router/index.js:11:10)
    at /home/hcsadmin/code/node_modules/express/lib/router/index.js:11:3
    at Function.process_params (/home/hcsadmin/code/node_modules/express/lib/router/index.js:11:10)
    at next (/home/hcsadmin/code/node_modules/express/lib/router/index.js:11:10)
    at /home/hcsadmin/code/node_modules/quicky/q-apps/index.js:11:10
    at Layer.handle [as handle_request] (/home/hcsadmin/code/node_modules/express/lib/router/layer.js:11:3)
    at trim_prefix (/home/hcsadmin/code/node_modules/express/lib/router/index.js:11:10)
    at /home/hcsadmin/code/node_modules/express/lib/router/index.js:11:3
    at Function.process_params (/home/hcsadmin/code/node_modules/express/lib/router/index.js:11:10)
    at next (/home/hcsadmin/code/node_modules/express/lib/router/index.js:11:10)
    at Immediate.<anonymous> (/home/hcsadmin/code/node_modules/express-session/index.js:11:3)
    at runCallback (timers.js:11:10)
    at tryOnImmediate (timers.js:11:3)
    at processImmediate [as _immediateCallback] (timers.js:11:3)

[2018-07-06T11:49:02.115] [ERROR] error - /home/hcsadmin/code/node_modules/quicky/q-apps/extension-request.js Error: Error: Failed to load template /home/hcsadmin/code/apps/admin/views/system/email.html
    at Object.sync (/home/hcsadmin/code/node_modules/quicky/q-sync/index.js:11:10)
    at IncomingMessage.req.render (/home/hcsadmin/code/node_modules/quicky/q-apps/extension-request.js:11:25)
    at hanlderCls._handler (/home/hcsadmin/code/node_modules/quicky/q-controller/index.js:11:25)
    at /home/hcsadmin/code/node_modules/quicky/q-apps/extension.js:11:39
    at Object.authenticate (/home/hcsadmin/code/apps/admin/index.js:11:3)
    at owner.handler (/home/hcsadmin/code/node_modules/quicky/q-apps/extension.js:11:45)
    at Layer.handle [as handle_request] (/home/hcsadmin/code/node_modules/express/lib/router/layer.js:11:3)
    at next (/home/hcsadmin/code/node_modules/express/lib/router/route.js:11:10)
    at Route.dispatch (/home/hcsadmin/code/node_modules/express/lib/router/route.js:11:3)
    at Layer.handle [as handle_request] (/home/hcsadmin/code/node_modules/express/lib/router/layer.js:11:3)
    at /home/hcsadmin/code/node_modules/express/lib/router/index.js:11:10
    at Function.process_params (/home/hcsadmin/code/node_modules/express/lib/router/index.js:11:10)
    at next (/home/hcsadmin/code/node_modules/express/lib/router/index.js:11:10)
    at Function.handle (/home/hcsadmin/code/node_modules/express/lib/router/index.js:11:3)
    at router (/home/hcsadmin/code/node_modules/express/lib/router/index.js:11:10)
    at Layer.handle [as handle_request] (/home/hcsadmin/code/node_modules/express/lib/router/layer.js:11:3)
    at trim_prefix (/home/hcsadmin/code/node_modules/express/lib/router/index.js:11:10)
    at /home/hcsadmin/code/node_modules/express/lib/router/index.js:11:3
    at Function.process_params (/home/hcsadmin/code/node_modules/express/lib/router/index.js:11:10)
    at next (/home/hcsadmin/code/node_modules/express/lib/router/index.js:11:10)
    at Function.handle (/home/hcsadmin/code/node_modules/express/lib/router/index.js:11:3)
    at router (/home/hcsadmin/code/node_modules/express/lib/router/index.js:11:10)
    at Layer.handle [as handle_request] (/home/hcsadmin/code/node_modules/express/lib/router/layer.js:11:3)
    at trim_prefix (/home/hcsadmin/code/node_modules/express/lib/router/index.js:11:10)
    at /home/hcsadmin/code/node_modules/express/lib/router/index.js:11:3
    at Function.process_params (/home/hcsadmin/code/node_modules/express/lib/router/index.js:11:10)
    at next (/home/hcsadmin/code/node_modules/express/lib/router/index.js:11:10)
    at /home/hcsadmin/code/node_modules/quicky/q-apps/index.js:11:10
    at Layer.handle [as handle_request] (/home/hcsadmin/code/node_modules/express/lib/router/layer.js:11:3)
    at trim_prefix (/home/hcsadmin/code/node_modules/express/lib/router/index.js:11:10)
    at /home/hcsadmin/code/node_modules/express/lib/router/index.js:11:3
    at Function.process_params (/home/hcsadmin/code/node_modules/express/lib/router/index.js:11:10)
    at next (/home/hcsadmin/code/node_modules/express/lib/router/index.js:11:10)
    at Immediate.<anonymous> (/home/hcsadmin/code/node_modules/express-session/index.js:11:3)
    at runCallback (timers.js:11:10)
    at tryOnImmediate (timers.js:11:3)
    at processImmediate [as _immediateCallback] (timers.js:11:3)

[2018-07-06T15:07:44.349] [ERROR] error - /home/hcsadmin/code/node_modules/quicky/q-apps/extension-request.js Error: Error: Failed to load template /home/hcsadmin/code/apps/admin/views/system/users.html
    at Object.sync (/home/hcsadmin/code/node_modules/quicky/q-sync/index.js:34:10)
    at IncomingMessage.req.render (/home/hcsadmin/code/node_modules/quicky/q-apps/extension-request.js:34:25)
    at hanlderCls._handler (/home/hcsadmin/code/node_modules/quicky/q-controller/index.js:34:25)
    at /home/hcsadmin/code/node_modules/quicky/q-apps/extension.js:34:39
    at Object.authenticate (/home/hcsadmin/code/apps/admin/index.js:34:3)
    at owner.handler (/home/hcsadmin/code/node_modules/quicky/q-apps/extension.js:34:45)
    at Layer.handle [as handle_request] (/home/hcsadmin/code/node_modules/express/lib/router/layer.js:34:3)
    at next (/home/hcsadmin/code/node_modules/express/lib/router/route.js:34:10)
    at Route.dispatch (/home/hcsadmin/code/node_modules/express/lib/router/route.js:34:3)
    at Layer.handle [as handle_request] (/home/hcsadmin/code/node_modules/express/lib/router/layer.js:34:3)
    at /home/hcsadmin/code/node_modules/express/lib/router/index.js:34:10
    at Function.process_params (/home/hcsadmin/code/node_modules/express/lib/router/index.js:34:10)
    at next (/home/hcsadmin/code/node_modules/express/lib/router/index.js:34:10)
    at Function.handle (/home/hcsadmin/code/node_modules/express/lib/router/index.js:34:3)
    at router (/home/hcsadmin/code/node_modules/express/lib/router/index.js:34:10)
    at Layer.handle [as handle_request] (/home/hcsadmin/code/node_modules/express/lib/router/layer.js:34:3)
    at trim_prefix (/home/hcsadmin/code/node_modules/express/lib/router/index.js:34:10)
    at /home/hcsadmin/code/node_modules/express/lib/router/index.js:34:3
    at Function.process_params (/home/hcsadmin/code/node_modules/express/lib/router/index.js:34:10)
    at next (/home/hcsadmin/code/node_modules/express/lib/router/index.js:34:10)
    at Function.handle (/home/hcsadmin/code/node_modules/express/lib/router/index.js:34:3)
    at router (/home/hcsadmin/code/node_modules/express/lib/router/index.js:34:10)
    at Layer.handle [as handle_request] (/home/hcsadmin/code/node_modules/express/lib/router/layer.js:34:3)
    at trim_prefix (/home/hcsadmin/code/node_modules/express/lib/router/index.js:34:10)
    at /home/hcsadmin/code/node_modules/express/lib/router/index.js:34:3
    at Function.process_params (/home/hcsadmin/code/node_modules/express/lib/router/index.js:34:10)
    at next (/home/hcsadmin/code/node_modules/express/lib/router/index.js:34:10)
    at /home/hcsadmin/code/node_modules/quicky/q-apps/index.js:34:10
    at Layer.handle [as handle_request] (/home/hcsadmin/code/node_modules/express/lib/router/layer.js:34:3)
    at trim_prefix (/home/hcsadmin/code/node_modules/express/lib/router/index.js:34:10)
    at /home/hcsadmin/code/node_modules/express/lib/router/index.js:34:3
    at Function.process_params (/home/hcsadmin/code/node_modules/express/lib/router/index.js:34:10)
    at next (/home/hcsadmin/code/node_modules/express/lib/router/index.js:34:10)
    at Immediate.<anonymous> (/home/hcsadmin/code/node_modules/express-session/index.js:34:3)
    at runCallback (timers.js:34:10)
    at tryOnImmediate (timers.js:34:3)
    at processImmediate [as _immediateCallback] (timers.js:34:3)

[2018-07-06T15:07:49.256] [ERROR] error - /home/hcsadmin/code/node_modules/quicky/q-apps/extension-request.js Error: Error: Failed to load template /home/hcsadmin/code/apps/admin/views/system/email.html
    at Object.sync (/home/hcsadmin/code/node_modules/quicky/q-sync/index.js:34:10)
    at IncomingMessage.req.render (/home/hcsadmin/code/node_modules/quicky/q-apps/extension-request.js:34:25)
    at hanlderCls._handler (/home/hcsadmin/code/node_modules/quicky/q-controller/index.js:34:25)
    at /home/hcsadmin/code/node_modules/quicky/q-apps/extension.js:34:39
    at Object.authenticate (/home/hcsadmin/code/apps/admin/index.js:34:3)
    at owner.handler (/home/hcsadmin/code/node_modules/quicky/q-apps/extension.js:34:45)
    at Layer.handle [as handle_request] (/home/hcsadmin/code/node_modules/express/lib/router/layer.js:34:3)
    at next (/home/hcsadmin/code/node_modules/express/lib/router/route.js:34:10)
    at Route.dispatch (/home/hcsadmin/code/node_modules/express/lib/router/route.js:34:3)
    at Layer.handle [as handle_request] (/home/hcsadmin/code/node_modules/express/lib/router/layer.js:34:3)
    at /home/hcsadmin/code/node_modules/express/lib/router/index.js:34:10
    at Function.process_params (/home/hcsadmin/code/node_modules/express/lib/router/index.js:34:10)
    at next (/home/hcsadmin/code/node_modules/express/lib/router/index.js:34:10)
    at Function.handle (/home/hcsadmin/code/node_modules/express/lib/router/index.js:34:3)
    at router (/home/hcsadmin/code/node_modules/express/lib/router/index.js:34:10)
    at Layer.handle [as handle_request] (/home/hcsadmin/code/node_modules/express/lib/router/layer.js:34:3)
    at trim_prefix (/home/hcsadmin/code/node_modules/express/lib/router/index.js:34:10)
    at /home/hcsadmin/code/node_modules/express/lib/router/index.js:34:3
    at Function.process_params (/home/hcsadmin/code/node_modules/express/lib/router/index.js:34:10)
    at next (/home/hcsadmin/code/node_modules/express/lib/router/index.js:34:10)
    at Function.handle (/home/hcsadmin/code/node_modules/express/lib/router/index.js:34:3)
    at router (/home/hcsadmin/code/node_modules/express/lib/router/index.js:34:10)
    at Layer.handle [as handle_request] (/home/hcsadmin/code/node_modules/express/lib/router/layer.js:34:3)
    at trim_prefix (/home/hcsadmin/code/node_modules/express/lib/router/index.js:34:10)
    at /home/hcsadmin/code/node_modules/express/lib/router/index.js:34:3
    at Function.process_params (/home/hcsadmin/code/node_modules/express/lib/router/index.js:34:10)
    at next (/home/hcsadmin/code/node_modules/express/lib/router/index.js:34:10)
    at /home/hcsadmin/code/node_modules/quicky/q-apps/index.js:34:10
    at Layer.handle [as handle_request] (/home/hcsadmin/code/node_modules/express/lib/router/layer.js:34:3)
    at trim_prefix (/home/hcsadmin/code/node_modules/express/lib/router/index.js:34:10)
    at /home/hcsadmin/code/node_modules/express/lib/router/index.js:34:3
    at Function.process_params (/home/hcsadmin/code/node_modules/express/lib/router/index.js:34:10)
    at next (/home/hcsadmin/code/node_modules/express/lib/router/index.js:34:10)
    at Immediate.<anonymous> (/home/hcsadmin/code/node_modules/express-session/index.js:34:3)
    at runCallback (timers.js:34:10)
    at tryOnImmediate (timers.js:34:3)
    at processImmediate [as _immediateCallback] (timers.js:34:3)

[2018-07-06T15:07:55.029] [ERROR] error - /home/hcsadmin/code/node_modules/quicky/q-apps/extension-request.js Error: Error: Failed to load template /home/hcsadmin/code/apps/admin/views/system/users.html
    at Object.sync (/home/hcsadmin/code/node_modules/quicky/q-sync/index.js:34:10)
    at IncomingMessage.req.render (/home/hcsadmin/code/node_modules/quicky/q-apps/extension-request.js:34:25)
    at hanlderCls._handler (/home/hcsadmin/code/node_modules/quicky/q-controller/index.js:34:25)
    at /home/hcsadmin/code/node_modules/quicky/q-apps/extension.js:34:39
    at Object.authenticate (/home/hcsadmin/code/apps/admin/index.js:34:3)
    at owner.handler (/home/hcsadmin/code/node_modules/quicky/q-apps/extension.js:34:45)
    at Layer.handle [as handle_request] (/home/hcsadmin/code/node_modules/express/lib/router/layer.js:34:3)
    at next (/home/hcsadmin/code/node_modules/express/lib/router/route.js:34:10)
    at Route.dispatch (/home/hcsadmin/code/node_modules/express/lib/router/route.js:34:3)
    at Layer.handle [as handle_request] (/home/hcsadmin/code/node_modules/express/lib/router/layer.js:34:3)
    at /home/hcsadmin/code/node_modules/express/lib/router/index.js:34:10
    at Function.process_params (/home/hcsadmin/code/node_modules/express/lib/router/index.js:34:10)
    at next (/home/hcsadmin/code/node_modules/express/lib/router/index.js:34:10)
    at Function.handle (/home/hcsadmin/code/node_modules/express/lib/router/index.js:34:3)
    at router (/home/hcsadmin/code/node_modules/express/lib/router/index.js:34:10)
    at Layer.handle [as handle_request] (/home/hcsadmin/code/node_modules/express/lib/router/layer.js:34:3)
    at trim_prefix (/home/hcsadmin/code/node_modules/express/lib/router/index.js:34:10)
    at /home/hcsadmin/code/node_modules/express/lib/router/index.js:34:3
    at Function.process_params (/home/hcsadmin/code/node_modules/express/lib/router/index.js:34:10)
    at next (/home/hcsadmin/code/node_modules/express/lib/router/index.js:34:10)
    at Function.handle (/home/hcsadmin/code/node_modules/express/lib/router/index.js:34:3)
    at router (/home/hcsadmin/code/node_modules/express/lib/router/index.js:34:10)
    at Layer.handle [as handle_request] (/home/hcsadmin/code/node_modules/express/lib/router/layer.js:34:3)
    at trim_prefix (/home/hcsadmin/code/node_modules/express/lib/router/index.js:34:10)
    at /home/hcsadmin/code/node_modules/express/lib/router/index.js:34:3
    at Function.process_params (/home/hcsadmin/code/node_modules/express/lib/router/index.js:34:10)
    at next (/home/hcsadmin/code/node_modules/express/lib/router/index.js:34:10)
    at /home/hcsadmin/code/node_modules/quicky/q-apps/index.js:34:10
    at Layer.handle [as handle_request] (/home/hcsadmin/code/node_modules/express/lib/router/layer.js:34:3)
    at trim_prefix (/home/hcsadmin/code/node_modules/express/lib/router/index.js:34:10)
    at /home/hcsadmin/code/node_modules/express/lib/router/index.js:34:3
    at Function.process_params (/home/hcsadmin/code/node_modules/express/lib/router/index.js:34:10)
    at next (/home/hcsadmin/code/node_modules/express/lib/router/index.js:34:10)
    at Immediate.<anonymous> (/home/hcsadmin/code/node_modules/express-session/index.js:34:3)
    at runCallback (timers.js:34:10)
    at tryOnImmediate (timers.js:34:3)
    at processImmediate [as _immediateCallback] (timers.js:34:3)

[2018-07-06T15:08:20.493] [ERROR] error - /home/hcsadmin/code/node_modules/quicky/q-apps/extension-request.js Error: Error: Failed to load template /home/hcsadmin/code/apps/admin/views/system/users.html
    at Object.sync (/home/hcsadmin/code/node_modules/quicky/q-sync/index.js:34:10)
    at IncomingMessage.req.render (/home/hcsadmin/code/node_modules/quicky/q-apps/extension-request.js:34:25)
    at hanlderCls._handler (/home/hcsadmin/code/node_modules/quicky/q-controller/index.js:34:25)
    at /home/hcsadmin/code/node_modules/quicky/q-apps/extension.js:34:39
    at Object.authenticate (/home/hcsadmin/code/apps/admin/index.js:34:3)
    at owner.handler (/home/hcsadmin/code/node_modules/quicky/q-apps/extension.js:34:45)
    at Layer.handle [as handle_request] (/home/hcsadmin/code/node_modules/express/lib/router/layer.js:34:3)
    at next (/home/hcsadmin/code/node_modules/express/lib/router/route.js:34:10)
    at Route.dispatch (/home/hcsadmin/code/node_modules/express/lib/router/route.js:34:3)
    at Layer.handle [as handle_request] (/home/hcsadmin/code/node_modules/express/lib/router/layer.js:34:3)
    at /home/hcsadmin/code/node_modules/express/lib/router/index.js:34:10
    at Function.process_params (/home/hcsadmin/code/node_modules/express/lib/router/index.js:34:10)
    at next (/home/hcsadmin/code/node_modules/express/lib/router/index.js:34:10)
    at Function.handle (/home/hcsadmin/code/node_modules/express/lib/router/index.js:34:3)
    at router (/home/hcsadmin/code/node_modules/express/lib/router/index.js:34:10)
    at Layer.handle [as handle_request] (/home/hcsadmin/code/node_modules/express/lib/router/layer.js:34:3)
    at trim_prefix (/home/hcsadmin/code/node_modules/express/lib/router/index.js:34:10)
    at /home/hcsadmin/code/node_modules/express/lib/router/index.js:34:3
    at Function.process_params (/home/hcsadmin/code/node_modules/express/lib/router/index.js:34:10)
    at next (/home/hcsadmin/code/node_modules/express/lib/router/index.js:34:10)
    at Function.handle (/home/hcsadmin/code/node_modules/express/lib/router/index.js:34:3)
    at router (/home/hcsadmin/code/node_modules/express/lib/router/index.js:34:10)
    at Layer.handle [as handle_request] (/home/hcsadmin/code/node_modules/express/lib/router/layer.js:34:3)
    at trim_prefix (/home/hcsadmin/code/node_modules/express/lib/router/index.js:34:10)
    at /home/hcsadmin/code/node_modules/express/lib/router/index.js:34:3
    at Function.process_params (/home/hcsadmin/code/node_modules/express/lib/router/index.js:34:10)
    at next (/home/hcsadmin/code/node_modules/express/lib/router/index.js:34:10)
    at /home/hcsadmin/code/node_modules/quicky/q-apps/index.js:34:10
    at Layer.handle [as handle_request] (/home/hcsadmin/code/node_modules/express/lib/router/layer.js:34:3)
    at trim_prefix (/home/hcsadmin/code/node_modules/express/lib/router/index.js:34:10)
    at /home/hcsadmin/code/node_modules/express/lib/router/index.js:34:3
    at Function.process_params (/home/hcsadmin/code/node_modules/express/lib/router/index.js:34:10)
    at next (/home/hcsadmin/code/node_modules/express/lib/router/index.js:34:10)
    at Immediate.<anonymous> (/home/hcsadmin/code/node_modules/express-session/index.js:34:3)
    at runCallback (timers.js:34:10)
    at tryOnImmediate (timers.js:34:3)
    at processImmediate [as _immediateCallback] (timers.js:34:3)

[2018-07-06T15:12:37.856] [ERROR] error - /home/hcsadmin/code/node_modules/quicky/q-apps/extension-request.js Error: [stdin]:7:55: error: missing " in /home/hcsadmin/code/apps/admin/views/index.html
'') + ((@getAppUrl()>{{$root.page}}" ng-if="$root.page"></div><script>    function startUp(scope){        console.log(scope);    }</script>
                                                      ^
    at Object.sync (/home/hcsadmin/code/node_modules/quicky/q-sync/index.js:34:10)
    at IncomingMessage.req.render (/home/hcsadmin/code/node_modules/quicky/q-apps/extension-request.js:34:25)
    at /home/hcsadmin/code/node_modules/quicky/q-controller/index.js:34:25
    at Object.load (/home/hcsadmin/code/apps/admin/controllers/index.js:34:10)
    at hanlderCls._handler (/home/hcsadmin/code/node_modules/quicky/q-controller/index.js:34:10)
    at /home/hcsadmin/code/node_modules/quicky/q-apps/extension.js:34:39
    at Object.authenticate (/home/hcsadmin/code/apps/admin/index.js:34:3)
    at owner.handler (/home/hcsadmin/code/node_modules/quicky/q-apps/extension.js:34:45)
    at Layer.handle [as handle_request] (/home/hcsadmin/code/node_modules/express/lib/router/layer.js:34:3)
    at next (/home/hcsadmin/code/node_modules/express/lib/router/route.js:34:10)
    at Route.dispatch (/home/hcsadmin/code/node_modules/express/lib/router/route.js:34:3)
    at Layer.handle [as handle_request] (/home/hcsadmin/code/node_modules/express/lib/router/layer.js:34:3)
    at /home/hcsadmin/code/node_modules/express/lib/router/index.js:34:10
    at Function.process_params (/home/hcsadmin/code/node_modules/express/lib/router/index.js:34:10)
    at next (/home/hcsadmin/code/node_modules/express/lib/router/index.js:34:10)
    at Function.handle (/home/hcsadmin/code/node_modules/express/lib/router/index.js:34:3)
    at router (/home/hcsadmin/code/node_modules/express/lib/router/index.js:34:10)
    at Layer.handle [as handle_request] (/home/hcsadmin/code/node_modules/express/lib/router/layer.js:34:3)
    at trim_prefix (/home/hcsadmin/code/node_modules/express/lib/router/index.js:34:10)
    at /home/hcsadmin/code/node_modules/express/lib/router/index.js:34:3
    at Function.process_params (/home/hcsadmin/code/node_modules/express/lib/router/index.js:34:10)
    at next (/home/hcsadmin/code/node_modules/express/lib/router/index.js:34:10)
    at Function.handle (/home/hcsadmin/code/node_modules/express/lib/router/index.js:34:3)
    at router (/home/hcsadmin/code/node_modules/express/lib/router/index.js:34:10)
    at Layer.handle [as handle_request] (/home/hcsadmin/code/node_modules/express/lib/router/layer.js:34:3)
    at trim_prefix (/home/hcsadmin/code/node_modules/express/lib/router/index.js:34:10)
    at /home/hcsadmin/code/node_modules/express/lib/router/index.js:34:3
    at Function.process_params (/home/hcsadmin/code/node_modules/express/lib/router/index.js:34:10)
    at next (/home/hcsadmin/code/node_modules/express/lib/router/index.js:34:10)
    at /home/hcsadmin/code/node_modules/quicky/q-apps/index.js:34:10
    at Layer.handle [as handle_request] (/home/hcsadmin/code/node_modules/express/lib/router/layer.js:34:3)
    at trim_prefix (/home/hcsadmin/code/node_modules/express/lib/router/index.js:34:10)
    at /home/hcsadmin/code/node_modules/express/lib/router/index.js:34:3
    at Function.process_params (/home/hcsadmin/code/node_modules/express/lib/router/index.js:34:10)
    at next (/home/hcsadmin/code/node_modules/express/lib/router/index.js:34:10)
    at Immediate.<anonymous> (/home/hcsadmin/code/node_modules/express-session/index.js:34:3)
    at runCallback (timers.js:34:10)
    at tryOnImmediate (timers.js:34:3)
    at processImmediate [as _immediateCallback] (timers.js:34:3)

[2018-07-06T15:16:57.958] [ERROR] error - /home/hcsadmin/code/node_modules/quicky/q-apps/extension-request.js Error: Error: Failed to load template /home/hcsadmin/code/apps/admin/views/system/users.html
    at Object.sync (/home/hcsadmin/code/node_modules/quicky/q-sync/index.js:34:10)
    at IncomingMessage.req.render (/home/hcsadmin/code/node_modules/quicky/q-apps/extension-request.js:34:25)
    at hanlderCls._handler (/home/hcsadmin/code/node_modules/quicky/q-controller/index.js:34:25)
    at /home/hcsadmin/code/node_modules/quicky/q-apps/extension.js:34:39
    at Object.authenticate (/home/hcsadmin/code/apps/admin/index.js:34:3)
    at owner.handler (/home/hcsadmin/code/node_modules/quicky/q-apps/extension.js:34:45)
    at Layer.handle [as handle_request] (/home/hcsadmin/code/node_modules/express/lib/router/layer.js:34:3)
    at next (/home/hcsadmin/code/node_modules/express/lib/router/route.js:34:10)
    at Route.dispatch (/home/hcsadmin/code/node_modules/express/lib/router/route.js:34:3)
    at Layer.handle [as handle_request] (/home/hcsadmin/code/node_modules/express/lib/router/layer.js:34:3)
    at /home/hcsadmin/code/node_modules/express/lib/router/index.js:34:10
    at Function.process_params (/home/hcsadmin/code/node_modules/express/lib/router/index.js:34:10)
    at next (/home/hcsadmin/code/node_modules/express/lib/router/index.js:34:10)
    at Function.handle (/home/hcsadmin/code/node_modules/express/lib/router/index.js:34:3)
    at router (/home/hcsadmin/code/node_modules/express/lib/router/index.js:34:10)
    at Layer.handle [as handle_request] (/home/hcsadmin/code/node_modules/express/lib/router/layer.js:34:3)
    at trim_prefix (/home/hcsadmin/code/node_modules/express/lib/router/index.js:34:10)
    at /home/hcsadmin/code/node_modules/express/lib/router/index.js:34:3
    at Function.process_params (/home/hcsadmin/code/node_modules/express/lib/router/index.js:34:10)
    at next (/home/hcsadmin/code/node_modules/express/lib/router/index.js:34:10)
    at Function.handle (/home/hcsadmin/code/node_modules/express/lib/router/index.js:34:3)
    at router (/home/hcsadmin/code/node_modules/express/lib/router/index.js:34:10)
    at Layer.handle [as handle_request] (/home/hcsadmin/code/node_modules/express/lib/router/layer.js:34:3)
    at trim_prefix (/home/hcsadmin/code/node_modules/express/lib/router/index.js:34:10)
    at /home/hcsadmin/code/node_modules/express/lib/router/index.js:34:3
    at Function.process_params (/home/hcsadmin/code/node_modules/express/lib/router/index.js:34:10)
    at next (/home/hcsadmin/code/node_modules/express/lib/router/index.js:34:10)
    at /home/hcsadmin/code/node_modules/quicky/q-apps/index.js:34:10
    at Layer.handle [as handle_request] (/home/hcsadmin/code/node_modules/express/lib/router/layer.js:34:3)
    at trim_prefix (/home/hcsadmin/code/node_modules/express/lib/router/index.js:34:10)
    at /home/hcsadmin/code/node_modules/express/lib/router/index.js:34:3
    at Function.process_params (/home/hcsadmin/code/node_modules/express/lib/router/index.js:34:10)
    at next (/home/hcsadmin/code/node_modules/express/lib/router/index.js:34:10)
    at Immediate.<anonymous> (/home/hcsadmin/code/node_modules/express-session/index.js:34:3)
    at runCallback (timers.js:34:10)
    at tryOnImmediate (timers.js:34:3)
    at processImmediate [as _immediateCallback] (timers.js:34:3)

[2018-07-06T15:22:38.058] [ERROR] error - /home/hcsadmin/code/node_modules/quicky/q-apps/extension-request.js Error: Error: Failed to load template /home/hcsadmin/code/apps/admin/views/system/users.html
    at Object.sync (/home/hcsadmin/code/node_modules/quicky/q-sync/index.js:34:10)
    at IncomingMessage.req.render (/home/hcsadmin/code/node_modules/quicky/q-apps/extension-request.js:34:25)
    at hanlderCls._handler (/home/hcsadmin/code/node_modules/quicky/q-controller/index.js:34:25)
    at /home/hcsadmin/code/node_modules/quicky/q-apps/extension.js:34:39
    at Object.authenticate (/home/hcsadmin/code/apps/admin/index.js:34:3)
    at owner.handler (/home/hcsadmin/code/node_modules/quicky/q-apps/extension.js:34:45)
    at Layer.handle [as handle_request] (/home/hcsadmin/code/node_modules/express/lib/router/layer.js:34:3)
    at next (/home/hcsadmin/code/node_modules/express/lib/router/route.js:34:10)
    at Route.dispatch (/home/hcsadmin/code/node_modules/express/lib/router/route.js:34:3)
    at Layer.handle [as handle_request] (/home/hcsadmin/code/node_modules/express/lib/router/layer.js:34:3)
    at /home/hcsadmin/code/node_modules/express/lib/router/index.js:34:10
    at Function.process_params (/home/hcsadmin/code/node_modules/express/lib/router/index.js:34:10)
    at next (/home/hcsadmin/code/node_modules/express/lib/router/index.js:34:10)
    at Function.handle (/home/hcsadmin/code/node_modules/express/lib/router/index.js:34:3)
    at router (/home/hcsadmin/code/node_modules/express/lib/router/index.js:34:10)
    at Layer.handle [as handle_request] (/home/hcsadmin/code/node_modules/express/lib/router/layer.js:34:3)
    at trim_prefix (/home/hcsadmin/code/node_modules/express/lib/router/index.js:34:10)
    at /home/hcsadmin/code/node_modules/express/lib/router/index.js:34:3
    at Function.process_params (/home/hcsadmin/code/node_modules/express/lib/router/index.js:34:10)
    at next (/home/hcsadmin/code/node_modules/express/lib/router/index.js:34:10)
    at Function.handle (/home/hcsadmin/code/node_modules/express/lib/router/index.js:34:3)
    at router (/home/hcsadmin/code/node_modules/express/lib/router/index.js:34:10)
    at Layer.handle [as handle_request] (/home/hcsadmin/code/node_modules/express/lib/router/layer.js:34:3)
    at trim_prefix (/home/hcsadmin/code/node_modules/express/lib/router/index.js:34:10)
    at /home/hcsadmin/code/node_modules/express/lib/router/index.js:34:3
    at Function.process_params (/home/hcsadmin/code/node_modules/express/lib/router/index.js:34:10)
    at next (/home/hcsadmin/code/node_modules/express/lib/router/index.js:34:10)
    at /home/hcsadmin/code/node_modules/quicky/q-apps/index.js:34:10
    at Layer.handle [as handle_request] (/home/hcsadmin/code/node_modules/express/lib/router/layer.js:34:3)
    at trim_prefix (/home/hcsadmin/code/node_modules/express/lib/router/index.js:34:10)
    at /home/hcsadmin/code/node_modules/express/lib/router/index.js:34:3
    at Function.process_params (/home/hcsadmin/code/node_modules/express/lib/router/index.js:34:10)
    at next (/home/hcsadmin/code/node_modules/express/lib/router/index.js:34:10)
    at Immediate.<anonymous> (/home/hcsadmin/code/node_modules/express-session/index.js:34:3)
    at runCallback (timers.js:34:10)
    at tryOnImmediate (timers.js:34:3)
    at processImmediate [as _immediateCallback] (timers.js:34:3)

[2018-07-06T15:22:49.710] [ERROR] error - /home/hcsadmin/code/node_modules/quicky/q-apps/extension-request.js Error: Error: Failed to load template /home/hcsadmin/code/apps/admin/views/system/users.html
    at Object.sync (/home/hcsadmin/code/node_modules/quicky/q-sync/index.js:34:10)
    at IncomingMessage.req.render (/home/hcsadmin/code/node_modules/quicky/q-apps/extension-request.js:34:25)
    at hanlderCls._handler (/home/hcsadmin/code/node_modules/quicky/q-controller/index.js:34:25)
    at /home/hcsadmin/code/node_modules/quicky/q-apps/extension.js:34:39
    at Object.authenticate (/home/hcsadmin/code/apps/admin/index.js:34:3)
    at owner.handler (/home/hcsadmin/code/node_modules/quicky/q-apps/extension.js:34:45)
    at Layer.handle [as handle_request] (/home/hcsadmin/code/node_modules/express/lib/router/layer.js:34:3)
    at next (/home/hcsadmin/code/node_modules/express/lib/router/route.js:34:10)
    at Route.dispatch (/home/hcsadmin/code/node_modules/express/lib/router/route.js:34:3)
    at Layer.handle [as handle_request] (/home/hcsadmin/code/node_modules/express/lib/router/layer.js:34:3)
    at /home/hcsadmin/code/node_modules/express/lib/router/index.js:34:10
    at Function.process_params (/home/hcsadmin/code/node_modules/express/lib/router/index.js:34:10)
    at next (/home/hcsadmin/code/node_modules/express/lib/router/index.js:34:10)
    at Function.handle (/home/hcsadmin/code/node_modules/express/lib/router/index.js:34:3)
    at router (/home/hcsadmin/code/node_modules/express/lib/router/index.js:34:10)
    at Layer.handle [as handle_request] (/home/hcsadmin/code/node_modules/express/lib/router/layer.js:34:3)
    at trim_prefix (/home/hcsadmin/code/node_modules/express/lib/router/index.js:34:10)
    at /home/hcsadmin/code/node_modules/express/lib/router/index.js:34:3
    at Function.process_params (/home/hcsadmin/code/node_modules/express/lib/router/index.js:34:10)
    at next (/home/hcsadmin/code/node_modules/express/lib/router/index.js:34:10)
    at Function.handle (/home/hcsadmin/code/node_modules/express/lib/router/index.js:34:3)
    at router (/home/hcsadmin/code/node_modules/express/lib/router/index.js:34:10)
    at Layer.handle [as handle_request] (/home/hcsadmin/code/node_modules/express/lib/router/layer.js:34:3)
    at trim_prefix (/home/hcsadmin/code/node_modules/express/lib/router/index.js:34:10)
    at /home/hcsadmin/code/node_modules/express/lib/router/index.js:34:3
    at Function.process_params (/home/hcsadmin/code/node_modules/express/lib/router/index.js:34:10)
    at next (/home/hcsadmin/code/node_modules/express/lib/router/index.js:34:10)
    at /home/hcsadmin/code/node_modules/quicky/q-apps/index.js:34:10
    at Layer.handle [as handle_request] (/home/hcsadmin/code/node_modules/express/lib/router/layer.js:34:3)
    at trim_prefix (/home/hcsadmin/code/node_modules/express/lib/router/index.js:34:10)
    at /home/hcsadmin/code/node_modules/express/lib/router/index.js:34:3
    at Function.process_params (/home/hcsadmin/code/node_modules/express/lib/router/index.js:34:10)
    at next (/home/hcsadmin/code/node_modules/express/lib/router/index.js:34:10)
    at Immediate.<anonymous> (/home/hcsadmin/code/node_modules/express-session/index.js:34:3)
    at runCallback (timers.js:34:10)
    at tryOnImmediate (timers.js:34:3)
    at processImmediate [as _immediateCallback] (timers.js:34:3)

[2018-07-06T16:12:27.907] [ERROR] error - /home/hcsadmin/code/node_modules/quicky/q-apps/extension-request.js Error: Error: Failed to load template /home/hcsadmin/code/apps/admin/views/system/users.html
    at Object.sync (/home/hcsadmin/code/node_modules/quicky/q-sync/index.js:34:10)
    at IncomingMessage.req.render (/home/hcsadmin/code/node_modules/quicky/q-apps/extension-request.js:34:25)
    at hanlderCls._handler (/home/hcsadmin/code/node_modules/quicky/q-controller/index.js:34:25)
    at /home/hcsadmin/code/node_modules/quicky/q-apps/extension.js:34:39
    at Object.authenticate (/home/hcsadmin/code/apps/admin/index.js:34:3)
    at owner.handler (/home/hcsadmin/code/node_modules/quicky/q-apps/extension.js:34:45)
    at Layer.handle [as handle_request] (/home/hcsadmin/code/node_modules/express/lib/router/layer.js:34:3)
    at next (/home/hcsadmin/code/node_modules/express/lib/router/route.js:34:10)
    at Route.dispatch (/home/hcsadmin/code/node_modules/express/lib/router/route.js:34:3)
    at Layer.handle [as handle_request] (/home/hcsadmin/code/node_modules/express/lib/router/layer.js:34:3)
    at /home/hcsadmin/code/node_modules/express/lib/router/index.js:34:10
    at Function.process_params (/home/hcsadmin/code/node_modules/express/lib/router/index.js:34:10)
    at next (/home/hcsadmin/code/node_modules/express/lib/router/index.js:34:10)
    at Function.handle (/home/hcsadmin/code/node_modules/express/lib/router/index.js:34:3)
    at router (/home/hcsadmin/code/node_modules/express/lib/router/index.js:34:10)
    at Layer.handle [as handle_request] (/home/hcsadmin/code/node_modules/express/lib/router/layer.js:34:3)
    at trim_prefix (/home/hcsadmin/code/node_modules/express/lib/router/index.js:34:10)
    at /home/hcsadmin/code/node_modules/express/lib/router/index.js:34:3
    at Function.process_params (/home/hcsadmin/code/node_modules/express/lib/router/index.js:34:10)
    at next (/home/hcsadmin/code/node_modules/express/lib/router/index.js:34:10)
    at Function.handle (/home/hcsadmin/code/node_modules/express/lib/router/index.js:34:3)
    at router (/home/hcsadmin/code/node_modules/express/lib/router/index.js:34:10)
    at Layer.handle [as handle_request] (/home/hcsadmin/code/node_modules/express/lib/router/layer.js:34:3)
    at trim_prefix (/home/hcsadmin/code/node_modules/express/lib/router/index.js:34:10)
    at /home/hcsadmin/code/node_modules/express/lib/router/index.js:34:3
    at Function.process_params (/home/hcsadmin/code/node_modules/express/lib/router/index.js:34:10)
    at next (/home/hcsadmin/code/node_modules/express/lib/router/index.js:34:10)
    at /home/hcsadmin/code/node_modules/quicky/q-apps/index.js:34:10
    at Layer.handle [as handle_request] (/home/hcsadmin/code/node_modules/express/lib/router/layer.js:34:3)
    at trim_prefix (/home/hcsadmin/code/node_modules/express/lib/router/index.js:34:10)
    at /home/hcsadmin/code/node_modules/express/lib/router/index.js:34:3
    at Function.process_params (/home/hcsadmin/code/node_modules/express/lib/router/index.js:34:10)
    at next (/home/hcsadmin/code/node_modules/express/lib/router/index.js:34:10)
    at Immediate.<anonymous> (/home/hcsadmin/code/node_modules/express-session/index.js:34:3)
    at runCallback (timers.js:34:10)
    at tryOnImmediate (timers.js:34:3)
    at processImmediate [as _immediateCallback] (timers.js:34:3)

[2018-07-06T16:12:31.302] [ERROR] error - /home/hcsadmin/code/node_modules/quicky/q-apps/extension-request.js Error: Error: Failed to load template /home/hcsadmin/code/apps/admin/views/system/users.html
    at Object.sync (/home/hcsadmin/code/node_modules/quicky/q-sync/index.js:34:10)
    at IncomingMessage.req.render (/home/hcsadmin/code/node_modules/quicky/q-apps/extension-request.js:34:25)
    at hanlderCls._handler (/home/hcsadmin/code/node_modules/quicky/q-controller/index.js:34:25)
    at /home/hcsadmin/code/node_modules/quicky/q-apps/extension.js:34:39
    at Object.authenticate (/home/hcsadmin/code/apps/admin/index.js:34:3)
    at owner.handler (/home/hcsadmin/code/node_modules/quicky/q-apps/extension.js:34:45)
    at Layer.handle [as handle_request] (/home/hcsadmin/code/node_modules/express/lib/router/layer.js:34:3)
    at next (/home/hcsadmin/code/node_modules/express/lib/router/route.js:34:10)
    at Route.dispatch (/home/hcsadmin/code/node_modules/express/lib/router/route.js:34:3)
    at Layer.handle [as handle_request] (/home/hcsadmin/code/node_modules/express/lib/router/layer.js:34:3)
    at /home/hcsadmin/code/node_modules/express/lib/router/index.js:34:10
    at Function.process_params (/home/hcsadmin/code/node_modules/express/lib/router/index.js:34:10)
    at next (/home/hcsadmin/code/node_modules/express/lib/router/index.js:34:10)
    at Function.handle (/home/hcsadmin/code/node_modules/express/lib/router/index.js:34:3)
    at router (/home/hcsadmin/code/node_modules/express/lib/router/index.js:34:10)
    at Layer.handle [as handle_request] (/home/hcsadmin/code/node_modules/express/lib/router/layer.js:34:3)
    at trim_prefix (/home/hcsadmin/code/node_modules/express/lib/router/index.js:34:10)
    at /home/hcsadmin/code/node_modules/express/lib/router/index.js:34:3
    at Function.process_params (/home/hcsadmin/code/node_modules/express/lib/router/index.js:34:10)
    at next (/home/hcsadmin/code/node_modules/express/lib/router/index.js:34:10)
    at Function.handle (/home/hcsadmin/code/node_modules/express/lib/router/index.js:34:3)
    at router (/home/hcsadmin/code/node_modules/express/lib/router/index.js:34:10)
    at Layer.handle [as handle_request] (/home/hcsadmin/code/node_modules/express/lib/router/layer.js:34:3)
    at trim_prefix (/home/hcsadmin/code/node_modules/express/lib/router/index.js:34:10)
    at /home/hcsadmin/code/node_modules/express/lib/router/index.js:34:3
    at Function.process_params (/home/hcsadmin/code/node_modules/express/lib/router/index.js:34:10)
    at next (/home/hcsadmin/code/node_modules/express/lib/router/index.js:34:10)
    at /home/hcsadmin/code/node_modules/quicky/q-apps/index.js:34:10
    at Layer.handle [as handle_request] (/home/hcsadmin/code/node_modules/express/lib/router/layer.js:34:3)
    at trim_prefix (/home/hcsadmin/code/node_modules/express/lib/router/index.js:34:10)
    at /home/hcsadmin/code/node_modules/express/lib/router/index.js:34:3
    at Function.process_params (/home/hcsadmin/code/node_modules/express/lib/router/index.js:34:10)
    at next (/home/hcsadmin/code/node_modules/express/lib/router/index.js:34:10)
    at Immediate.<anonymous> (/home/hcsadmin/code/node_modules/express-session/index.js:34:3)
    at runCallback (timers.js:34:10)
    at tryOnImmediate (timers.js:34:3)
    at processImmediate [as _immediateCallback] (timers.js:34:3)

[2018-07-06T16:17:32.568] [ERROR] error - /home/hcsadmin/code/packages/quicky/q-apps/extension-request.js Error: Error: Failed to load template /home/hcsadmin/code/apps/admin/views/system/users.html
    at Object.sync (/home/hcsadmin/code/packages/quicky/q-sync/index.js:34:10)
    at IncomingMessage.req.render (/home/hcsadmin/code/packages/quicky/q-apps/extension-request.js:34:25)
    at hanlderCls._handler (/home/hcsadmin/code/packages/quicky/q-controller/index.js:34:25)
    at /home/hcsadmin/code/packages/quicky/q-apps/extension.js:34:39
    at Object.authenticate (/home/hcsadmin/code/apps/admin/index.js:34:3)
    at owner.handler (/home/hcsadmin/code/packages/quicky/q-apps/extension.js:34:45)
    at Layer.handle [as handle_request] (/home/hcsadmin/code/node_modules/express/lib/router/layer.js:34:3)
    at next (/home/hcsadmin/code/node_modules/express/lib/router/route.js:34:10)
    at Route.dispatch (/home/hcsadmin/code/node_modules/express/lib/router/route.js:34:3)
    at Layer.handle [as handle_request] (/home/hcsadmin/code/node_modules/express/lib/router/layer.js:34:3)
    at /home/hcsadmin/code/node_modules/express/lib/router/index.js:34:10
    at Function.process_params (/home/hcsadmin/code/node_modules/express/lib/router/index.js:34:10)
    at next (/home/hcsadmin/code/node_modules/express/lib/router/index.js:34:10)
    at Function.handle (/home/hcsadmin/code/node_modules/express/lib/router/index.js:34:3)
    at router (/home/hcsadmin/code/node_modules/express/lib/router/index.js:34:10)
    at Layer.handle [as handle_request] (/home/hcsadmin/code/node_modules/express/lib/router/layer.js:34:3)
    at trim_prefix (/home/hcsadmin/code/node_modules/express/lib/router/index.js:34:10)
    at /home/hcsadmin/code/node_modules/express/lib/router/index.js:34:3
    at Function.process_params (/home/hcsadmin/code/node_modules/express/lib/router/index.js:34:10)
    at next (/home/hcsadmin/code/node_modules/express/lib/router/index.js:34:10)
    at Function.handle (/home/hcsadmin/code/node_modules/express/lib/router/index.js:34:3)
    at router (/home/hcsadmin/code/node_modules/express/lib/router/index.js:34:10)
    at Layer.handle [as handle_request] (/home/hcsadmin/code/node_modules/express/lib/router/layer.js:34:3)
    at trim_prefix (/home/hcsadmin/code/node_modules/express/lib/router/index.js:34:10)
    at /home/hcsadmin/code/node_modules/express/lib/router/index.js:34:3
    at Function.process_params (/home/hcsadmin/code/node_modules/express/lib/router/index.js:34:10)
    at next (/home/hcsadmin/code/node_modules/express/lib/router/index.js:34:10)
    at /home/hcsadmin/code/packages/quicky/q-apps/index.js:34:10
    at Layer.handle [as handle_request] (/home/hcsadmin/code/node_modules/express/lib/router/layer.js:34:3)
    at trim_prefix (/home/hcsadmin/code/node_modules/express/lib/router/index.js:34:10)
    at /home/hcsadmin/code/node_modules/express/lib/router/index.js:34:3
    at Function.process_params (/home/hcsadmin/code/node_modules/express/lib/router/index.js:34:10)
    at next (/home/hcsadmin/code/node_modules/express/lib/router/index.js:34:10)
    at Immediate.<anonymous> (/home/hcsadmin/code/node_modules/express-session/index.js:34:3)
    at runCallback (timers.js:34:10)
    at tryOnImmediate (timers.js:34:3)
    at processImmediate [as _immediateCallback] (timers.js:34:3)

[2018-07-06T17:56:00.352] [ERROR] error - /home/hcsadmin/code/packages/quicky/q-apps/index.js { name: 'admin', dir: 'apps/admin', hostDir: 'admin' }
[2018-07-06T17:57:27.679] [ERROR] error - /home/hcsadmin/code/packages/quicky/q-apps/index.js { name: 'admin', dir: 'apps/admin', hostDir: 'admin' }
[2018-07-06T17:58:24.197] [ERROR] error - /home/hcsadmin/code/packages/quicky/q-apps/index.js { name: 'admin', dir: 'apps/admin', hostDir: 'admin' }
