[2018-07-04T20:45:38.065] [ERROR] error - E:\code\nodejs\n-app\packages\quicky\q-apps\extension-request.js Error: TypeError: Cannot read property 'length' of undefined in e:\code\nodejs\n-app\apps\candidate-admin\templates\common\body.siderbar.html on line 5
    at Object.sync (E:\code\nodejs\n-app\packages\quicky\q-sync\index.js:14:10)
    at IncomingMessage.req.render (E:\code\nodejs\n-app\packages\quicky\q-apps\extension-request.js:14:25)
    at E:\code\nodejs\n-app\packages\quicky\q-controller\index.js:14:25
    at Object.load (e:\code\nodejs\n-app\apps\candidate-admin\views\index.js:3:15)
    at hanlderCls.module.exports [as _handler] (E:\code\nodejs\n-app\packages\quicky\q-controller\index.js:14:10)
    at E:\code\nodejs\n-app\packages\quicky\q-apps\extension.js:14:39
    at Object.authenticate (e:\code\nodejs\n-app\apps\candidate-admin\auth.js:8:3)
    at me.url.owner.handler (E:\code\nodejs\n-app\packages\quicky\q-apps\extension.js:14:45)
    at Layer.handle [as handle_request] (e:\code\nodejs\n-app\node_modules\express\lib\router\layer.js:14:3)
    at next (e:\code\nodejs\n-app\node_modules\express\lib\router\route.js:14:10)
    at Route.dispatch (e:\code\nodejs\n-app\node_modules\express\lib\router\route.js:14:3)
    at Layer.handle [as handle_request] (e:\code\nodejs\n-app\node_modules\express\lib\router\layer.js:14:3)
    at e:\code\nodejs\n-app\node_modules\express\lib\router\index.js:14:10
    at Function.process_params (e:\code\nodejs\n-app\node_modules\express\lib\router\index.js:14:10)
    at next (e:\code\nodejs\n-app\node_modules\express\lib\router\index.js:14:10)
    at Function.handle (e:\code\nodejs\n-app\node_modules\express\lib\router\index.js:14:3)
    at router (e:\code\nodejs\n-app\node_modules\express\lib\router\index.js:14:10)
    at Layer.handle [as handle_request] (E:\code\nodejs\n-app\node_modules\express\lib\router\layer.js:14:3)
    at trim_prefix (E:\code\nodejs\n-app\node_modules\express\lib\router\index.js:14:10)
    at E:\code\nodejs\n-app\node_modules\express\lib\router\index.js:14:3
    at Function.process_params (E:\code\nodejs\n-app\node_modules\express\lib\router\index.js:14:10)
    at next (E:\code\nodejs\n-app\node_modules\express\lib\router\index.js:14:10)
    at Function.handle (E:\code\nodejs\n-app\node_modules\express\lib\router\index.js:14:3)
    at router (E:\code\nodejs\n-app\node_modules\express\lib\router\index.js:14:10)
    at Layer.handle [as handle_request] (E:\code\nodejs\n-app\node_modules\express\lib\router\layer.js:14:3)
    at trim_prefix (E:\code\nodejs\n-app\node_modules\express\lib\router\index.js:14:10)
    at E:\code\nodejs\n-app\node_modules\express\lib\router\index.js:14:3
    at Function.process_params (E:\code\nodejs\n-app\node_modules\express\lib\router\index.js:14:10)
    at next (E:\code\nodejs\n-app\node_modules\express\lib\router\index.js:14:10)
    at E:\code\nodejs\n-app\packages\quicky\q-apps\index.js:14:10
    at Layer.handle [as handle_request] (E:\code\nodejs\n-app\node_modules\express\lib\router\layer.js:14:3)
    at trim_prefix (E:\code\nodejs\n-app\node_modules\express\lib\router\index.js:14:10)
    at E:\code\nodejs\n-app\node_modules\express\lib\router\index.js:14:3
    at Function.process_params (E:\code\nodejs\n-app\node_modules\express\lib\router\index.js:14:10)
    at next (E:\code\nodejs\n-app\node_modules\express\lib\router\index.js:14:10)
    at Immediate.<anonymous> (E:\code\nodejs\n-app\node_modules\express-session\index.js:14:3)
    at runCallback (timers.js:14:10)
    at tryOnImmediate (timers.js:14:3)
    at processImmediate [as _immediateCallback] (timers.js:14:3)

[2018-07-04T20:46:56.417] [ERROR] error - E:\code\nodejs\n-app\packages\quicky\q-apps\extension-request.js Error: TypeError: Cannot read property 'length' of undefined in e:\code\nodejs\n-app\apps\candidate-admin\templates\common\body.siderbar.html on line 5
    at Object.sync (E:\code\nodejs\n-app\packages\quicky\q-sync\index.js:15:10)
    at IncomingMessage.req.render (E:\code\nodejs\n-app\packages\quicky\q-apps\extension-request.js:15:25)
    at E:\code\nodejs\n-app\packages\quicky\q-controller\index.js:15:25
    at Object.load (e:\code\nodejs\n-app\apps\candidate-admin\views\index.js:3:15)
    at hanlderCls.module.exports [as _handler] (E:\code\nodejs\n-app\packages\quicky\q-controller\index.js:15:10)
    at E:\code\nodejs\n-app\packages\quicky\q-apps\extension.js:15:39
    at Object.authenticate (e:\code\nodejs\n-app\apps\candidate-admin\auth.js:7:1)
    at me.url.owner.handler (E:\code\nodejs\n-app\packages\quicky\q-apps\extension.js:15:45)
    at Layer.handle [as handle_request] (e:\code\nodejs\n-app\node_modules\express\lib\router\layer.js:15:3)
    at next (e:\code\nodejs\n-app\node_modules\express\lib\router\route.js:15:10)
    at Route.dispatch (e:\code\nodejs\n-app\node_modules\express\lib\router\route.js:15:3)
    at Layer.handle [as handle_request] (e:\code\nodejs\n-app\node_modules\express\lib\router\layer.js:15:3)
    at e:\code\nodejs\n-app\node_modules\express\lib\router\index.js:15:10
    at Function.process_params (e:\code\nodejs\n-app\node_modules\express\lib\router\index.js:15:10)
    at next (e:\code\nodejs\n-app\node_modules\express\lib\router\index.js:15:10)
    at Function.handle (e:\code\nodejs\n-app\node_modules\express\lib\router\index.js:15:3)
    at router (e:\code\nodejs\n-app\node_modules\express\lib\router\index.js:15:10)
    at Layer.handle [as handle_request] (E:\code\nodejs\n-app\node_modules\express\lib\router\layer.js:15:3)
    at trim_prefix (E:\code\nodejs\n-app\node_modules\express\lib\router\index.js:15:10)
    at E:\code\nodejs\n-app\node_modules\express\lib\router\index.js:15:3
    at Function.process_params (E:\code\nodejs\n-app\node_modules\express\lib\router\index.js:15:10)
    at next (E:\code\nodejs\n-app\node_modules\express\lib\router\index.js:15:10)
    at Function.handle (E:\code\nodejs\n-app\node_modules\express\lib\router\index.js:15:3)
    at router (E:\code\nodejs\n-app\node_modules\express\lib\router\index.js:15:10)
    at Layer.handle [as handle_request] (E:\code\nodejs\n-app\node_modules\express\lib\router\layer.js:15:3)
    at trim_prefix (E:\code\nodejs\n-app\node_modules\express\lib\router\index.js:15:10)
    at E:\code\nodejs\n-app\node_modules\express\lib\router\index.js:15:3
    at Function.process_params (E:\code\nodejs\n-app\node_modules\express\lib\router\index.js:15:10)
    at next (E:\code\nodejs\n-app\node_modules\express\lib\router\index.js:15:10)
    at E:\code\nodejs\n-app\packages\quicky\q-apps\index.js:15:10
    at Layer.handle [as handle_request] (E:\code\nodejs\n-app\node_modules\express\lib\router\layer.js:15:3)
    at trim_prefix (E:\code\nodejs\n-app\node_modules\express\lib\router\index.js:15:10)
    at E:\code\nodejs\n-app\node_modules\express\lib\router\index.js:15:3
    at Function.process_params (E:\code\nodejs\n-app\node_modules\express\lib\router\index.js:15:10)
    at next (E:\code\nodejs\n-app\node_modules\express\lib\router\index.js:15:10)
    at Immediate.<anonymous> (E:\code\nodejs\n-app\node_modules\express-session\index.js:15:3)
    at runCallback (timers.js:15:10)
    at tryOnImmediate (timers.js:15:3)
    at processImmediate [as _immediateCallback] (timers.js:15:3)

