[2018-07-07T11:43:55.736] [INFO] info - E:\code\nodejs\n-app-02\packages\quicky\q-apps\index.js load app:{"name":"example","dir":"apps/example","hostDir":"exp","fullHostDir":"e:\\code\\nodejs\\n-app-02\\apps/example","_mdl":{}}
[2018-07-07T11:43:56.580] [INFO] info - E:\code\nodejs\n-app-02\packages\quicky\q-apps\index.js load app:{"name":"cms","dir":"apps/cms","hostDir":"cms","fullHostDir":"e:\\code\\nodejs\\n-app-02\\apps/cms","_mdl":{}}
[2018-07-07T11:43:58.859] [INFO] info - E:\code\nodejs\n-app-02\packages\quicky\q-apps\index.js load app:{"name":"candidate","dir":"apps/candidate","hostDir":"candidate","fullHostDir":"e:\\code\\nodejs\\n-app-02\\apps/candidate","_mdl":{}}
[2018-07-07T11:43:58.888] [INFO] info - E:\code\nodejs\n-app-02\packages\quicky\q-apps\index.js load app:{"name":"candidate-admin","dir":"apps/candidate-admin","hostDir":"candidate-admin","fullHostDir":"e:\\code\\nodejs\\n-app-02\\apps/candidate-admin","_mdl":{}}
[2018-07-07T11:43:58.901] [INFO] info - E:\code\nodejs\n-app-02\packages\quicky\q-apps\index.js load app:{"name":"admin","dir":"apps/admin","hostDir":"admin","fullHostDir":"e:\\code\\nodejs\\n-app-02\\apps/admin","_mdl":{}}
[2018-07-07T12:15:37.209] [INFO] info - E:\code\nodejs\n-app-02\packages\quicky\q-apps\index.js load app:{"name":"example","dir":"apps/example","hostDir":"exp","fullHostDir":"e:\\code\\nodejs\\n-app-02\\apps/example","_mdl":{}}
[2018-07-07T12:15:37.216] [INFO] info - E:\code\nodejs\n-app-02\packages\quicky\q-apps\index.js load app:{"name":"cms","dir":"apps/cms","hostDir":"cms","fullHostDir":"e:\\code\\nodejs\\n-app-02\\apps/cms","_mdl":{}}
[2018-07-07T12:15:37.273] [INFO] info - E:\code\nodejs\n-app-02\packages\quicky\q-apps\index.js load app:{"name":"candidate","dir":"apps/candidate","hostDir":"candidate","fullHostDir":"e:\\code\\nodejs\\n-app-02\\apps/candidate","_mdl":{}}
[2018-07-07T12:15:37.305] [INFO] info - E:\code\nodejs\n-app-02\packages\quicky\q-apps\index.js load app:{"name":"candidate-admin","dir":"apps/candidate-admin","hostDir":"candidate-admin","fullHostDir":"e:\\code\\nodejs\\n-app-02\\apps/candidate-admin","_mdl":{}}
[2018-07-07T12:15:37.320] [INFO] info - E:\code\nodejs\n-app-02\packages\quicky\q-apps\index.js load app:{"name":"admin","dir":"apps/admin","hostDir":"admin","fullHostDir":"e:\\code\\nodejs\\n-app-02\\apps/admin","_mdl":{}}
[2018-07-07T12:16:19.727] [INFO] info - E:\code\nodejs\n-app-02\packages\quicky\q-apps\index.js load app:{"name":"example","dir":"apps/example","hostDir":"exp","fullHostDir":"e:\\code\\nodejs\\n-app-02\\apps/example","_mdl":{}}
[2018-07-07T12:16:19.734] [INFO] info - E:\code\nodejs\n-app-02\packages\quicky\q-apps\index.js load app:{"name":"cms","dir":"apps/cms","hostDir":"cms","fullHostDir":"e:\\code\\nodejs\\n-app-02\\apps/cms","_mdl":{}}
[2018-07-07T12:16:19.754] [INFO] info - E:\code\nodejs\n-app-02\packages\quicky\q-apps\index.js load app:{"name":"candidate","dir":"apps/candidate","hostDir":"candidate","fullHostDir":"e:\\code\\nodejs\\n-app-02\\apps/candidate","_mdl":{}}
[2018-07-07T12:16:19.769] [INFO] info - E:\code\nodejs\n-app-02\packages\quicky\q-apps\index.js load app:{"name":"candidate-admin","dir":"apps/candidate-admin","hostDir":"candidate-admin","fullHostDir":"e:\\code\\nodejs\\n-app-02\\apps/candidate-admin","_mdl":{}}
[2018-07-07T12:16:19.779] [INFO] info - E:\code\nodejs\n-app-02\packages\quicky\q-apps\index.js load app:{"name":"admin","dir":"apps/admin","hostDir":"admin","fullHostDir":"e:\\code\\nodejs\\n-app-02\\apps/admin","_mdl":{}}
[2018-07-07T12:30:46.672] [INFO] info - E:\code\nodejs\n-app-02\packages\quicky\q-apps\index.js load app:{"name":"example","dir":"apps/example","hostDir":"exp","fullHostDir":"e:\\code\\nodejs\\n-app-02\\apps/example","_mdl":{}}
[2018-07-07T12:30:46.680] [INFO] info - E:\code\nodejs\n-app-02\packages\quicky\q-apps\index.js load app:{"name":"cms","dir":"apps/cms","hostDir":"cms","fullHostDir":"e:\\code\\nodejs\\n-app-02\\apps/cms","_mdl":{}}
[2018-07-07T12:30:46.701] [INFO] info - E:\code\nodejs\n-app-02\packages\quicky\q-apps\index.js load app:{"name":"candidate","dir":"apps/candidate","hostDir":"candidate","fullHostDir":"e:\\code\\nodejs\\n-app-02\\apps/candidate","_mdl":{}}
[2018-07-07T12:30:46.715] [INFO] info - E:\code\nodejs\n-app-02\packages\quicky\q-apps\index.js load app:{"name":"candidate-admin","dir":"apps/candidate-admin","hostDir":"candidate-admin","fullHostDir":"e:\\code\\nodejs\\n-app-02\\apps/candidate-admin","_mdl":{}}
[2018-07-07T12:30:46.724] [INFO] info - E:\code\nodejs\n-app-02\packages\quicky\q-apps\index.js load app:{"name":"admin","dir":"apps/admin","hostDir":"admin","fullHostDir":"e:\\code\\nodejs\\n-app-02\\apps/admin","_mdl":{}}
[2018-07-07T12:36:59.192] [INFO] info - E:\code\nodejs\n-app-02\packages\quicky\q-apps\index.js load app:{"name":"example","dir":"apps/example","hostDir":"exp","fullHostDir":"e:\\code\\nodejs\\n-app-02\\apps/example","_mdl":{}}
[2018-07-07T12:36:59.198] [INFO] info - E:\code\nodejs\n-app-02\packages\quicky\q-apps\index.js load app:{"name":"cms","dir":"apps/cms","hostDir":"cms","fullHostDir":"e:\\code\\nodejs\\n-app-02\\apps/cms","_mdl":{}}
[2018-07-07T12:36:59.217] [INFO] info - E:\code\nodejs\n-app-02\packages\quicky\q-apps\index.js load app:{"name":"candidate","dir":"apps/candidate","hostDir":"candidate","fullHostDir":"e:\\code\\nodejs\\n-app-02\\apps/candidate","_mdl":{}}
[2018-07-07T12:36:59.232] [INFO] info - E:\code\nodejs\n-app-02\packages\quicky\q-apps\index.js load app:{"name":"candidate-admin","dir":"apps/candidate-admin","hostDir":"candidate-admin","fullHostDir":"e:\\code\\nodejs\\n-app-02\\apps/candidate-admin","_mdl":{}}
[2018-07-07T12:36:59.241] [INFO] info - E:\code\nodejs\n-app-02\packages\quicky\q-apps\index.js load app:{"name":"admin","dir":"apps/admin","hostDir":"admin","fullHostDir":"e:\\code\\nodejs\\n-app-02\\apps/admin","_mdl":{}}
[2018-07-07T12:38:23.800] [INFO] info - E:\code\nodejs\n-app-02\packages\quicky\q-apps\index.js load app:{"name":"example","dir":"apps/example","hostDir":"exp","fullHostDir":"e:\\code\\nodejs\\n-app-02\\apps/example","_mdl":{}}
[2018-07-07T12:38:23.806] [INFO] info - E:\code\nodejs\n-app-02\packages\quicky\q-apps\index.js load app:{"name":"cms","dir":"apps/cms","hostDir":"cms","fullHostDir":"e:\\code\\nodejs\\n-app-02\\apps/cms","_mdl":{}}
[2018-07-07T12:38:23.824] [INFO] info - E:\code\nodejs\n-app-02\packages\quicky\q-apps\index.js load app:{"name":"candidate","dir":"apps/candidate","hostDir":"candidate","fullHostDir":"e:\\code\\nodejs\\n-app-02\\apps/candidate","_mdl":{}}
[2018-07-07T12:38:23.839] [INFO] info - E:\code\nodejs\n-app-02\packages\quicky\q-apps\index.js load app:{"name":"candidate-admin","dir":"apps/candidate-admin","hostDir":"candidate-admin","fullHostDir":"e:\\code\\nodejs\\n-app-02\\apps/candidate-admin","_mdl":{}}
[2018-07-07T12:38:23.849] [INFO] info - E:\code\nodejs\n-app-02\packages\quicky\q-apps\index.js load app:{"name":"admin","dir":"apps/admin","hostDir":"admin","fullHostDir":"e:\\code\\nodejs\\n-app-02\\apps/admin","_mdl":{}}
[2018-07-07T14:39:23.664] [INFO] info - E:\code\nodejs\n-app-02\packages\quicky\q-apps\index.js load app:{"name":"example","dir":"apps/example","hostDir":"exp","fullHostDir":"e:\\code\\nodejs\\n-app-02\\apps/example","_mdl":{}}
[2018-07-07T14:39:23.670] [INFO] info - E:\code\nodejs\n-app-02\packages\quicky\q-apps\index.js load app:{"name":"cms","dir":"apps/cms","hostDir":"cms","fullHostDir":"e:\\code\\nodejs\\n-app-02\\apps/cms","_mdl":{}}
[2018-07-07T14:39:23.690] [INFO] info - E:\code\nodejs\n-app-02\packages\quicky\q-apps\index.js load app:{"name":"candidate","dir":"apps/candidate","hostDir":"candidate","fullHostDir":"e:\\code\\nodejs\\n-app-02\\apps/candidate","_mdl":{}}
[2018-07-07T14:39:23.704] [INFO] info - E:\code\nodejs\n-app-02\packages\quicky\q-apps\index.js load app:{"name":"candidate-admin","dir":"apps/candidate-admin","hostDir":"candidate-admin","fullHostDir":"e:\\code\\nodejs\\n-app-02\\apps/candidate-admin","_mdl":{}}
[2018-07-07T14:39:23.713] [INFO] info - E:\code\nodejs\n-app-02\packages\quicky\q-apps\index.js load app:{"name":"admin","dir":"apps/admin","hostDir":"admin","fullHostDir":"e:\\code\\nodejs\\n-app-02\\apps/admin","_mdl":{}}
[2018-07-07T14:48:52.330] [INFO] info - E:\code\nodejs\n-app-02\packages\quicky\q-apps\index.js load app:{"name":"example","dir":"apps/example","hostDir":"exp","fullHostDir":"e:\\code\\nodejs\\n-app-02\\apps/example","_mdl":{}}
[2018-07-07T14:48:52.336] [INFO] info - E:\code\nodejs\n-app-02\packages\quicky\q-apps\index.js load app:{"name":"cms","dir":"apps/cms","hostDir":"cms","fullHostDir":"e:\\code\\nodejs\\n-app-02\\apps/cms","_mdl":{}}
[2018-07-07T14:48:52.360] [INFO] info - E:\code\nodejs\n-app-02\packages\quicky\q-apps\index.js load app:{"name":"candidate","dir":"apps/candidate","hostDir":"candidate","fullHostDir":"e:\\code\\nodejs\\n-app-02\\apps/candidate","_mdl":{}}
[2018-07-07T14:48:52.376] [INFO] info - E:\code\nodejs\n-app-02\packages\quicky\q-apps\index.js load app:{"name":"candidate-admin","dir":"apps/candidate-admin","hostDir":"candidate-admin","fullHostDir":"e:\\code\\nodejs\\n-app-02\\apps/candidate-admin","_mdl":{}}
[2018-07-07T14:48:52.481] [INFO] info - E:\code\nodejs\n-app-02\packages\quicky\q-apps\index.js load app:{"name":"admin","dir":"apps/admin","hostDir":"admin","fullHostDir":"e:\\code\\nodejs\\n-app-02\\apps/admin","_mdl":{}}
[2018-07-07T14:49:52.579] [INFO] info - E:\code\nodejs\n-app-02\packages\quicky\q-apps\index.js load app:{"name":"admin","dir":"apps/admin","hostDir":"admin","fullHostDir":"e:\\code\\nodejs\\n-app-02\\apps/admin","_mdl":{}}
[2018-07-07T14:50:04.699] [INFO] info - E:\code\nodejs\n-app-02\packages\quicky\q-apps\index.js load app:{"name":"admin","dir":"apps/admin","hostDir":"admin","fullHostDir":"e:\\code\\nodejs\\n-app-02\\apps/admin","_mdl":{}}
[2018-07-07T14:57:19.761] [INFO] info - E:\code\nodejs\n-app-02\packages\quicky\q-apps\index.js load app:{"name":"admin","dir":"apps/admin","hostDir":"admin","fullHostDir":"e:\\code\\nodejs\\n-app-02\\apps/admin","_mdl":{}}
[2018-07-07T14:57:19.771] [INFO] info - E:\code\nodejs\n-app-02\packages\quicky\q-apps\index.js load app:{"name":"admin","dir":"apps/admin","hostDir":"admin","fullHostDir":"e:\\code\\nodejs\\n-app-02\\apps/admin","_mdl":{}}
[2018-07-07T14:57:22.705] [INFO] info - E:\code\nodejs\n-app-02\packages\quicky\q-apps\index.js load app:{"name":"admin","dir":"apps/admin","hostDir":"admin","fullHostDir":"e:\\code\\nodejs\\n-app-02\\apps/admin","_mdl":{}}
[2018-07-07T14:57:22.713] [INFO] info - E:\code\nodejs\n-app-02\packages\quicky\q-apps\index.js load app:{"name":"admin","dir":"apps/admin","hostDir":"admin","fullHostDir":"e:\\code\\nodejs\\n-app-02\\apps/admin","_mdl":{}}
[2018-07-07T14:57:43.006] [INFO] info - E:\code\nodejs\n-app-02\packages\quicky\q-apps\index.js load app:{"name":"admin","dir":"apps/admin","hostDir":"admin","fullHostDir":"e:\\code\\nodejs\\n-app-02\\apps/admin","_mdl":{}}
[2018-07-07T14:57:43.010] [INFO] info - E:\code\nodejs\n-app-02\packages\quicky\q-apps\index.js load app:{"name":"admin","dir":"apps/admin","hostDir":"admin","fullHostDir":"e:\\code\\nodejs\\n-app-02\\apps/admin","_mdl":{}}
[2018-07-07T14:57:44.600] [INFO] info - E:\code\nodejs\n-app-02\packages\quicky\q-apps\index.js load app:{"name":"admin","dir":"apps/admin","hostDir":"admin","fullHostDir":"e:\\code\\nodejs\\n-app-02\\apps/admin","_mdl":{}}
[2018-07-07T14:57:44.613] [INFO] info - E:\code\nodejs\n-app-02\packages\quicky\q-apps\index.js load app:{"name":"admin","dir":"apps/admin","hostDir":"admin","fullHostDir":"e:\\code\\nodejs\\n-app-02\\apps/admin","_mdl":{}}
[2018-07-07T14:57:47.778] [INFO] info - E:\code\nodejs\n-app-02\packages\quicky\q-apps\index.js load app:{"name":"admin","dir":"apps/admin","hostDir":"admin","fullHostDir":"e:\\code\\nodejs\\n-app-02\\apps/admin","_mdl":{}}
[2018-07-07T14:57:47.780] [INFO] info - E:\code\nodejs\n-app-02\packages\quicky\q-apps\index.js load app:{"name":"admin","dir":"apps/admin","hostDir":"admin","fullHostDir":"e:\\code\\nodejs\\n-app-02\\apps/admin","_mdl":{}}
[2018-07-07T14:57:49.845] [INFO] info - E:\code\nodejs\n-app-02\packages\quicky\q-apps\index.js load app:{"name":"admin","dir":"apps/admin","hostDir":"admin","fullHostDir":"e:\\code\\nodejs\\n-app-02\\apps/admin","_mdl":{}}
[2018-07-07T14:57:49.846] [INFO] info - E:\code\nodejs\n-app-02\packages\quicky\q-apps\index.js load app:{"name":"admin","dir":"apps/admin","hostDir":"admin","fullHostDir":"e:\\code\\nodejs\\n-app-02\\apps/admin","_mdl":{}}
[2018-07-07T15:02:28.067] [INFO] info - E:\code\nodejs\n-app-02\packages\quicky\q-apps\index.js load app:{"name":"admin","dir":"apps/admin","hostDir":"admin","fullHostDir":"e:\\code\\nodejs\\n-app-02\\apps/admin","_mdl":{}}
[2018-07-07T15:02:28.070] [INFO] info - E:\code\nodejs\n-app-02\packages\quicky\q-apps\index.js load app:{"name":"admin","dir":"apps/admin","hostDir":"admin","fullHostDir":"e:\\code\\nodejs\\n-app-02\\apps/admin","_mdl":{}}
[2018-07-07T15:02:31.068] [INFO] info - E:\code\nodejs\n-app-02\packages\quicky\q-apps\index.js load app:{"name":"admin","dir":"apps/admin","hostDir":"admin","fullHostDir":"e:\\code\\nodejs\\n-app-02\\apps/admin","_mdl":{}}
[2018-07-07T15:02:31.072] [INFO] info - E:\code\nodejs\n-app-02\packages\quicky\q-apps\index.js load app:{"name":"admin","dir":"apps/admin","hostDir":"admin","fullHostDir":"e:\\code\\nodejs\\n-app-02\\apps/admin","_mdl":{}}
[2018-07-07T15:02:33.097] [INFO] info - E:\code\nodejs\n-app-02\packages\quicky\q-apps\index.js load app:{"name":"admin","dir":"apps/admin","hostDir":"admin","fullHostDir":"e:\\code\\nodejs\\n-app-02\\apps/admin","_mdl":{}}
[2018-07-07T15:02:33.101] [INFO] info - E:\code\nodejs\n-app-02\packages\quicky\q-apps\index.js load app:{"name":"admin","dir":"apps/admin","hostDir":"admin","fullHostDir":"e:\\code\\nodejs\\n-app-02\\apps/admin","_mdl":{}}
[2018-07-07T15:02:36.235] [INFO] info - E:\code\nodejs\n-app-02\packages\quicky\q-apps\index.js load app:{"name":"admin","dir":"apps/admin","hostDir":"admin","fullHostDir":"e:\\code\\nodejs\\n-app-02\\apps/admin","_mdl":{}}
[2018-07-07T15:02:36.237] [INFO] info - E:\code\nodejs\n-app-02\packages\quicky\q-apps\index.js load app:{"name":"admin","dir":"apps/admin","hostDir":"admin","fullHostDir":"e:\\code\\nodejs\\n-app-02\\apps/admin","_mdl":{}}
[2018-07-07T15:02:38.308] [INFO] info - E:\code\nodejs\n-app-02\packages\quicky\q-apps\index.js load app:{"name":"admin","dir":"apps/admin","hostDir":"admin","fullHostDir":"e:\\code\\nodejs\\n-app-02\\apps/admin","_mdl":{}}
[2018-07-07T15:02:38.312] [INFO] info - E:\code\nodejs\n-app-02\packages\quicky\q-apps\index.js load app:{"name":"admin","dir":"apps/admin","hostDir":"admin","fullHostDir":"e:\\code\\nodejs\\n-app-02\\apps/admin","_mdl":{}}
[2018-07-07T15:02:41.537] [INFO] info - E:\code\nodejs\n-app-02\packages\quicky\q-apps\index.js load app:{"name":"admin","dir":"apps/admin","hostDir":"admin","fullHostDir":"e:\\code\\nodejs\\n-app-02\\apps/admin","_mdl":{}}
[2018-07-07T15:02:41.539] [INFO] info - E:\code\nodejs\n-app-02\packages\quicky\q-apps\index.js load app:{"name":"admin","dir":"apps/admin","hostDir":"admin","fullHostDir":"e:\\code\\nodejs\\n-app-02\\apps/admin","_mdl":{}}
[2018-07-07T15:02:42.824] [INFO] info - E:\code\nodejs\n-app-02\packages\quicky\q-apps\index.js load app:{"name":"admin","dir":"apps/admin","hostDir":"admin","fullHostDir":"e:\\code\\nodejs\\n-app-02\\apps/admin","_mdl":{}}
[2018-07-07T15:02:42.826] [INFO] info - E:\code\nodejs\n-app-02\packages\quicky\q-apps\index.js load app:{"name":"admin","dir":"apps/admin","hostDir":"admin","fullHostDir":"e:\\code\\nodejs\\n-app-02\\apps/admin","_mdl":{}}
[2018-07-07T15:02:49.439] [INFO] info - E:\code\nodejs\n-app-02\packages\quicky\q-apps\index.js load app:{"name":"admin","dir":"apps/admin","hostDir":"admin","fullHostDir":"e:\\code\\nodejs\\n-app-02\\apps/admin","_mdl":{}}
[2018-07-07T15:02:49.448] [INFO] info - E:\code\nodejs\n-app-02\packages\quicky\q-apps\index.js load app:{"name":"admin","dir":"apps/admin","hostDir":"admin","fullHostDir":"e:\\code\\nodejs\\n-app-02\\apps/admin","_mdl":{}}
[2018-07-07T15:02:49.932] [INFO] info - E:\code\nodejs\n-app-02\packages\quicky\q-apps\index.js load app:{"name":"admin","dir":"apps/admin","hostDir":"admin","fullHostDir":"e:\\code\\nodejs\\n-app-02\\apps/admin","_mdl":{}}
[2018-07-07T15:02:49.935] [INFO] info - E:\code\nodejs\n-app-02\packages\quicky\q-apps\index.js load app:{"name":"admin","dir":"apps/admin","hostDir":"admin","fullHostDir":"e:\\code\\nodejs\\n-app-02\\apps/admin","_mdl":{}}
[2018-07-07T15:02:54.818] [INFO] info - E:\code\nodejs\n-app-02\packages\quicky\q-apps\index.js load app:{"name":"admin","dir":"apps/admin","hostDir":"admin","fullHostDir":"e:\\code\\nodejs\\n-app-02\\apps/admin","_mdl":{}}
[2018-07-07T15:02:54.820] [INFO] info - E:\code\nodejs\n-app-02\packages\quicky\q-apps\index.js load app:{"name":"admin","dir":"apps/admin","hostDir":"admin","fullHostDir":"e:\\code\\nodejs\\n-app-02\\apps/admin","_mdl":{}}
[2018-07-07T15:02:57.446] [INFO] info - E:\code\nodejs\n-app-02\packages\quicky\q-apps\index.js load app:{"name":"admin","dir":"apps/admin","hostDir":"admin","fullHostDir":"e:\\code\\nodejs\\n-app-02\\apps/admin","_mdl":{}}
[2018-07-07T15:02:57.449] [INFO] info - E:\code\nodejs\n-app-02\packages\quicky\q-apps\index.js load app:{"name":"admin","dir":"apps/admin","hostDir":"admin","fullHostDir":"e:\\code\\nodejs\\n-app-02\\apps/admin","_mdl":{}}
[2018-07-07T15:02:58.995] [INFO] info - E:\code\nodejs\n-app-02\packages\quicky\q-apps\index.js load app:{"name":"admin","dir":"apps/admin","hostDir":"admin","fullHostDir":"e:\\code\\nodejs\\n-app-02\\apps/admin","_mdl":{}}
[2018-07-07T15:02:58.996] [INFO] info - E:\code\nodejs\n-app-02\packages\quicky\q-apps\index.js load app:{"name":"admin","dir":"apps/admin","hostDir":"admin","fullHostDir":"e:\\code\\nodejs\\n-app-02\\apps/admin","_mdl":{}}
[2018-07-07T15:04:50.277] [INFO] info - E:\code\nodejs\n-app-02\packages\quicky\q-apps\index.js load app:{"name":"admin","dir":"apps/admin","hostDir":"admin","fullHostDir":"e:\\code\\nodejs\\n-app-02\\apps/admin","_mdl":{}}
[2018-07-07T15:04:50.286] [INFO] info - E:\code\nodejs\n-app-02\packages\quicky\q-apps\index.js load app:{"name":"admin","dir":"apps/admin","hostDir":"admin","fullHostDir":"e:\\code\\nodejs\\n-app-02\\apps/admin","_mdl":{}}
[2018-07-07T15:04:54.123] [INFO] info - E:\code\nodejs\n-app-02\packages\quicky\q-apps\index.js load app:{"name":"admin","dir":"apps/admin","hostDir":"admin","fullHostDir":"e:\\code\\nodejs\\n-app-02\\apps/admin","_mdl":{}}
[2018-07-07T15:04:54.126] [INFO] info - E:\code\nodejs\n-app-02\packages\quicky\q-apps\index.js load app:{"name":"admin","dir":"apps/admin","hostDir":"admin","fullHostDir":"e:\\code\\nodejs\\n-app-02\\apps/admin","_mdl":{}}
[2018-07-07T15:04:59.250] [INFO] info - E:\code\nodejs\n-app-02\packages\quicky\q-apps\index.js load app:{"name":"admin","dir":"apps/admin","hostDir":"admin","fullHostDir":"e:\\code\\nodejs\\n-app-02\\apps/admin","_mdl":{}}
[2018-07-07T15:04:59.256] [INFO] info - E:\code\nodejs\n-app-02\packages\quicky\q-apps\index.js load app:{"name":"admin","dir":"apps/admin","hostDir":"admin","fullHostDir":"e:\\code\\nodejs\\n-app-02\\apps/admin","_mdl":{}}
[2018-07-07T15:05:38.049] [INFO] info - E:\code\nodejs\n-app-02\packages\quicky\q-apps\index.js load app:{"name":"admin","dir":"apps/admin","hostDir":"admin","fullHostDir":"e:\\code\\nodejs\\n-app-02\\apps/admin","_mdl":{}}
[2018-07-07T15:05:38.051] [INFO] info - E:\code\nodejs\n-app-02\packages\quicky\q-apps\index.js load app:{"name":"admin","dir":"apps/admin","hostDir":"admin","fullHostDir":"e:\\code\\nodejs\\n-app-02\\apps/admin","_mdl":{}}
[2018-07-07T15:06:29.408] [INFO] info - E:\code\nodejs\n-app-02\packages\quicky\q-apps\index.js load app:{"name":"admin","dir":"apps/admin","hostDir":"admin","fullHostDir":"e:\\code\\nodejs\\n-app-02\\apps/admin","_mdl":{}}
[2018-07-07T15:06:29.415] [INFO] info - E:\code\nodejs\n-app-02\packages\quicky\q-apps\index.js load app:{"name":"admin","dir":"apps/admin","hostDir":"admin","fullHostDir":"e:\\code\\nodejs\\n-app-02\\apps/admin","_mdl":{}}
[2018-07-07T15:06:32.507] [INFO] info - E:\code\nodejs\n-app-02\packages\quicky\q-apps\index.js load app:{"name":"admin","dir":"apps/admin","hostDir":"admin","fullHostDir":"e:\\code\\nodejs\\n-app-02\\apps/admin","_mdl":{}}
[2018-07-07T15:06:32.509] [INFO] info - E:\code\nodejs\n-app-02\packages\quicky\q-apps\index.js load app:{"name":"admin","dir":"apps/admin","hostDir":"admin","fullHostDir":"e:\\code\\nodejs\\n-app-02\\apps/admin","_mdl":{}}
[2018-07-07T15:06:36.384] [INFO] info - E:\code\nodejs\n-app-02\packages\quicky\q-apps\index.js load app:{"name":"admin","dir":"apps/admin","hostDir":"admin","fullHostDir":"e:\\code\\nodejs\\n-app-02\\apps/admin","_mdl":{}}
[2018-07-07T15:06:36.386] [INFO] info - E:\code\nodejs\n-app-02\packages\quicky\q-apps\index.js load app:{"name":"admin","dir":"apps/admin","hostDir":"admin","fullHostDir":"e:\\code\\nodejs\\n-app-02\\apps/admin","_mdl":{}}
[2018-07-07T15:07:36.806] [INFO] info - E:\code\nodejs\n-app-02\packages\quicky\q-apps\index.js load app:{"name":"admin","dir":"apps/admin","hostDir":"admin","fullHostDir":"e:\\code\\nodejs\\n-app-02\\apps/admin","_mdl":{}}
[2018-07-07T15:07:36.813] [INFO] info - E:\code\nodejs\n-app-02\packages\quicky\q-apps\index.js load app:{"name":"admin","dir":"apps/admin","hostDir":"admin","fullHostDir":"e:\\code\\nodejs\\n-app-02\\apps/admin","_mdl":{}}
[2018-07-07T15:07:39.639] [INFO] info - E:\code\nodejs\n-app-02\packages\quicky\q-apps\index.js load app:{"name":"admin","dir":"apps/admin","hostDir":"admin","fullHostDir":"e:\\code\\nodejs\\n-app-02\\apps/admin","_mdl":{}}
[2018-07-07T15:07:39.642] [INFO] info - E:\code\nodejs\n-app-02\packages\quicky\q-apps\index.js load app:{"name":"admin","dir":"apps/admin","hostDir":"admin","fullHostDir":"e:\\code\\nodejs\\n-app-02\\apps/admin","_mdl":{}}
[2018-07-07T15:07:42.483] [INFO] info - E:\code\nodejs\n-app-02\packages\quicky\q-apps\index.js load app:{"name":"admin","dir":"apps/admin","hostDir":"admin","fullHostDir":"e:\\code\\nodejs\\n-app-02\\apps/admin","_mdl":{}}
[2018-07-07T15:07:42.488] [INFO] info - E:\code\nodejs\n-app-02\packages\quicky\q-apps\index.js load app:{"name":"admin","dir":"apps/admin","hostDir":"admin","fullHostDir":"e:\\code\\nodejs\\n-app-02\\apps/admin","_mdl":{}}
[2018-07-07T15:07:44.408] [INFO] info - E:\code\nodejs\n-app-02\packages\quicky\q-apps\index.js load app:{"name":"admin","dir":"apps/admin","hostDir":"admin","fullHostDir":"e:\\code\\nodejs\\n-app-02\\apps/admin","_mdl":{}}
[2018-07-07T15:07:44.412] [INFO] info - E:\code\nodejs\n-app-02\packages\quicky\q-apps\index.js load app:{"name":"admin","dir":"apps/admin","hostDir":"admin","fullHostDir":"e:\\code\\nodejs\\n-app-02\\apps/admin","_mdl":{}}
[2018-07-07T15:08:06.029] [INFO] info - E:\code\nodejs\n-app-02\packages\quicky\q-apps\index.js load app:{"name":"admin","dir":"apps/admin","hostDir":"admin","fullHostDir":"e:\\code\\nodejs\\n-app-02\\apps/admin","_mdl":{}}
[2018-07-07T15:08:06.036] [INFO] info - E:\code\nodejs\n-app-02\packages\quicky\q-apps\index.js load app:{"name":"admin","dir":"apps/admin","hostDir":"admin","fullHostDir":"e:\\code\\nodejs\\n-app-02\\apps/admin","_mdl":{}}
[2018-07-07T15:08:06.527] [INFO] info - E:\code\nodejs\n-app-02\packages\quicky\q-apps\index.js load app:{"name":"admin","dir":"apps/admin","hostDir":"admin","fullHostDir":"e:\\code\\nodejs\\n-app-02\\apps/admin","_mdl":{}}
[2018-07-07T15:08:06.533] [INFO] info - E:\code\nodejs\n-app-02\packages\quicky\q-apps\index.js load app:{"name":"admin","dir":"apps/admin","hostDir":"admin","fullHostDir":"e:\\code\\nodejs\\n-app-02\\apps/admin","_mdl":{}}
[2018-07-07T15:09:03.772] [INFO] info - E:\code\nodejs\n-app-02\packages\quicky\q-apps\index.js load app:{"name":"admin","dir":"apps/admin","hostDir":"admin","fullHostDir":"e:\\code\\nodejs\\n-app-02\\apps/admin","_mdl":{}}
[2018-07-07T15:09:03.774] [INFO] info - E:\code\nodejs\n-app-02\packages\quicky\q-apps\index.js load app:{"name":"admin","dir":"apps/admin","hostDir":"admin","fullHostDir":"e:\\code\\nodejs\\n-app-02\\apps/admin","_mdl":{}}
[2018-07-07T15:09:04.402] [INFO] info - E:\code\nodejs\n-app-02\packages\quicky\q-apps\index.js load app:{"name":"admin","dir":"apps/admin","hostDir":"admin","fullHostDir":"e:\\code\\nodejs\\n-app-02\\apps/admin","_mdl":{}}
[2018-07-07T15:09:04.407] [INFO] info - E:\code\nodejs\n-app-02\packages\quicky\q-apps\index.js load app:{"name":"admin","dir":"apps/admin","hostDir":"admin","fullHostDir":"e:\\code\\nodejs\\n-app-02\\apps/admin","_mdl":{}}
[2018-07-07T15:09:27.576] [INFO] info - E:\code\nodejs\n-app-02\packages\quicky\q-apps\index.js load app:{"name":"admin","dir":"apps/admin","hostDir":"admin","fullHostDir":"e:\\code\\nodejs\\n-app-02\\apps/admin","_mdl":{}}
[2018-07-07T15:09:27.583] [INFO] info - E:\code\nodejs\n-app-02\packages\quicky\q-apps\index.js load app:{"name":"admin","dir":"apps/admin","hostDir":"admin","fullHostDir":"e:\\code\\nodejs\\n-app-02\\apps/admin","_mdl":{}}
[2018-07-07T15:09:29.137] [INFO] info - E:\code\nodejs\n-app-02\packages\quicky\q-apps\index.js load app:{"name":"admin","dir":"apps/admin","hostDir":"admin","fullHostDir":"e:\\code\\nodejs\\n-app-02\\apps/admin","_mdl":{}}
[2018-07-07T15:09:29.138] [INFO] info - E:\code\nodejs\n-app-02\packages\quicky\q-apps\index.js load app:{"name":"admin","dir":"apps/admin","hostDir":"admin","fullHostDir":"e:\\code\\nodejs\\n-app-02\\apps/admin","_mdl":{}}
[2018-07-07T15:09:30.638] [INFO] info - E:\code\nodejs\n-app-02\packages\quicky\q-apps\index.js load app:{"name":"admin","dir":"apps/admin","hostDir":"admin","fullHostDir":"e:\\code\\nodejs\\n-app-02\\apps/admin","_mdl":{}}
[2018-07-07T15:09:30.644] [INFO] info - E:\code\nodejs\n-app-02\packages\quicky\q-apps\index.js load app:{"name":"admin","dir":"apps/admin","hostDir":"admin","fullHostDir":"e:\\code\\nodejs\\n-app-02\\apps/admin","_mdl":{}}
[2018-07-07T15:20:32.921] [INFO] info - E:\code\nodejs\n-app-02\packages\quicky\q-apps\index.js load app:{"name":"example","dir":"apps/example","hostDir":"exp","fullHostDir":"e:\\code\\nodejs\\n-app-02\\apps/example","_mdl":{}}
[2018-07-07T15:20:32.927] [INFO] info - E:\code\nodejs\n-app-02\packages\quicky\q-apps\index.js load app:{"name":"cms","dir":"apps/cms","hostDir":"cms","fullHostDir":"e:\\code\\nodejs\\n-app-02\\apps/cms","_mdl":{}}
[2018-07-07T15:20:32.946] [INFO] info - E:\code\nodejs\n-app-02\packages\quicky\q-apps\index.js load app:{"name":"candidate","dir":"apps/candidate","hostDir":"candidate","fullHostDir":"e:\\code\\nodejs\\n-app-02\\apps/candidate","_mdl":{}}
[2018-07-07T15:20:32.962] [INFO] info - E:\code\nodejs\n-app-02\packages\quicky\q-apps\index.js load app:{"name":"candidate-admin","dir":"apps/candidate-admin","hostDir":"candidate-admin","fullHostDir":"e:\\code\\nodejs\\n-app-02\\apps/candidate-admin","_mdl":{}}
[2018-07-07T15:20:33.085] [INFO] info - E:\code\nodejs\n-app-02\packages\quicky\q-apps\index.js load app:{"name":"admin","dir":"apps/admin","hostDir":"admin","fullHostDir":"e:\\code\\nodejs\\n-app-02\\apps/admin","_mdl":{}}
[2018-07-07T15:22:12.585] [INFO] info - E:\code\nodejs\n-app-02\packages\quicky\q-apps\index.js load app:{"name":"example","dir":"apps/example","hostDir":"exp","fullHostDir":"e:\\code\\nodejs\\n-app-02\\apps/example","_mdl":{}}
[2018-07-07T15:22:12.592] [INFO] info - E:\code\nodejs\n-app-02\packages\quicky\q-apps\index.js load app:{"name":"cms","dir":"apps/cms","hostDir":"cms","fullHostDir":"e:\\code\\nodejs\\n-app-02\\apps/cms","_mdl":{}}
[2018-07-07T15:22:12.610] [INFO] info - E:\code\nodejs\n-app-02\packages\quicky\q-apps\index.js load app:{"name":"candidate","dir":"apps/candidate","hostDir":"candidate","fullHostDir":"e:\\code\\nodejs\\n-app-02\\apps/candidate","_mdl":{}}
[2018-07-07T15:22:12.626] [INFO] info - E:\code\nodejs\n-app-02\packages\quicky\q-apps\index.js load app:{"name":"candidate-admin","dir":"apps/candidate-admin","hostDir":"candidate-admin","fullHostDir":"e:\\code\\nodejs\\n-app-02\\apps/candidate-admin","_mdl":{}}
[2018-07-07T15:22:12.725] [INFO] info - E:\code\nodejs\n-app-02\packages\quicky\q-apps\index.js load app:{"name":"admin","dir":"apps/admin","hostDir":"admin","fullHostDir":"e:\\code\\nodejs\\n-app-02\\apps/admin","_mdl":{}}
[2018-07-07T15:27:18.058] [INFO] info - E:\code\nodejs\n-app-02\packages\quicky\q-apps\index.js load app:{"name":"example","dir":"apps/example","hostDir":"exp","fullHostDir":"e:\\code\\nodejs\\n-app-02\\apps/example","_mdl":{}}
[2018-07-07T15:27:18.066] [INFO] info - E:\code\nodejs\n-app-02\packages\quicky\q-apps\index.js load app:{"name":"cms","dir":"apps/cms","hostDir":"cms","fullHostDir":"e:\\code\\nodejs\\n-app-02\\apps/cms","_mdl":{}}
[2018-07-07T15:27:18.088] [INFO] info - E:\code\nodejs\n-app-02\packages\quicky\q-apps\index.js load app:{"name":"candidate","dir":"apps/candidate","hostDir":"candidate","fullHostDir":"e:\\code\\nodejs\\n-app-02\\apps/candidate","_mdl":{}}
[2018-07-07T15:27:18.108] [INFO] info - E:\code\nodejs\n-app-02\packages\quicky\q-apps\index.js load app:{"name":"candidate-admin","dir":"apps/candidate-admin","hostDir":"candidate-admin","fullHostDir":"e:\\code\\nodejs\\n-app-02\\apps/candidate-admin","_mdl":{}}
[2018-07-07T15:27:18.206] [INFO] info - E:\code\nodejs\n-app-02\packages\quicky\q-apps\index.js load app:{"name":"admin","dir":"apps/admin","hostDir":"admin","fullHostDir":"e:\\code\\nodejs\\n-app-02\\apps/admin","_mdl":{}}
[2018-07-07T15:29:57.582] [INFO] info - E:\code\nodejs\n-app-02\packages\quicky\q-apps\index.js load app:{"name":"example","dir":"apps/example","hostDir":"exp","fullHostDir":"e:\\code\\nodejs\\n-app-02\\apps/example","_mdl":{}}
[2018-07-07T15:29:57.588] [INFO] info - E:\code\nodejs\n-app-02\packages\quicky\q-apps\index.js load app:{"name":"cms","dir":"apps/cms","hostDir":"cms","fullHostDir":"e:\\code\\nodejs\\n-app-02\\apps/cms","_mdl":{}}
[2018-07-07T15:29:57.613] [INFO] info - E:\code\nodejs\n-app-02\packages\quicky\q-apps\index.js load app:{"name":"candidate","dir":"apps/candidate","hostDir":"candidate","fullHostDir":"e:\\code\\nodejs\\n-app-02\\apps/candidate","_mdl":{}}
[2018-07-07T15:30:26.980] [INFO] info - E:\code\nodejs\n-app-02\packages\quicky\q-apps\index.js load app:{"name":"candidate-admin","dir":"apps/candidate-admin","hostDir":"candidate-admin","fullHostDir":"e:\\code\\nodejs\\n-app-02\\apps/candidate-admin","_mdl":{}}
[2018-07-07T15:30:27.064] [INFO] info - E:\code\nodejs\n-app-02\packages\quicky\q-apps\index.js load app:{"name":"admin","dir":"apps/admin","hostDir":"admin","fullHostDir":"e:\\code\\nodejs\\n-app-02\\apps/admin","_mdl":{}}
[2018-07-07T15:31:37.298] [INFO] info - E:\code\nodejs\n-app-02\packages\quicky\q-apps\index.js load app:{"name":"example","dir":"apps/example","hostDir":"exp","fullHostDir":"e:\\code\\nodejs\\n-app-02\\apps/example","_mdl":{}}
[2018-07-07T15:31:37.307] [INFO] info - E:\code\nodejs\n-app-02\packages\quicky\q-apps\index.js load app:{"name":"cms","dir":"apps/cms","hostDir":"cms","fullHostDir":"e:\\code\\nodejs\\n-app-02\\apps/cms","_mdl":{}}
[2018-07-07T15:31:37.326] [INFO] info - E:\code\nodejs\n-app-02\packages\quicky\q-apps\index.js load app:{"name":"candidate","dir":"apps/candidate","hostDir":"candidate","fullHostDir":"e:\\code\\nodejs\\n-app-02\\apps/candidate","_mdl":{}}
[2018-07-07T15:32:47.898] [INFO] info - E:\code\nodejs\n-app-02\packages\quicky\q-apps\index.js load app:{"name":"example","dir":"apps/example","hostDir":"exp","fullHostDir":"e:\\code\\nodejs\\n-app-02\\apps/example","_mdl":{}}
[2018-07-07T15:32:47.905] [INFO] info - E:\code\nodejs\n-app-02\packages\quicky\q-apps\index.js load app:{"name":"cms","dir":"apps/cms","hostDir":"cms","fullHostDir":"e:\\code\\nodejs\\n-app-02\\apps/cms","_mdl":{}}
[2018-07-07T15:32:47.927] [INFO] info - E:\code\nodejs\n-app-02\packages\quicky\q-apps\index.js load app:{"name":"candidate","dir":"apps/candidate","hostDir":"candidate","fullHostDir":"e:\\code\\nodejs\\n-app-02\\apps/candidate","_mdl":{}}
[2018-07-07T15:32:53.479] [INFO] info - E:\code\nodejs\n-app-02\packages\quicky\q-apps\index.js load app:{"name":"candidate-admin","dir":"apps/candidate-admin","hostDir":"candidate-admin","fullHostDir":"e:\\code\\nodejs\\n-app-02\\apps/candidate-admin","_mdl":{}}
[2018-07-07T15:32:55.529] [INFO] info - E:\code\nodejs\n-app-02\packages\quicky\q-apps\index.js load app:{"name":"admin","dir":"apps/admin","hostDir":"admin","fullHostDir":"e:\\code\\nodejs\\n-app-02\\apps/admin","_mdl":{}}
[2018-07-07T15:34:00.539] [INFO] info - E:\code\nodejs\n-app-02\packages\quicky\q-apps\index.js load app:{"name":"example","dir":"apps/example","hostDir":"exp","fullHostDir":"e:\\code\\nodejs\\n-app-02\\apps/example","_mdl":{}}
[2018-07-07T15:34:00.546] [INFO] info - E:\code\nodejs\n-app-02\packages\quicky\q-apps\index.js load app:{"name":"cms","dir":"apps/cms","hostDir":"cms","fullHostDir":"e:\\code\\nodejs\\n-app-02\\apps/cms","_mdl":{}}
[2018-07-07T15:34:00.571] [INFO] info - E:\code\nodejs\n-app-02\packages\quicky\q-apps\index.js load app:{"name":"candidate","dir":"apps/candidate","hostDir":"candidate","fullHostDir":"e:\\code\\nodejs\\n-app-02\\apps/candidate","_mdl":{}}
[2018-07-07T15:34:00.589] [INFO] info - E:\code\nodejs\n-app-02\packages\quicky\q-apps\index.js load app:{"name":"candidate-admin","dir":"apps/candidate-admin","hostDir":"candidate-admin","fullHostDir":"e:\\code\\nodejs\\n-app-02\\apps/candidate-admin","_mdl":{}}
[2018-07-07T15:34:00.685] [INFO] info - E:\code\nodejs\n-app-02\packages\quicky\q-apps\index.js load app:{"name":"admin","dir":"apps/admin","hostDir":"admin","fullHostDir":"e:\\code\\nodejs\\n-app-02\\apps/admin","_mdl":{}}
[2018-07-07T15:34:37.321] [INFO] info - E:\code\nodejs\n-app-02\packages\quicky\q-apps\index.js load app:{"name":"example","dir":"apps/example","hostDir":"exp","fullHostDir":"e:\\code\\nodejs\\n-app-02\\apps/example","_mdl":{}}
[2018-07-07T15:34:37.328] [INFO] info - E:\code\nodejs\n-app-02\packages\quicky\q-apps\index.js load app:{"name":"cms","dir":"apps/cms","hostDir":"cms","fullHostDir":"e:\\code\\nodejs\\n-app-02\\apps/cms","_mdl":{}}
[2018-07-07T15:34:37.347] [INFO] info - E:\code\nodejs\n-app-02\packages\quicky\q-apps\index.js load app:{"name":"candidate","dir":"apps/candidate","hostDir":"candidate","fullHostDir":"e:\\code\\nodejs\\n-app-02\\apps/candidate","_mdl":{}}
[2018-07-07T15:34:37.365] [INFO] info - E:\code\nodejs\n-app-02\packages\quicky\q-apps\index.js load app:{"name":"candidate-admin","dir":"apps/candidate-admin","hostDir":"candidate-admin","fullHostDir":"e:\\code\\nodejs\\n-app-02\\apps/candidate-admin","_mdl":{}}
[2018-07-07T15:34:37.462] [INFO] info - E:\code\nodejs\n-app-02\packages\quicky\q-apps\index.js load app:{"name":"admin","dir":"apps/admin","hostDir":"admin","fullHostDir":"e:\\code\\nodejs\\n-app-02\\apps/admin","_mdl":{}}
[2018-07-07T15:38:08.504] [INFO] info - E:\code\nodejs\n-app-02\packages\quicky\q-apps\index.js load app:{"name":"example","dir":"apps/example","hostDir":"exp","fullHostDir":"e:\\code\\nodejs\\n-app-02\\apps/example","_mdl":{}}
[2018-07-07T15:38:08.513] [INFO] info - E:\code\nodejs\n-app-02\packages\quicky\q-apps\index.js load app:{"name":"cms","dir":"apps/cms","hostDir":"cms","fullHostDir":"e:\\code\\nodejs\\n-app-02\\apps/cms","_mdl":{}}
[2018-07-07T15:38:08.533] [INFO] info - E:\code\nodejs\n-app-02\packages\quicky\q-apps\index.js load app:{"name":"candidate","dir":"apps/candidate","hostDir":"candidate","fullHostDir":"e:\\code\\nodejs\\n-app-02\\apps/candidate","_mdl":{}}
[2018-07-07T15:38:08.551] [INFO] info - E:\code\nodejs\n-app-02\packages\quicky\q-apps\index.js load app:{"name":"candidate-admin","dir":"apps/candidate-admin","hostDir":"candidate-admin","fullHostDir":"e:\\code\\nodejs\\n-app-02\\apps/candidate-admin","_mdl":{}}
[2018-07-07T15:38:08.646] [INFO] info - E:\code\nodejs\n-app-02\packages\quicky\q-apps\index.js load app:{"name":"admin","dir":"apps/admin","hostDir":"admin","fullHostDir":"e:\\code\\nodejs\\n-app-02\\apps/admin","_mdl":{}}
[2018-07-07T15:39:04.608] [INFO] info - E:\code\nodejs\n-app-02\packages\quicky\q-apps\index.js load app:{"name":"example","dir":"apps/example","hostDir":"exp","fullHostDir":"e:\\code\\nodejs\\n-app-02\\apps/example","_mdl":{}}
[2018-07-07T15:39:04.615] [INFO] info - E:\code\nodejs\n-app-02\packages\quicky\q-apps\index.js load app:{"name":"cms","dir":"apps/cms","hostDir":"cms","fullHostDir":"e:\\code\\nodejs\\n-app-02\\apps/cms","_mdl":{}}
[2018-07-07T15:39:04.637] [INFO] info - E:\code\nodejs\n-app-02\packages\quicky\q-apps\index.js load app:{"name":"candidate","dir":"apps/candidate","hostDir":"candidate","fullHostDir":"e:\\code\\nodejs\\n-app-02\\apps/candidate","_mdl":{}}
[2018-07-07T15:39:04.655] [INFO] info - E:\code\nodejs\n-app-02\packages\quicky\q-apps\index.js load app:{"name":"candidate-admin","dir":"apps/candidate-admin","hostDir":"candidate-admin","fullHostDir":"e:\\code\\nodejs\\n-app-02\\apps/candidate-admin","_mdl":{}}
[2018-07-07T15:39:04.735] [INFO] info - E:\code\nodejs\n-app-02\packages\quicky\q-apps\index.js load app:{"name":"admin","dir":"apps/admin","hostDir":"admin","fullHostDir":"e:\\code\\nodejs\\n-app-02\\apps/admin","_mdl":{}}
[2018-07-07T15:45:04.812] [INFO] info - E:\code\nodejs\n-app-02\packages\quicky\q-apps\index.js load app:{"name":"example","dir":"apps/example","hostDir":"exp","fullHostDir":"e:\\code\\nodejs\\n-app-02\\apps/example","_mdl":{}}
[2018-07-07T15:45:04.819] [INFO] info - E:\code\nodejs\n-app-02\packages\quicky\q-apps\index.js load app:{"name":"cms","dir":"apps/cms","hostDir":"cms","fullHostDir":"e:\\code\\nodejs\\n-app-02\\apps/cms","_mdl":{}}
[2018-07-07T15:45:04.840] [INFO] info - E:\code\nodejs\n-app-02\packages\quicky\q-apps\index.js load app:{"name":"candidate","dir":"apps/candidate","hostDir":"candidate","fullHostDir":"e:\\code\\nodejs\\n-app-02\\apps/candidate","_mdl":{}}
[2018-07-07T15:45:04.857] [INFO] info - E:\code\nodejs\n-app-02\packages\quicky\q-apps\index.js load app:{"name":"candidate-admin","dir":"apps/candidate-admin","hostDir":"candidate-admin","fullHostDir":"e:\\code\\nodejs\\n-app-02\\apps/candidate-admin","_mdl":{}}
[2018-07-07T15:45:04.868] [INFO] info - E:\code\nodejs\n-app-02\packages\quicky\q-apps\index.js load app:{"name":"admin","dir":"apps/admin","hostDir":"admin","fullHostDir":"e:\\code\\nodejs\\n-app-02\\apps/admin","_mdl":{}}
[2018-07-07T17:05:44.957] [INFO] info - E:\code\nodejs\n-app-02\packages\quicky\q-apps\index.js load app:{"name":"example","dir":"apps/example","hostDir":"exp","fullHostDir":"e:\\code\\nodejs\\n-app-02\\apps/example","_mdl":{}}
[2018-07-07T17:05:44.965] [INFO] info - E:\code\nodejs\n-app-02\packages\quicky\q-apps\index.js load app:{"name":"cms","dir":"apps/cms","hostDir":"cms","fullHostDir":"e:\\code\\nodejs\\n-app-02\\apps/cms","_mdl":{}}
[2018-07-07T17:05:44.988] [INFO] info - E:\code\nodejs\n-app-02\packages\quicky\q-apps\index.js load app:{"name":"candidate","dir":"apps/candidate","hostDir":"candidate","fullHostDir":"e:\\code\\nodejs\\n-app-02\\apps/candidate","_mdl":{}}
[2018-07-07T17:05:45.005] [INFO] info - E:\code\nodejs\n-app-02\packages\quicky\q-apps\index.js load app:{"name":"candidate-admin","dir":"apps/candidate-admin","hostDir":"candidate-admin","fullHostDir":"e:\\code\\nodejs\\n-app-02\\apps/candidate-admin","_mdl":{}}
[2018-07-07T17:05:45.026] [INFO] info - E:\code\nodejs\n-app-02\packages\quicky\q-apps\index.js load app:{"name":"admin","dir":"apps/admin","hostDir":"admin","fullHostDir":"e:\\code\\nodejs\\n-app-02\\apps/admin","_mdl":{}}
[2018-07-07T17:27:14.014] [INFO] info - E:\code\nodejs\n-app-02\packages\quicky\q-apps\index.js load app:{"name":"admin","dir":"apps/admin","hostDir":"admin","fullHostDir":"e:\\code\\nodejs\\n-app-02\\apps/admin","_mdl":{}}
[2018-07-07T17:28:28.141] [INFO] info - E:\code\nodejs\n-app-02\packages\quicky\q-apps\index.js load app:{"name":"admin","dir":"apps/admin","hostDir":"admin","fullHostDir":"e:\\code\\nodejs\\n-app-02\\apps/admin","_mdl":{}}
[2018-07-07T17:28:33.146] [INFO] info - E:\code\nodejs\n-app-02\packages\quicky\q-apps\index.js load app:{"name":"admin","dir":"apps/admin","hostDir":"admin","fullHostDir":"e:\\code\\nodejs\\n-app-02\\apps/admin","_mdl":{}}
[2018-07-07T17:28:38.153] [INFO] info - E:\code\nodejs\n-app-02\packages\quicky\q-apps\index.js load app:{"name":"admin","dir":"apps/admin","hostDir":"admin","fullHostDir":"e:\\code\\nodejs\\n-app-02\\apps/admin","_mdl":{}}
[2018-07-07T17:28:47.223] [INFO] info - E:\code\nodejs\n-app-02\packages\quicky\q-apps\index.js load app:{"name":"example","dir":"apps/example","hostDir":"exp","fullHostDir":"e:\\code\\nodejs\\n-app-02\\apps/example","_mdl":{}}
[2018-07-07T17:28:47.231] [INFO] info - E:\code\nodejs\n-app-02\packages\quicky\q-apps\index.js load app:{"name":"cms","dir":"apps/cms","hostDir":"cms","fullHostDir":"e:\\code\\nodejs\\n-app-02\\apps/cms","_mdl":{}}
[2018-07-07T17:28:47.258] [INFO] info - E:\code\nodejs\n-app-02\packages\quicky\q-apps\index.js load app:{"name":"candidate","dir":"apps/candidate","hostDir":"candidate","fullHostDir":"e:\\code\\nodejs\\n-app-02\\apps/candidate","_mdl":{}}
[2018-07-07T17:28:47.279] [INFO] info - E:\code\nodejs\n-app-02\packages\quicky\q-apps\index.js load app:{"name":"candidate-admin","dir":"apps/candidate-admin","hostDir":"candidate-admin","fullHostDir":"e:\\code\\nodejs\\n-app-02\\apps/candidate-admin","_mdl":{}}
[2018-07-07T17:30:09.198] [INFO] info - E:\code\nodejs\n-app-02\packages\quicky\q-apps\index.js load app:{"name":"example","dir":"apps/example","hostDir":"exp","fullHostDir":"e:\\code\\nodejs\\n-app-02\\apps/example","_mdl":{}}
[2018-07-07T17:30:09.205] [INFO] info - E:\code\nodejs\n-app-02\packages\quicky\q-apps\index.js load app:{"name":"cms","dir":"apps/cms","hostDir":"cms","fullHostDir":"e:\\code\\nodejs\\n-app-02\\apps/cms","_mdl":{}}
[2018-07-07T17:30:09.225] [INFO] info - E:\code\nodejs\n-app-02\packages\quicky\q-apps\index.js load app:{"name":"candidate","dir":"apps/candidate","hostDir":"candidate","fullHostDir":"e:\\code\\nodejs\\n-app-02\\apps/candidate","_mdl":{}}
[2018-07-07T17:30:09.252] [INFO] info - E:\code\nodejs\n-app-02\packages\quicky\q-apps\index.js load app:{"name":"candidate-admin","dir":"apps/candidate-admin","hostDir":"candidate-admin","fullHostDir":"e:\\code\\nodejs\\n-app-02\\apps/candidate-admin","_mdl":{}}
[2018-07-07T17:32:16.463] [INFO] info - E:\code\nodejs\n-app-02\packages\quicky\q-apps\index.js load app:{"name":"example","dir":"apps/example","hostDir":"exp","fullHostDir":"e:\\code\\nodejs\\n-app-02\\apps/example","_mdl":{}}
[2018-07-07T17:32:16.470] [INFO] info - E:\code\nodejs\n-app-02\packages\quicky\q-apps\index.js load app:{"name":"cms","dir":"apps/cms","hostDir":"cms","fullHostDir":"e:\\code\\nodejs\\n-app-02\\apps/cms","_mdl":{}}
[2018-07-07T17:32:16.488] [INFO] info - E:\code\nodejs\n-app-02\packages\quicky\q-apps\index.js load app:{"name":"candidate","dir":"apps/candidate","hostDir":"candidate","fullHostDir":"e:\\code\\nodejs\\n-app-02\\apps/candidate","_mdl":{}}
[2018-07-07T17:32:16.508] [INFO] info - E:\code\nodejs\n-app-02\packages\quicky\q-apps\index.js load app:{"name":"candidate-admin","dir":"apps/candidate-admin","hostDir":"candidate-admin","fullHostDir":"e:\\code\\nodejs\\n-app-02\\apps/candidate-admin","_mdl":{}}
[2018-07-07T17:32:21.010] [INFO] info - E:\code\nodejs\n-app-02\packages\quicky\q-apps\index.js load app:{"name":"admin","dir":"apps/admin","hostDir":"admin","fullHostDir":"e:\\code\\nodejs\\n-app-02\\apps/admin","_mdl":{}}
[2018-07-07T17:33:57.955] [INFO] info - E:\code\nodejs\n-app-02\packages\quicky\q-apps\index.js load app:{"name":"example","dir":"apps/example","hostDir":"exp","fullHostDir":"e:\\code\\nodejs\\n-app-02\\apps/example","_mdl":{}}
[2018-07-07T17:33:57.962] [INFO] info - E:\code\nodejs\n-app-02\packages\quicky\q-apps\index.js load app:{"name":"cms","dir":"apps/cms","hostDir":"cms","fullHostDir":"e:\\code\\nodejs\\n-app-02\\apps/cms","_mdl":{}}
[2018-07-07T17:33:57.982] [INFO] info - E:\code\nodejs\n-app-02\packages\quicky\q-apps\index.js load app:{"name":"candidate","dir":"apps/candidate","hostDir":"candidate","fullHostDir":"e:\\code\\nodejs\\n-app-02\\apps/candidate","_mdl":{}}
[2018-07-07T17:33:58.000] [INFO] info - E:\code\nodejs\n-app-02\packages\quicky\q-apps\index.js load app:{"name":"candidate-admin","dir":"apps/candidate-admin","hostDir":"candidate-admin","fullHostDir":"e:\\code\\nodejs\\n-app-02\\apps/candidate-admin","_mdl":{}}
[2018-07-07T17:34:00.930] [INFO] info - E:\code\nodejs\n-app-02\packages\quicky\q-apps\index.js load app:{"name":"admin","dir":"apps/admin","hostDir":"admin","fullHostDir":"e:\\code\\nodejs\\n-app-02\\apps/admin","_mdl":{}}
[2018-07-07T17:34:22.492] [INFO] info - E:\code\nodejs\n-app-02\packages\quicky\q-apps\index.js load app:{"name":"example","dir":"apps/example","hostDir":"exp","fullHostDir":"e:\\code\\nodejs\\n-app-02\\apps/example","_mdl":{}}
[2018-07-07T17:36:23.897] [INFO] info - E:\code\nodejs\n-app-02\packages\quicky\q-apps\index.js load app:{"name":"example","dir":"apps/example","hostDir":"exp","fullHostDir":"e:\\code\\nodejs\\n-app-02\\apps/example","_mdl":{}}
[2018-07-07T17:40:42.422] [INFO] info - E:\code\nodejs\n-app-02\packages\quicky\q-apps\index.js load app:{"name":"example","dir":"apps/example","hostDir":"exp","fullHostDir":"e:\\code\\nodejs\\n-app-02\\apps/example","_mdl":{}}
[2018-07-07T17:40:42.436] [INFO] info - E:\code\nodejs\n-app-02\packages\quicky\q-apps\index.js load app:{"name":"cms","dir":"apps/cms","hostDir":"cms","fullHostDir":"e:\\code\\nodejs\\n-app-02\\apps/cms","_mdl":{}}
[2018-07-07T17:40:42.471] [INFO] info - E:\code\nodejs\n-app-02\packages\quicky\q-apps\index.js load app:{"name":"candidate","dir":"apps/candidate","hostDir":"candidate","fullHostDir":"e:\\code\\nodejs\\n-app-02\\apps/candidate","_mdl":{}}
[2018-07-07T17:40:42.491] [INFO] info - E:\code\nodejs\n-app-02\packages\quicky\q-apps\index.js load app:{"name":"candidate-admin","dir":"apps/candidate-admin","hostDir":"candidate-admin","fullHostDir":"e:\\code\\nodejs\\n-app-02\\apps/candidate-admin","_mdl":{}}
[2018-07-07T17:40:44.611] [INFO] info - E:\code\nodejs\n-app-02\packages\quicky\q-apps\index.js load app:{"name":"admin","dir":"apps/admin","hostDir":"admin","fullHostDir":"e:\\code\\nodejs\\n-app-02\\apps/admin","_mdl":{}}
[2018-07-07T22:45:34.839] [INFO] info - E:\code\nodejs\n-app-02\packages\quicky\q-apps\index.js load app:{"name":"example","dir":"apps/example","hostDir":"exp","fullHostDir":"e:\\code\\nodejs\\n-app-02\\apps/example","_mdl":{}}
[2018-07-07T22:45:34.846] [INFO] info - E:\code\nodejs\n-app-02\packages\quicky\q-apps\index.js load app:{"name":"cms","dir":"apps/cms","hostDir":"cms","fullHostDir":"e:\\code\\nodejs\\n-app-02\\apps/cms","_mdl":{}}
[2018-07-07T22:45:34.871] [INFO] info - E:\code\nodejs\n-app-02\packages\quicky\q-apps\index.js load app:{"name":"candidate","dir":"apps/candidate","hostDir":"candidate","fullHostDir":"e:\\code\\nodejs\\n-app-02\\apps/candidate","_mdl":{}}
[2018-07-07T22:45:34.888] [INFO] info - E:\code\nodejs\n-app-02\packages\quicky\q-apps\index.js load app:{"name":"candidate-admin","dir":"apps/candidate-admin","hostDir":"candidate-admin","fullHostDir":"e:\\code\\nodejs\\n-app-02\\apps/candidate-admin","_mdl":{}}
[2018-07-07T22:45:37.893] [INFO] info - E:\code\nodejs\n-app-02\packages\quicky\q-apps\index.js load app:{"name":"admin","dir":"apps/admin","hostDir":"admin","fullHostDir":"e:\\code\\nodejs\\n-app-02\\apps/admin","_mdl":{}}
[2018-07-07T22:46:59.591] [INFO] info - E:\code\nodejs\n-app-02\packages\quicky\q-apps\index.js load app:{"name":"example","dir":"apps/example","hostDir":"exp","fullHostDir":"e:\\code\\nodejs\\n-app-02\\apps/example","_mdl":{}}
[2018-07-07T22:46:59.598] [INFO] info - E:\code\nodejs\n-app-02\packages\quicky\q-apps\index.js load app:{"name":"cms","dir":"apps/cms","hostDir":"cms","fullHostDir":"e:\\code\\nodejs\\n-app-02\\apps/cms","_mdl":{}}
[2018-07-07T22:46:59.620] [INFO] info - E:\code\nodejs\n-app-02\packages\quicky\q-apps\index.js load app:{"name":"candidate","dir":"apps/candidate","hostDir":"candidate","fullHostDir":"e:\\code\\nodejs\\n-app-02\\apps/candidate","_mdl":{}}
[2018-07-07T22:46:59.636] [INFO] info - E:\code\nodejs\n-app-02\packages\quicky\q-apps\index.js load app:{"name":"candidate-admin","dir":"apps/candidate-admin","hostDir":"candidate-admin","fullHostDir":"e:\\code\\nodejs\\n-app-02\\apps/candidate-admin","_mdl":{}}
[2018-07-07T22:47:02.487] [INFO] info - E:\code\nodejs\n-app-02\packages\quicky\q-apps\index.js load app:{"name":"admin","dir":"apps/admin","hostDir":"admin","fullHostDir":"e:\\code\\nodejs\\n-app-02\\apps/admin","_mdl":{}}
[2018-07-07T22:49:13.555] [INFO] info - E:\code\nodejs\n-app-02\packages\quicky\q-apps\index.js load app:{"name":"example","dir":"apps/example","hostDir":"exp","fullHostDir":"e:\\code\\nodejs\\n-app-02\\apps/example","_mdl":{}}
[2018-07-07T22:49:13.562] [INFO] info - E:\code\nodejs\n-app-02\packages\quicky\q-apps\index.js load app:{"name":"cms","dir":"apps/cms","hostDir":"cms","fullHostDir":"e:\\code\\nodejs\\n-app-02\\apps/cms","_mdl":{}}
[2018-07-07T22:49:13.582] [INFO] info - E:\code\nodejs\n-app-02\packages\quicky\q-apps\index.js load app:{"name":"candidate","dir":"apps/candidate","hostDir":"candidate","fullHostDir":"e:\\code\\nodejs\\n-app-02\\apps/candidate","_mdl":{}}
[2018-07-07T22:49:13.597] [INFO] info - E:\code\nodejs\n-app-02\packages\quicky\q-apps\index.js load app:{"name":"candidate-admin","dir":"apps/candidate-admin","hostDir":"candidate-admin","fullHostDir":"e:\\code\\nodejs\\n-app-02\\apps/candidate-admin","_mdl":{}}
[2018-07-07T22:49:17.200] [INFO] info - E:\code\nodejs\n-app-02\packages\quicky\q-apps\index.js load app:{"name":"admin","dir":"apps/admin","hostDir":"admin","fullHostDir":"e:\\code\\nodejs\\n-app-02\\apps/admin","_mdl":{}}
[2018-07-07T22:50:14.725] [INFO] info - E:\code\nodejs\n-app-02\packages\quicky\q-apps\index.js load app:{"name":"example","dir":"apps/example","hostDir":"exp","fullHostDir":"e:\\code\\nodejs\\n-app-02\\apps/example","_mdl":{}}
[2018-07-07T22:50:14.732] [INFO] info - E:\code\nodejs\n-app-02\packages\quicky\q-apps\index.js load app:{"name":"cms","dir":"apps/cms","hostDir":"cms","fullHostDir":"e:\\code\\nodejs\\n-app-02\\apps/cms","_mdl":{}}
[2018-07-07T22:50:14.753] [INFO] info - E:\code\nodejs\n-app-02\packages\quicky\q-apps\index.js load app:{"name":"candidate","dir":"apps/candidate","hostDir":"candidate","fullHostDir":"e:\\code\\nodejs\\n-app-02\\apps/candidate","_mdl":{}}
[2018-07-07T22:50:14.770] [INFO] info - E:\code\nodejs\n-app-02\packages\quicky\q-apps\index.js load app:{"name":"candidate-admin","dir":"apps/candidate-admin","hostDir":"candidate-admin","fullHostDir":"e:\\code\\nodejs\\n-app-02\\apps/candidate-admin","_mdl":{}}
[2018-07-07T22:50:17.531] [INFO] info - E:\code\nodejs\n-app-02\packages\quicky\q-apps\index.js load app:{"name":"admin","dir":"apps/admin","hostDir":"admin","fullHostDir":"e:\\code\\nodejs\\n-app-02\\apps/admin","_mdl":{}}
[2018-07-07T22:50:58.376] [INFO] info - E:\code\nodejs\n-app-02\packages\quicky\q-apps\index.js load app:{"name":"example","dir":"apps/example","hostDir":"exp","fullHostDir":"e:\\code\\nodejs\\n-app-02\\apps/example","_mdl":{}}
[2018-07-07T22:50:58.382] [INFO] info - E:\code\nodejs\n-app-02\packages\quicky\q-apps\index.js load app:{"name":"cms","dir":"apps/cms","hostDir":"cms","fullHostDir":"e:\\code\\nodejs\\n-app-02\\apps/cms","_mdl":{}}
[2018-07-07T22:50:58.402] [INFO] info - E:\code\nodejs\n-app-02\packages\quicky\q-apps\index.js load app:{"name":"candidate","dir":"apps/candidate","hostDir":"candidate","fullHostDir":"e:\\code\\nodejs\\n-app-02\\apps/candidate","_mdl":{}}
[2018-07-07T22:50:58.418] [INFO] info - E:\code\nodejs\n-app-02\packages\quicky\q-apps\index.js load app:{"name":"candidate-admin","dir":"apps/candidate-admin","hostDir":"candidate-admin","fullHostDir":"e:\\code\\nodejs\\n-app-02\\apps/candidate-admin","_mdl":{}}
[2018-07-07T22:51:01.603] [INFO] info - E:\code\nodejs\n-app-02\packages\quicky\q-apps\index.js load app:{"name":"admin","dir":"apps/admin","hostDir":"admin","fullHostDir":"e:\\code\\nodejs\\n-app-02\\apps/admin","_mdl":{}}
[2018-07-07T22:51:51.612] [INFO] info - E:\code\nodejs\n-app-02\packages\quicky\q-apps\index.js load app:{"name":"example","dir":"apps/example","hostDir":"exp","fullHostDir":"e:\\code\\nodejs\\n-app-02\\apps/example","_mdl":{}}
[2018-07-07T22:51:51.620] [INFO] info - E:\code\nodejs\n-app-02\packages\quicky\q-apps\index.js load app:{"name":"cms","dir":"apps/cms","hostDir":"cms","fullHostDir":"e:\\code\\nodejs\\n-app-02\\apps/cms","_mdl":{}}
[2018-07-07T22:51:51.641] [INFO] info - E:\code\nodejs\n-app-02\packages\quicky\q-apps\index.js load app:{"name":"candidate","dir":"apps/candidate","hostDir":"candidate","fullHostDir":"e:\\code\\nodejs\\n-app-02\\apps/candidate","_mdl":{}}
[2018-07-07T22:51:51.658] [INFO] info - E:\code\nodejs\n-app-02\packages\quicky\q-apps\index.js load app:{"name":"candidate-admin","dir":"apps/candidate-admin","hostDir":"candidate-admin","fullHostDir":"e:\\code\\nodejs\\n-app-02\\apps/candidate-admin","_mdl":{}}
[2018-07-07T22:52:07.682] [INFO] info - E:\code\nodejs\n-app-02\packages\quicky\q-apps\index.js load app:{"name":"admin","dir":"apps/admin","hostDir":"admin","fullHostDir":"e:\\code\\nodejs\\n-app-02\\apps/admin","_mdl":{}}
[2018-07-07T22:52:41.550] [INFO] info - E:\code\nodejs\n-app-02\packages\quicky\q-apps\index.js load app:{"name":"example","dir":"apps/example","hostDir":"exp","fullHostDir":"e:\\code\\nodejs\\n-app-02\\apps/example","_mdl":{}}
[2018-07-07T22:52:41.557] [INFO] info - E:\code\nodejs\n-app-02\packages\quicky\q-apps\index.js load app:{"name":"cms","dir":"apps/cms","hostDir":"cms","fullHostDir":"e:\\code\\nodejs\\n-app-02\\apps/cms","_mdl":{}}
[2018-07-07T22:52:41.578] [INFO] info - E:\code\nodejs\n-app-02\packages\quicky\q-apps\index.js load app:{"name":"candidate","dir":"apps/candidate","hostDir":"candidate","fullHostDir":"e:\\code\\nodejs\\n-app-02\\apps/candidate","_mdl":{}}
[2018-07-07T22:52:41.595] [INFO] info - E:\code\nodejs\n-app-02\packages\quicky\q-apps\index.js load app:{"name":"candidate-admin","dir":"apps/candidate-admin","hostDir":"candidate-admin","fullHostDir":"e:\\code\\nodejs\\n-app-02\\apps/candidate-admin","_mdl":{}}
[2018-07-07T22:52:44.190] [INFO] info - E:\code\nodejs\n-app-02\packages\quicky\q-apps\index.js load app:{"name":"admin","dir":"apps/admin","hostDir":"admin","fullHostDir":"e:\\code\\nodejs\\n-app-02\\apps/admin","_mdl":{}}
[2018-07-07T22:55:17.369] [INFO] info - E:\code\nodejs\n-app-02\packages\quicky\q-apps\index.js load app:{"name":"example","dir":"apps/example","hostDir":"exp","fullHostDir":"e:\\code\\nodejs\\n-app-02\\apps/example","_mdl":{}}
[2018-07-07T22:55:17.376] [INFO] info - E:\code\nodejs\n-app-02\packages\quicky\q-apps\index.js load app:{"name":"cms","dir":"apps/cms","hostDir":"cms","fullHostDir":"e:\\code\\nodejs\\n-app-02\\apps/cms","_mdl":{}}
[2018-07-07T22:55:17.397] [INFO] info - E:\code\nodejs\n-app-02\packages\quicky\q-apps\index.js load app:{"name":"candidate","dir":"apps/candidate","hostDir":"candidate","fullHostDir":"e:\\code\\nodejs\\n-app-02\\apps/candidate","_mdl":{}}
[2018-07-07T22:55:17.413] [INFO] info - E:\code\nodejs\n-app-02\packages\quicky\q-apps\index.js load app:{"name":"candidate-admin","dir":"apps/candidate-admin","hostDir":"candidate-admin","fullHostDir":"e:\\code\\nodejs\\n-app-02\\apps/candidate-admin","_mdl":{}}
[2018-07-07T22:55:20.316] [INFO] info - E:\code\nodejs\n-app-02\packages\quicky\q-apps\index.js load app:{"name":"admin","dir":"apps/admin","hostDir":"admin","fullHostDir":"e:\\code\\nodejs\\n-app-02\\apps/admin","_mdl":{}}
[2018-07-07T22:56:10.921] [INFO] info - E:\code\nodejs\n-app-02\packages\quicky\q-apps\index.js load app:{"name":"example","dir":"apps/example","hostDir":"exp","fullHostDir":"e:\\code\\nodejs\\n-app-02\\apps/example","_mdl":{}}
[2018-07-07T22:56:10.928] [INFO] info - E:\code\nodejs\n-app-02\packages\quicky\q-apps\index.js load app:{"name":"cms","dir":"apps/cms","hostDir":"cms","fullHostDir":"e:\\code\\nodejs\\n-app-02\\apps/cms","_mdl":{}}
[2018-07-07T22:56:10.948] [INFO] info - E:\code\nodejs\n-app-02\packages\quicky\q-apps\index.js load app:{"name":"candidate","dir":"apps/candidate","hostDir":"candidate","fullHostDir":"e:\\code\\nodejs\\n-app-02\\apps/candidate","_mdl":{}}
[2018-07-07T22:56:10.963] [INFO] info - E:\code\nodejs\n-app-02\packages\quicky\q-apps\index.js load app:{"name":"candidate-admin","dir":"apps/candidate-admin","hostDir":"candidate-admin","fullHostDir":"e:\\code\\nodejs\\n-app-02\\apps/candidate-admin","_mdl":{}}
[2018-07-07T22:56:13.472] [INFO] info - E:\code\nodejs\n-app-02\packages\quicky\q-apps\index.js load app:{"name":"admin","dir":"apps/admin","hostDir":"admin","fullHostDir":"e:\\code\\nodejs\\n-app-02\\apps/admin","_mdl":{}}
[2018-07-07T22:57:02.308] [INFO] info - E:\code\nodejs\n-app-02\packages\quicky\q-apps\index.js load app:{"name":"example","dir":"apps/example","hostDir":"exp","fullHostDir":"e:\\code\\nodejs\\n-app-02\\apps/example","_mdl":{}}
[2018-07-07T22:57:02.317] [INFO] info - E:\code\nodejs\n-app-02\packages\quicky\q-apps\index.js load app:{"name":"cms","dir":"apps/cms","hostDir":"cms","fullHostDir":"e:\\code\\nodejs\\n-app-02\\apps/cms","_mdl":{}}
[2018-07-07T22:57:02.341] [INFO] info - E:\code\nodejs\n-app-02\packages\quicky\q-apps\index.js load app:{"name":"candidate","dir":"apps/candidate","hostDir":"candidate","fullHostDir":"e:\\code\\nodejs\\n-app-02\\apps/candidate","_mdl":{}}
[2018-07-07T22:57:02.359] [INFO] info - E:\code\nodejs\n-app-02\packages\quicky\q-apps\index.js load app:{"name":"candidate-admin","dir":"apps/candidate-admin","hostDir":"candidate-admin","fullHostDir":"e:\\code\\nodejs\\n-app-02\\apps/candidate-admin","_mdl":{}}
[2018-07-07T22:57:08.514] [INFO] info - E:\code\nodejs\n-app-02\packages\quicky\q-apps\index.js load app:{"name":"admin","dir":"apps/admin","hostDir":"admin","fullHostDir":"e:\\code\\nodejs\\n-app-02\\apps/admin","_mdl":{}}
