[2018-07-06T11:47:23.501] [INFO] info - /home/hcsadmin/code/node_modules/quicky/q-apps/index.js load app:{"name":"example","dir":"apps/example","hostDir":"exp","fullHostDir":"/home/hcsadmin/code/apps/example","_mdl":{}}
[2018-07-06T11:47:23.504] [INFO] info - /home/hcsadmin/code/node_modules/quicky/q-apps/index.js load app:{"name":"cms","dir":"apps/cms","hostDir":"cms","fullHostDir":"/home/hcsadmin/code/apps/cms","_mdl":{}}
[2018-07-06T11:47:23.511] [INFO] info - /home/hcsadmin/code/node_modules/quicky/q-apps/index.js load app:{"name":"candidate","dir":"apps/candidate","hostDir":"candidate","fullHostDir":"/home/hcsadmin/code/apps/candidate","_mdl":{}}
[2018-07-06T11:47:23.519] [INFO] info - /home/hcsadmin/code/node_modules/quicky/q-apps/index.js load app:{"name":"candidate-admin","dir":"apps/candidate-admin","hostDir":"candidate-admin","fullHostDir":"/home/hcsadmin/code/apps/candidate-admin","_mdl":{}}
[2018-07-06T11:47:23.524] [INFO] info - /home/hcsadmin/code/node_modules/quicky/q-apps/index.js load app:{"name":"admin","dir":"apps/admin","hostDir":"admin","fullHostDir":"/home/hcsadmin/code/apps/admin","_mdl":{}}
[2018-07-06T11:52:55.513] [INFO] info - /home/hcsadmin/code/node_modules/quicky/q-apps/index.js load app:{"name":"example","dir":"apps/example","hostDir":"exp","fullHostDir":"/home/hcsadmin/code/apps/example","_mdl":{}}
[2018-07-06T11:52:55.516] [INFO] info - /home/hcsadmin/code/node_modules/quicky/q-apps/index.js load app:{"name":"cms","dir":"apps/cms","hostDir":"cms","fullHostDir":"/home/hcsadmin/code/apps/cms","_mdl":{}}
[2018-07-06T11:52:55.523] [INFO] info - /home/hcsadmin/code/node_modules/quicky/q-apps/index.js load app:{"name":"candidate","dir":"apps/candidate","hostDir":"candidate","fullHostDir":"/home/hcsadmin/code/apps/candidate","_mdl":{}}
[2018-07-06T11:52:55.528] [INFO] info - /home/hcsadmin/code/node_modules/quicky/q-apps/index.js load app:{"name":"candidate-admin","dir":"apps/candidate-admin","hostDir":"candidate-admin","fullHostDir":"/home/hcsadmin/code/apps/candidate-admin","_mdl":{}}
[2018-07-06T11:52:55.532] [INFO] info - /home/hcsadmin/code/node_modules/quicky/q-apps/index.js load app:{"name":"admin","dir":"apps/admin","hostDir":"admin","fullHostDir":"/home/hcsadmin/code/apps/admin","_mdl":{}}
[2018-07-06T16:16:01.928] [INFO] info - /home/hcsadmin/code/node_modules/quicky/q-apps/index.js load app:{"name":"example","dir":"apps/example","hostDir":"exp","fullHostDir":"/home/hcsadmin/code/apps/example","_mdl":{}}
[2018-07-06T16:16:01.933] [INFO] info - /home/hcsadmin/code/node_modules/quicky/q-apps/index.js load app:{"name":"cms","dir":"apps/cms","hostDir":"cms","fullHostDir":"/home/hcsadmin/code/apps/cms","_mdl":{}}
[2018-07-06T16:16:01.938] [INFO] info - /home/hcsadmin/code/node_modules/quicky/q-apps/index.js load app:{"name":"candidate","dir":"apps/candidate","hostDir":"candidate","fullHostDir":"/home/hcsadmin/code/apps/candidate","_mdl":{}}
[2018-07-06T16:16:01.942] [INFO] info - /home/hcsadmin/code/node_modules/quicky/q-apps/index.js load app:{"name":"candidate-admin","dir":"apps/candidate-admin","hostDir":"candidate-admin","fullHostDir":"/home/hcsadmin/code/apps/candidate-admin","_mdl":{}}
[2018-07-06T16:16:01.946] [INFO] info - /home/hcsadmin/code/node_modules/quicky/q-apps/index.js load app:{"name":"admin","dir":"apps/admin","hostDir":"admin","fullHostDir":"/home/hcsadmin/code/apps/admin","_mdl":{}}
[2018-07-06T16:16:46.880] [INFO] info - /home/hcsadmin/code/packages/quicky/q-apps/index.js load app:{"name":"example","dir":"apps/example","hostDir":"exp","fullHostDir":"/home/hcsadmin/code/apps/example","_mdl":{}}
[2018-07-06T16:16:49.560] [INFO] info - /home/hcsadmin/code/packages/quicky/q-apps/index.js load app:{"name":"cms","dir":"apps/cms","hostDir":"cms","fullHostDir":"/home/hcsadmin/code/apps/cms","_mdl":{}}
[2018-07-06T16:16:49.571] [INFO] info - /home/hcsadmin/code/packages/quicky/q-apps/index.js load app:{"name":"candidate","dir":"apps/candidate","hostDir":"candidate","fullHostDir":"/home/hcsadmin/code/apps/candidate","_mdl":{}}
[2018-07-06T16:16:49.580] [INFO] info - /home/hcsadmin/code/packages/quicky/q-apps/index.js load app:{"name":"candidate-admin","dir":"apps/candidate-admin","hostDir":"candidate-admin","fullHostDir":"/home/hcsadmin/code/apps/candidate-admin","_mdl":{}}
[2018-07-06T16:16:49.588] [INFO] info - /home/hcsadmin/code/packages/quicky/q-apps/index.js load app:{"name":"admin","dir":"apps/admin","hostDir":"admin","fullHostDir":"/home/hcsadmin/code/apps/admin","_mdl":{}}
[2018-07-06T16:27:17.894] [INFO] info - /home/hcsadmin/code/packages/quicky/q-apps/index.js load app:{"name":"example","dir":"apps/example","hostDir":"exp","fullHostDir":"/home/hcsadmin/code/apps/example","_mdl":{}}
[2018-07-06T16:27:17.896] [INFO] info - /home/hcsadmin/code/packages/quicky/q-apps/index.js load app:{"name":"cms","dir":"apps/cms","hostDir":"cms","fullHostDir":"/home/hcsadmin/code/apps/cms","_mdl":{}}
[2018-07-06T16:27:17.901] [INFO] info - /home/hcsadmin/code/packages/quicky/q-apps/index.js load app:{"name":"candidate","dir":"apps/candidate","hostDir":"candidate","fullHostDir":"/home/hcsadmin/code/apps/candidate","_mdl":{}}
[2018-07-06T16:27:17.906] [INFO] info - /home/hcsadmin/code/packages/quicky/q-apps/index.js load app:{"name":"candidate-admin","dir":"apps/candidate-admin","hostDir":"candidate-admin","fullHostDir":"/home/hcsadmin/code/apps/candidate-admin","_mdl":{}}
[2018-07-06T16:27:17.909] [INFO] info - /home/hcsadmin/code/packages/quicky/q-apps/index.js load app:{"name":"admin","dir":"apps/admin","hostDir":"admin","fullHostDir":"/home/hcsadmin/code/apps/admin","_mdl":{}}
[2018-07-06T16:28:09.541] [INFO] info - /home/hcsadmin/code/packages/quicky/q-apps/index.js load app:{"name":"example","dir":"apps/example","hostDir":"exp","fullHostDir":"/home/hcsadmin/code/apps/example","_mdl":{}}
[2018-07-06T16:28:09.543] [INFO] info - /home/hcsadmin/code/packages/quicky/q-apps/index.js load app:{"name":"cms","dir":"apps/cms","hostDir":"cms","fullHostDir":"/home/hcsadmin/code/apps/cms","_mdl":{}}
[2018-07-06T16:28:09.553] [INFO] info - /home/hcsadmin/code/packages/quicky/q-apps/index.js load app:{"name":"candidate","dir":"apps/candidate","hostDir":"candidate","fullHostDir":"/home/hcsadmin/code/apps/candidate","_mdl":{}}
[2018-07-06T16:28:09.559] [INFO] info - /home/hcsadmin/code/packages/quicky/q-apps/index.js load app:{"name":"candidate-admin","dir":"apps/candidate-admin","hostDir":"candidate-admin","fullHostDir":"/home/hcsadmin/code/apps/candidate-admin","_mdl":{}}
[2018-07-06T16:28:09.564] [INFO] info - /home/hcsadmin/code/packages/quicky/q-apps/index.js load app:{"name":"admin","dir":"apps/admin","hostDir":"admin","fullHostDir":"/home/hcsadmin/code/apps/admin","_mdl":{}}
[2018-07-06T16:28:55.470] [INFO] info - /home/hcsadmin/code/packages/quicky/q-apps/index.js load app:{"name":"example","dir":"apps/example","hostDir":"exp","fullHostDir":"/home/hcsadmin/code/apps/example","_mdl":{}}
[2018-07-06T16:28:56.604] [INFO] info - /home/hcsadmin/code/packages/quicky/q-apps/index.js load app:{"name":"cms","dir":"apps/cms","hostDir":"cms","fullHostDir":"/home/hcsadmin/code/apps/cms","_mdl":{}}
[2018-07-06T16:28:59.013] [INFO] info - /home/hcsadmin/code/packages/quicky/q-apps/index.js load app:{"name":"candidate","dir":"apps/candidate","hostDir":"candidate","fullHostDir":"/home/hcsadmin/code/apps/candidate","_mdl":{}}
[2018-07-06T16:28:59.027] [INFO] info - /home/hcsadmin/code/packages/quicky/q-apps/index.js load app:{"name":"candidate-admin","dir":"apps/candidate-admin","hostDir":"candidate-admin","fullHostDir":"/home/hcsadmin/code/apps/candidate-admin","_mdl":{}}
[2018-07-06T16:28:59.037] [INFO] info - /home/hcsadmin/code/packages/quicky/q-apps/index.js load app:{"name":"admin","dir":"apps/admin","hostDir":"admin","fullHostDir":"/home/hcsadmin/code/apps/admin","_mdl":{}}
[2018-07-06T16:29:31.134] [INFO] info - /home/hcsadmin/code/packages/quicky/q-apps/index.js load app:{"name":"example","dir":"apps/example","hostDir":"exp","fullHostDir":"/home/hcsadmin/code/apps/example","_mdl":{}}
[2018-07-06T16:29:31.137] [INFO] info - /home/hcsadmin/code/packages/quicky/q-apps/index.js load app:{"name":"cms","dir":"apps/cms","hostDir":"cms","fullHostDir":"/home/hcsadmin/code/apps/cms","_mdl":{}}
[2018-07-06T16:29:31.143] [INFO] info - /home/hcsadmin/code/packages/quicky/q-apps/index.js load app:{"name":"candidate","dir":"apps/candidate","hostDir":"candidate","fullHostDir":"/home/hcsadmin/code/apps/candidate","_mdl":{}}
[2018-07-06T16:29:31.148] [INFO] info - /home/hcsadmin/code/packages/quicky/q-apps/index.js load app:{"name":"candidate-admin","dir":"apps/candidate-admin","hostDir":"candidate-admin","fullHostDir":"/home/hcsadmin/code/apps/candidate-admin","_mdl":{}}
[2018-07-06T16:29:31.151] [INFO] info - /home/hcsadmin/code/packages/quicky/q-apps/index.js load app:{"name":"admin","dir":"apps/admin","hostDir":"admin","fullHostDir":"/home/hcsadmin/code/apps/admin","_mdl":{}}
[2018-07-06T16:32:15.631] [INFO] info - /home/hcsadmin/code/packages/quicky/q-apps/index.js load app:{"name":"example","dir":"apps/example","hostDir":"exp","fullHostDir":"/home/hcsadmin/code/apps/example","_mdl":{}}
[2018-07-06T16:32:16.443] [INFO] info - /home/hcsadmin/code/packages/quicky/q-apps/index.js load app:{"name":"cms","dir":"apps/cms","hostDir":"cms","fullHostDir":"/home/hcsadmin/code/apps/cms","_mdl":{}}
[2018-07-06T16:32:19.135] [INFO] info - /home/hcsadmin/code/packages/quicky/q-apps/index.js load app:{"name":"candidate","dir":"apps/candidate","hostDir":"candidate","fullHostDir":"/home/hcsadmin/code/apps/candidate","_mdl":{}}
[2018-07-06T16:32:19.145] [INFO] info - /home/hcsadmin/code/packages/quicky/q-apps/index.js load app:{"name":"candidate-admin","dir":"apps/candidate-admin","hostDir":"candidate-admin","fullHostDir":"/home/hcsadmin/code/apps/candidate-admin","_mdl":{}}
[2018-07-06T16:32:19.149] [INFO] info - /home/hcsadmin/code/packages/quicky/q-apps/index.js load app:{"name":"admin","dir":"apps/admin","hostDir":"admin","fullHostDir":"/home/hcsadmin/code/apps/admin","_mdl":{}}
[2018-07-06T16:32:53.362] [INFO] info - /home/hcsadmin/code/packages/quicky/q-apps/index.js load app:{"name":"example","dir":"apps/example","hostDir":"exp","fullHostDir":"/home/hcsadmin/code/apps/example","_mdl":{}}
[2018-07-06T16:32:53.364] [INFO] info - /home/hcsadmin/code/packages/quicky/q-apps/index.js load app:{"name":"cms","dir":"apps/cms","hostDir":"cms","fullHostDir":"/home/hcsadmin/code/apps/cms","_mdl":{}}
[2018-07-06T16:32:53.371] [INFO] info - /home/hcsadmin/code/packages/quicky/q-apps/index.js load app:{"name":"candidate","dir":"apps/candidate","hostDir":"candidate","fullHostDir":"/home/hcsadmin/code/apps/candidate","_mdl":{}}
[2018-07-06T16:32:53.377] [INFO] info - /home/hcsadmin/code/packages/quicky/q-apps/index.js load app:{"name":"candidate-admin","dir":"apps/candidate-admin","hostDir":"candidate-admin","fullHostDir":"/home/hcsadmin/code/apps/candidate-admin","_mdl":{}}
[2018-07-06T16:32:53.381] [INFO] info - /home/hcsadmin/code/packages/quicky/q-apps/index.js load app:{"name":"admin","dir":"apps/admin","hostDir":"admin","fullHostDir":"/home/hcsadmin/code/apps/admin","_mdl":{}}
[2018-07-06T16:40:45.733] [INFO] info - /home/hcsadmin/code/packages/quicky/q-apps/index.js load app:{"name":"example","dir":"apps/example","hostDir":"exp","fullHostDir":"/home/hcsadmin/code/apps/example","_mdl":{}}
[2018-07-06T16:41:45.311] [INFO] info - /home/hcsadmin/code/packages/quicky/q-apps/index.js load app:{"name":"example","dir":"apps/example","hostDir":"exp","fullHostDir":"/home/hcsadmin/code/apps/example","_mdl":{}}
[2018-07-06T16:43:55.463] [INFO] info - /home/hcsadmin/code/packages/quicky/q-apps/index.js load app:{"name":"example","dir":"apps/example","hostDir":"exp","fullHostDir":"/home/hcsadmin/code/apps/example","_mdl":{}}
[2018-07-06T16:43:56.661] [INFO] info - /home/hcsadmin/code/packages/quicky/q-apps/index.js load app:{"name":"cms","dir":"apps/cms","hostDir":"cms","fullHostDir":"/home/hcsadmin/code/apps/cms","_mdl":{}}
[2018-07-06T16:44:12.471] [INFO] info - /home/hcsadmin/code/packages/quicky/q-apps/index.js load app:{"name":"candidate","dir":"apps/candidate","hostDir":"candidate","fullHostDir":"/home/hcsadmin/code/apps/candidate","_mdl":{}}
[2018-07-06T16:44:12.478] [INFO] info - /home/hcsadmin/code/packages/quicky/q-apps/index.js load app:{"name":"candidate-admin","dir":"apps/candidate-admin","hostDir":"candidate-admin","fullHostDir":"/home/hcsadmin/code/apps/candidate-admin","_mdl":{}}
[2018-07-06T16:44:12.482] [INFO] info - /home/hcsadmin/code/packages/quicky/q-apps/index.js load app:{"name":"admin","dir":"apps/admin","hostDir":"admin","fullHostDir":"/home/hcsadmin/code/apps/admin","_mdl":{}}
[2018-07-06T16:46:13.599] [INFO] info - /home/hcsadmin/code/packages/quicky/q-apps/index.js load app:{"name":"example","dir":"apps/example","hostDir":"exp","fullHostDir":"/home/hcsadmin/code/apps/example","_mdl":{}}
[2018-07-06T16:46:14.793] [INFO] info - /home/hcsadmin/code/packages/quicky/q-apps/index.js load app:{"name":"cms","dir":"apps/cms","hostDir":"cms","fullHostDir":"/home/hcsadmin/code/apps/cms","_mdl":{}}
[2018-07-06T16:46:19.369] [INFO] info - /home/hcsadmin/code/packages/quicky/q-apps/index.js load app:{"name":"candidate","dir":"apps/candidate","hostDir":"candidate","fullHostDir":"/home/hcsadmin/code/apps/candidate","_mdl":{}}
[2018-07-06T16:46:19.385] [INFO] info - /home/hcsadmin/code/packages/quicky/q-apps/index.js load app:{"name":"candidate-admin","dir":"apps/candidate-admin","hostDir":"candidate-admin","fullHostDir":"/home/hcsadmin/code/apps/candidate-admin","_mdl":{}}
[2018-07-06T16:46:19.398] [INFO] info - /home/hcsadmin/code/packages/quicky/q-apps/index.js load app:{"name":"admin","dir":"apps/admin","hostDir":"admin","fullHostDir":"/home/hcsadmin/code/apps/admin","_mdl":{}}
[2018-07-06T17:49:51.371] [INFO] info - /home/hcsadmin/code/packages/quicky/q-apps/index.js load app:{"name":"example","dir":"apps/example","hostDir":"exp","fullHostDir":"/home/hcsadmin/code/apps/example","_mdl":{}}
[2018-07-06T17:49:51.374] [INFO] info - /home/hcsadmin/code/packages/quicky/q-apps/index.js load app:{"name":"cms","dir":"apps/cms","hostDir":"cms","fullHostDir":"/home/hcsadmin/code/apps/cms","_mdl":{}}
[2018-07-06T17:49:51.380] [INFO] info - /home/hcsadmin/code/packages/quicky/q-apps/index.js load app:{"name":"candidate","dir":"apps/candidate","hostDir":"candidate","fullHostDir":"/home/hcsadmin/code/apps/candidate","_mdl":{}}
[2018-07-06T17:49:51.386] [INFO] info - /home/hcsadmin/code/packages/quicky/q-apps/index.js load app:{"name":"candidate-admin","dir":"apps/candidate-admin","hostDir":"candidate-admin","fullHostDir":"/home/hcsadmin/code/apps/candidate-admin","_mdl":{}}
[2018-07-06T17:49:51.390] [INFO] info - /home/hcsadmin/code/packages/quicky/q-apps/index.js load app:{"name":"admin","dir":"apps/admin","hostDir":"admin","fullHostDir":"/home/hcsadmin/code/apps/admin","_mdl":{}}
[2018-07-06T17:56:00.336] [INFO] info - /home/hcsadmin/code/packages/quicky/q-apps/index.js load app:{"name":"example","dir":"apps/example","hostDir":"exp","fullHostDir":"/home/hcsadmin/code/apps/example","_mdl":{}}
[2018-07-06T17:56:00.338] [INFO] info - /home/hcsadmin/code/packages/quicky/q-apps/index.js load app:{"name":"cms","dir":"apps/cms","hostDir":"cms","fullHostDir":"/home/hcsadmin/code/apps/cms","_mdl":{}}
[2018-07-06T17:56:00.344] [INFO] info - /home/hcsadmin/code/packages/quicky/q-apps/index.js load app:{"name":"candidate","dir":"apps/candidate","hostDir":"candidate","fullHostDir":"/home/hcsadmin/code/apps/candidate","_mdl":{}}
[2018-07-06T17:56:00.349] [INFO] info - /home/hcsadmin/code/packages/quicky/q-apps/index.js load app:{"name":"candidate-admin","dir":"apps/candidate-admin","hostDir":"candidate-admin","fullHostDir":"/home/hcsadmin/code/apps/candidate-admin","_mdl":{}}
[2018-07-06T17:57:27.659] [INFO] info - /home/hcsadmin/code/packages/quicky/q-apps/index.js load app:{"name":"example","dir":"apps/example","hostDir":"exp","fullHostDir":"/home/hcsadmin/code/apps/example","_mdl":{}}
[2018-07-06T17:57:27.662] [INFO] info - /home/hcsadmin/code/packages/quicky/q-apps/index.js load app:{"name":"cms","dir":"apps/cms","hostDir":"cms","fullHostDir":"/home/hcsadmin/code/apps/cms","_mdl":{}}
[2018-07-06T17:57:27.669] [INFO] info - /home/hcsadmin/code/packages/quicky/q-apps/index.js load app:{"name":"candidate","dir":"apps/candidate","hostDir":"candidate","fullHostDir":"/home/hcsadmin/code/apps/candidate","_mdl":{}}
[2018-07-06T17:57:27.675] [INFO] info - /home/hcsadmin/code/packages/quicky/q-apps/index.js load app:{"name":"candidate-admin","dir":"apps/candidate-admin","hostDir":"candidate-admin","fullHostDir":"/home/hcsadmin/code/apps/candidate-admin","_mdl":{}}
[2018-07-06T17:58:24.180] [INFO] info - /home/hcsadmin/code/packages/quicky/q-apps/index.js load app:{"name":"example","dir":"apps/example","hostDir":"exp","fullHostDir":"/home/hcsadmin/code/apps/example","_mdl":{}}
[2018-07-06T17:58:24.182] [INFO] info - /home/hcsadmin/code/packages/quicky/q-apps/index.js load app:{"name":"cms","dir":"apps/cms","hostDir":"cms","fullHostDir":"/home/hcsadmin/code/apps/cms","_mdl":{}}
[2018-07-06T17:58:24.188] [INFO] info - /home/hcsadmin/code/packages/quicky/q-apps/index.js load app:{"name":"candidate","dir":"apps/candidate","hostDir":"candidate","fullHostDir":"/home/hcsadmin/code/apps/candidate","_mdl":{}}
[2018-07-06T17:58:24.193] [INFO] info - /home/hcsadmin/code/packages/quicky/q-apps/index.js load app:{"name":"candidate-admin","dir":"apps/candidate-admin","hostDir":"candidate-admin","fullHostDir":"/home/hcsadmin/code/apps/candidate-admin","_mdl":{}}
[2018-07-06T18:01:41.404] [INFO] info - /home/hcsadmin/code/packages/quicky/q-apps/index.js load app:{"name":"example","dir":"apps/example","hostDir":"exp","fullHostDir":"/home/hcsadmin/code/apps/example","_mdl":{}}
[2018-07-06T18:01:42.334] [INFO] info - /home/hcsadmin/code/packages/quicky/q-apps/index.js load app:{"name":"cms","dir":"apps/cms","hostDir":"cms","fullHostDir":"/home/hcsadmin/code/apps/cms","_mdl":{}}
[2018-07-06T18:01:42.542] [INFO] info - /home/hcsadmin/code/packages/quicky/q-apps/index.js load app:{"name":"candidate","dir":"apps/candidate","hostDir":"candidate","fullHostDir":"/home/hcsadmin/code/apps/candidate","_mdl":{}}
[2018-07-06T18:01:45.402] [INFO] info - /home/hcsadmin/code/packages/quicky/q-apps/index.js load app:{"name":"candidate-admin","dir":"apps/candidate-admin","hostDir":"candidate-admin","fullHostDir":"/home/hcsadmin/code/apps/candidate-admin","_mdl":{}}
[2018-07-06T18:01:45.422] [INFO] info - /home/hcsadmin/code/packages/quicky/q-apps/index.js load app:{"name":"admin","dir":"apps/admin","hostDir":"admin","fullHostDir":"/home/hcsadmin/code/apps/admin","_mdl":{}}
[2018-07-06T18:02:56.437] [INFO] info - /home/hcsadmin/code/packages/quicky/q-apps/index.js load app:{"name":"example","dir":"apps/example","hostDir":"exp","fullHostDir":"/home/hcsadmin/code/apps/example","_mdl":{}}
[2018-07-06T18:02:56.441] [INFO] info - /home/hcsadmin/code/packages/quicky/q-apps/index.js load app:{"name":"cms","dir":"apps/cms","hostDir":"cms","fullHostDir":"/home/hcsadmin/code/apps/cms","_mdl":{}}
[2018-07-06T18:02:56.453] [INFO] info - /home/hcsadmin/code/packages/quicky/q-apps/index.js load app:{"name":"candidate","dir":"apps/candidate","hostDir":"candidate","fullHostDir":"/home/hcsadmin/code/apps/candidate","_mdl":{}}
[2018-07-06T18:02:56.460] [INFO] info - /home/hcsadmin/code/packages/quicky/q-apps/index.js load app:{"name":"candidate-admin","dir":"apps/candidate-admin","hostDir":"candidate-admin","fullHostDir":"/home/hcsadmin/code/apps/candidate-admin","_mdl":{}}
[2018-07-06T18:02:56.466] [INFO] info - /home/hcsadmin/code/packages/quicky/q-apps/index.js load app:{"name":"admin","dir":"apps/admin","hostDir":"admin","fullHostDir":"/home/hcsadmin/code/apps/admin","_mdl":{}}
[2018-07-06T18:04:31.566] [INFO] info - /home/hcsadmin/code/packages/quicky/q-apps/index.js load app:{"name":"admin","dir":"apps/admin","hostDir":"admin","fullHostDir":"/home/hcsadmin/code/apps/admin","_mdl":{}}
[2018-07-06T18:05:01.027] [INFO] info - /home/hcsadmin/code/packages/quicky/q-apps/index.js load app:{"name":"example","dir":"apps/example","hostDir":"exp","fullHostDir":"/home/hcsadmin/code/apps/example","_mdl":{}}
[2018-07-06T18:05:01.030] [INFO] info - /home/hcsadmin/code/packages/quicky/q-apps/index.js load app:{"name":"cms","dir":"apps/cms","hostDir":"cms","fullHostDir":"/home/hcsadmin/code/apps/cms","_mdl":{}}
[2018-07-06T18:05:01.039] [INFO] info - /home/hcsadmin/code/packages/quicky/q-apps/index.js load app:{"name":"candidate","dir":"apps/candidate","hostDir":"candidate","fullHostDir":"/home/hcsadmin/code/apps/candidate","_mdl":{}}
[2018-07-06T18:05:01.047] [INFO] info - /home/hcsadmin/code/packages/quicky/q-apps/index.js load app:{"name":"candidate-admin","dir":"apps/candidate-admin","hostDir":"candidate-admin","fullHostDir":"/home/hcsadmin/code/apps/candidate-admin","_mdl":{}}
[2018-07-06T18:05:01.072] [INFO] info - /home/hcsadmin/code/packages/quicky/q-apps/index.js load app:{"name":"admin","dir":"apps/admin","hostDir":"admin","fullHostDir":"/home/hcsadmin/code/apps/admin","_mdl":{}}
[2018-07-06T18:05:46.083] [INFO] info - /home/hcsadmin/code/packages/quicky/q-apps/index.js load app:{"name":"admin","dir":"apps/admin","hostDir":"admin","fullHostDir":"/home/hcsadmin/code/apps/admin","_mdl":{}}
[2018-07-06T18:06:09.960] [INFO] info - /home/hcsadmin/code/packages/quicky/q-apps/index.js load app:{"name":"example","dir":"apps/example","hostDir":"exp","fullHostDir":"/home/hcsadmin/code/apps/example","_mdl":{}}
[2018-07-06T18:06:09.963] [INFO] info - /home/hcsadmin/code/packages/quicky/q-apps/index.js load app:{"name":"cms","dir":"apps/cms","hostDir":"cms","fullHostDir":"/home/hcsadmin/code/apps/cms","_mdl":{}}
[2018-07-06T18:06:09.974] [INFO] info - /home/hcsadmin/code/packages/quicky/q-apps/index.js load app:{"name":"candidate","dir":"apps/candidate","hostDir":"candidate","fullHostDir":"/home/hcsadmin/code/apps/candidate","_mdl":{}}
[2018-07-06T18:06:09.981] [INFO] info - /home/hcsadmin/code/packages/quicky/q-apps/index.js load app:{"name":"candidate-admin","dir":"apps/candidate-admin","hostDir":"candidate-admin","fullHostDir":"/home/hcsadmin/code/apps/candidate-admin","_mdl":{}}
[2018-07-06T18:06:10.007] [INFO] info - /home/hcsadmin/code/packages/quicky/q-apps/index.js load app:{"name":"admin","dir":"apps/admin","hostDir":"admin","fullHostDir":"/home/hcsadmin/code/apps/admin","_mdl":{}}
[2018-07-06T18:07:53.060] [INFO] info - /home/hcsadmin/code/packages/quicky/q-apps/index.js load app:{"name":"example","dir":"apps/example","hostDir":"exp","fullHostDir":"/home/hcsadmin/code/apps/example","_mdl":{}}
[2018-07-06T18:07:53.062] [INFO] info - /home/hcsadmin/code/packages/quicky/q-apps/index.js load app:{"name":"cms","dir":"apps/cms","hostDir":"cms","fullHostDir":"/home/hcsadmin/code/apps/cms","_mdl":{}}
[2018-07-06T18:07:53.074] [INFO] info - /home/hcsadmin/code/packages/quicky/q-apps/index.js load app:{"name":"candidate","dir":"apps/candidate","hostDir":"candidate","fullHostDir":"/home/hcsadmin/code/apps/candidate","_mdl":{}}
[2018-07-06T18:07:53.080] [INFO] info - /home/hcsadmin/code/packages/quicky/q-apps/index.js load app:{"name":"candidate-admin","dir":"apps/candidate-admin","hostDir":"candidate-admin","fullHostDir":"/home/hcsadmin/code/apps/candidate-admin","_mdl":{}}
[2018-07-06T18:07:53.103] [INFO] info - /home/hcsadmin/code/packages/quicky/q-apps/index.js load app:{"name":"admin","dir":"apps/admin","hostDir":"admin","fullHostDir":"/home/hcsadmin/code/apps/admin","_mdl":{}}
[2018-07-06T18:08:23.097] [INFO] info - /home/hcsadmin/code/packages/quicky/q-apps/index.js load app:{"name":"admin","dir":"apps/admin","hostDir":"admin","fullHostDir":"/home/hcsadmin/code/apps/admin","_mdl":{}}
[2018-07-06T18:10:58.706] [INFO] info - /home/hcsadmin/code/packages/quicky/q-apps/index.js load app:{"name":"example","dir":"apps/example","hostDir":"exp","fullHostDir":"/home/hcsadmin/code/apps/example","_mdl":{}}
[2018-07-06T18:10:58.709] [INFO] info - /home/hcsadmin/code/packages/quicky/q-apps/index.js load app:{"name":"cms","dir":"apps/cms","hostDir":"cms","fullHostDir":"/home/hcsadmin/code/apps/cms","_mdl":{}}
[2018-07-06T18:10:58.716] [INFO] info - /home/hcsadmin/code/packages/quicky/q-apps/index.js load app:{"name":"candidate","dir":"apps/candidate","hostDir":"candidate","fullHostDir":"/home/hcsadmin/code/apps/candidate","_mdl":{}}
[2018-07-06T18:10:58.722] [INFO] info - /home/hcsadmin/code/packages/quicky/q-apps/index.js load app:{"name":"candidate-admin","dir":"apps/candidate-admin","hostDir":"candidate-admin","fullHostDir":"/home/hcsadmin/code/apps/candidate-admin","_mdl":{}}
[2018-07-06T18:10:58.747] [INFO] info - /home/hcsadmin/code/packages/quicky/q-apps/index.js load app:{"name":"admin","dir":"apps/admin","hostDir":"admin","fullHostDir":"/home/hcsadmin/code/apps/admin","_mdl":{}}
[2018-07-06T18:11:53.778] [INFO] info - /home/hcsadmin/code/packages/quicky/q-apps/index.js load app:{"name":"admin","dir":"apps/admin","hostDir":"admin","fullHostDir":"/home/hcsadmin/code/apps/admin","_mdl":{}}
[2018-07-06T18:12:53.892] [INFO] info - /home/hcsadmin/code/packages/quicky/q-apps/index.js load app:{"name":"admin","dir":"apps/admin","hostDir":"admin","fullHostDir":"/home/hcsadmin/code/apps/admin","_mdl":{}}
[2018-07-06T18:13:48.972] [INFO] info - /home/hcsadmin/code/packages/quicky/q-apps/index.js load app:{"name":"admin","dir":"apps/admin","hostDir":"admin","fullHostDir":"/home/hcsadmin/code/apps/admin","_mdl":{}}
[2018-07-06T18:14:12.398] [INFO] info - /home/hcsadmin/code/packages/quicky/q-apps/index.js load app:{"name":"example","dir":"apps/example","hostDir":"exp","fullHostDir":"/home/hcsadmin/code/apps/example","_mdl":{}}
[2018-07-06T18:14:12.400] [INFO] info - /home/hcsadmin/code/packages/quicky/q-apps/index.js load app:{"name":"cms","dir":"apps/cms","hostDir":"cms","fullHostDir":"/home/hcsadmin/code/apps/cms","_mdl":{}}
[2018-07-06T18:14:12.408] [INFO] info - /home/hcsadmin/code/packages/quicky/q-apps/index.js load app:{"name":"candidate","dir":"apps/candidate","hostDir":"candidate","fullHostDir":"/home/hcsadmin/code/apps/candidate","_mdl":{}}
[2018-07-06T18:14:12.414] [INFO] info - /home/hcsadmin/code/packages/quicky/q-apps/index.js load app:{"name":"candidate-admin","dir":"apps/candidate-admin","hostDir":"candidate-admin","fullHostDir":"/home/hcsadmin/code/apps/candidate-admin","_mdl":{}}
[2018-07-06T18:14:12.436] [INFO] info - /home/hcsadmin/code/packages/quicky/q-apps/index.js load app:{"name":"admin","dir":"apps/admin","hostDir":"admin","fullHostDir":"/home/hcsadmin/code/apps/admin","_mdl":{}}
[2018-07-06T18:14:47.443] [INFO] info - /home/hcsadmin/code/packages/quicky/q-apps/index.js load app:{"name":"admin","dir":"apps/admin","hostDir":"admin","fullHostDir":"/home/hcsadmin/code/apps/admin","_mdl":{}}
[2018-07-06T18:15:47.529] [INFO] info - /home/hcsadmin/code/packages/quicky/q-apps/index.js load app:{"name":"admin","dir":"apps/admin","hostDir":"admin","fullHostDir":"/home/hcsadmin/code/apps/admin","_mdl":{}}
[2018-07-06T18:17:54.052] [INFO] info - /home/hcsadmin/code/packages/quicky/q-apps/index.js load app:{"name":"admin","dir":"apps/admin","hostDir":"admin","fullHostDir":"/home/hcsadmin/code/apps/admin","_mdl":{}}
[2018-07-06T22:00:34.170] [INFO] info - E:\code\nodejs\n-app-02\packages\quicky\q-apps\index.js load app:{"name":"example","dir":"apps/example","hostDir":"exp","fullHostDir":"e:\\code\\nodejs\\n-app-02\\apps/example","_mdl":{}}
[2018-07-06T22:00:34.177] [INFO] info - E:\code\nodejs\n-app-02\packages\quicky\q-apps\index.js load app:{"name":"cms","dir":"apps/cms","hostDir":"cms","fullHostDir":"e:\\code\\nodejs\\n-app-02\\apps/cms","_mdl":{}}
[2018-07-06T22:00:34.229] [INFO] info - E:\code\nodejs\n-app-02\packages\quicky\q-apps\index.js load app:{"name":"candidate","dir":"apps/candidate","hostDir":"candidate","fullHostDir":"e:\\code\\nodejs\\n-app-02\\apps/candidate","_mdl":{}}
[2018-07-06T22:00:34.276] [INFO] info - E:\code\nodejs\n-app-02\packages\quicky\q-apps\index.js load app:{"name":"candidate-admin","dir":"apps/candidate-admin","hostDir":"candidate-admin","fullHostDir":"e:\\code\\nodejs\\n-app-02\\apps/candidate-admin","_mdl":{}}
[2018-07-06T22:00:34.289] [INFO] info - E:\code\nodejs\n-app-02\packages\quicky\q-apps\index.js load app:{"name":"admin","dir":"apps/admin","hostDir":"admin","fullHostDir":"e:\\code\\nodejs\\n-app-02\\apps/admin","_mdl":{}}
