[2018-07-04T15:39:41.955] [INFO] info - /home/hcsadmin/code/packages/quicky/q-apps/index.js load app:{"name":"example","dir":"apps/example","hostDir":"exp","fullHostDir":"/home/hcsadmin/code/apps/example","_mdl":{}}
[2018-07-04T15:39:41.963] [INFO] info - /home/hcsadmin/code/packages/quicky/q-apps/index.js load app:{"name":"cms","dir":"apps/cms","hostDir":"cms","fullHostDir":"/home/hcsadmin/code/apps/cms","_mdl":{}}
[2018-07-04T15:39:41.980] [INFO] info - /home/hcsadmin/code/packages/quicky/q-apps/index.js load app:{"name":"candidate","dir":"apps/candidate","hostDir":"candidate","fullHostDir":"/home/hcsadmin/code/apps/candidate","_mdl":{}}
[2018-07-04T15:39:41.986] [INFO] info - /home/hcsadmin/code/packages/quicky/q-apps/index.js load app:{"name":"candidate-admin","dir":"apps/candidate-admin","hostDir":"candidate-admin","fullHostDir":"/home/hcsadmin/code/apps/candidate-admin","_mdl":{}}
[2018-07-04T15:39:41.991] [INFO] info - /home/hcsadmin/code/packages/quicky/q-apps/index.js load app:{"name":"admin","dir":"apps/admin","hostDir":"admin","fullHostDir":"/home/hcsadmin/code/apps/admin","_mdl":{}}
[2018-07-04T15:44:19.563] [INFO] info - /home/hcsadmin/code/packages/quicky/q-apps/index.js load app:{"name":"example","dir":"apps/example","hostDir":"exp","fullHostDir":"/home/hcsadmin/code/apps/example","_mdl":{}}
[2018-07-04T15:44:19.566] [INFO] info - /home/hcsadmin/code/packages/quicky/q-apps/index.js load app:{"name":"cms","dir":"apps/cms","hostDir":"cms","fullHostDir":"/home/hcsadmin/code/apps/cms","_mdl":{}}
[2018-07-04T15:44:19.571] [INFO] info - /home/hcsadmin/code/packages/quicky/q-apps/index.js load app:{"name":"candidate","dir":"apps/candidate","hostDir":"candidate","fullHostDir":"/home/hcsadmin/code/apps/candidate","_mdl":{}}
[2018-07-04T15:44:19.576] [INFO] info - /home/hcsadmin/code/packages/quicky/q-apps/index.js load app:{"name":"candidate-admin","dir":"apps/candidate-admin","hostDir":"candidate-admin","fullHostDir":"/home/hcsadmin/code/apps/candidate-admin","_mdl":{}}
[2018-07-04T15:44:19.578] [INFO] info - /home/hcsadmin/code/packages/quicky/q-apps/index.js load app:{"name":"admin","dir":"apps/admin","hostDir":"admin","fullHostDir":"/home/hcsadmin/code/apps/admin","_mdl":{}}
[2018-07-04T16:12:46.405] [INFO] info - /home/hcsadmin/code/packages/quicky/q-apps/index.js load app:{"name":"example","dir":"apps/example","hostDir":"exp","fullHostDir":"/home/hcsadmin/code/apps/example","_mdl":{}}
[2018-07-04T16:12:46.408] [INFO] info - /home/hcsadmin/code/packages/quicky/q-apps/index.js load app:{"name":"cms","dir":"apps/cms","hostDir":"cms","fullHostDir":"/home/hcsadmin/code/apps/cms","_mdl":{}}
[2018-07-04T16:12:46.416] [INFO] info - /home/hcsadmin/code/packages/quicky/q-apps/index.js load app:{"name":"candidate","dir":"apps/candidate","hostDir":"candidate","fullHostDir":"/home/hcsadmin/code/apps/candidate","_mdl":{}}
[2018-07-04T16:12:46.422] [INFO] info - /home/hcsadmin/code/packages/quicky/q-apps/index.js load app:{"name":"candidate-admin","dir":"apps/candidate-admin","hostDir":"candidate-admin","fullHostDir":"/home/hcsadmin/code/apps/candidate-admin","_mdl":{}}
[2018-07-04T16:12:46.426] [INFO] info - /home/hcsadmin/code/packages/quicky/q-apps/index.js load app:{"name":"admin","dir":"apps/admin","hostDir":"admin","fullHostDir":"/home/hcsadmin/code/apps/admin","_mdl":{}}
[2018-07-04T17:16:35.946] [INFO] info - /home/hcsadmin/code/packages/quicky/q-apps/index.js load app:{"name":"example","dir":"apps/example","hostDir":"exp","fullHostDir":"/home/hcsadmin/code/apps/example","_mdl":{}}
[2018-07-04T17:16:35.948] [INFO] info - /home/hcsadmin/code/packages/quicky/q-apps/index.js load app:{"name":"cms","dir":"apps/cms","hostDir":"cms","fullHostDir":"/home/hcsadmin/code/apps/cms","_mdl":{}}
[2018-07-04T17:16:35.952] [INFO] info - /home/hcsadmin/code/packages/quicky/q-apps/index.js load app:{"name":"candidate","dir":"apps/candidate","hostDir":"candidate","fullHostDir":"/home/hcsadmin/code/apps/candidate","_mdl":{}}
[2018-07-04T17:16:35.957] [INFO] info - /home/hcsadmin/code/packages/quicky/q-apps/index.js load app:{"name":"candidate-admin","dir":"apps/candidate-admin","hostDir":"candidate-admin","fullHostDir":"/home/hcsadmin/code/apps/candidate-admin","_mdl":{}}
[2018-07-04T17:16:35.959] [INFO] info - /home/hcsadmin/code/packages/quicky/q-apps/index.js load app:{"name":"admin","dir":"apps/admin","hostDir":"admin","fullHostDir":"/home/hcsadmin/code/apps/admin","_mdl":{}}
[2018-07-04T17:55:49.673] [INFO] info - /home/hcsadmin/code/packages/quicky/q-apps/index.js load app:{"name":"example","dir":"apps/example","hostDir":"exp","fullHostDir":"/home/hcsadmin/code/apps/example","_mdl":{}}
[2018-07-04T17:55:49.675] [INFO] info - /home/hcsadmin/code/packages/quicky/q-apps/index.js load app:{"name":"cms","dir":"apps/cms","hostDir":"cms","fullHostDir":"/home/hcsadmin/code/apps/cms","_mdl":{}}
[2018-07-04T17:55:49.679] [INFO] info - /home/hcsadmin/code/packages/quicky/q-apps/index.js load app:{"name":"candidate","dir":"apps/candidate","hostDir":"candidate","fullHostDir":"/home/hcsadmin/code/apps/candidate","_mdl":{}}
[2018-07-04T17:55:49.704] [INFO] info - /home/hcsadmin/code/packages/quicky/q-apps/index.js load app:{"name":"candidate-admin","dir":"apps/candidate-admin","hostDir":"candidate-admin","fullHostDir":"/home/hcsadmin/code/apps/candidate-admin","_mdl":{}}
[2018-07-04T17:55:49.706] [INFO] info - /home/hcsadmin/code/packages/quicky/q-apps/index.js load app:{"name":"admin","dir":"apps/admin","hostDir":"admin","fullHostDir":"/home/hcsadmin/code/apps/admin","_mdl":{}}
[2018-07-04T17:58:02.493] [INFO] info - /home/hcsadmin/code/packages/quicky/q-apps/index.js load app:{"name":"example","dir":"apps/example","hostDir":"exp","fullHostDir":"/home/hcsadmin/code/apps/example","_mdl":{}}
[2018-07-04T17:58:02.496] [INFO] info - /home/hcsadmin/code/packages/quicky/q-apps/index.js load app:{"name":"cms","dir":"apps/cms","hostDir":"cms","fullHostDir":"/home/hcsadmin/code/apps/cms","_mdl":{}}
[2018-07-04T17:58:02.502] [INFO] info - /home/hcsadmin/code/packages/quicky/q-apps/index.js load app:{"name":"candidate","dir":"apps/candidate","hostDir":"candidate","fullHostDir":"/home/hcsadmin/code/apps/candidate","_mdl":{}}
[2018-07-04T17:58:02.556] [INFO] info - /home/hcsadmin/code/packages/quicky/q-apps/index.js load app:{"name":"candidate-admin","dir":"apps/candidate-admin","hostDir":"candidate-admin","fullHostDir":"/home/hcsadmin/code/apps/candidate-admin","_mdl":{}}
[2018-07-04T17:58:02.558] [INFO] info - /home/hcsadmin/code/packages/quicky/q-apps/index.js load app:{"name":"admin","dir":"apps/admin","hostDir":"admin","fullHostDir":"/home/hcsadmin/code/apps/admin","_mdl":{}}
[2018-07-04T18:02:35.768] [INFO] info - /home/hcsadmin/code/packages/quicky/q-apps/index.js load app:{"name":"example","dir":"apps/example","hostDir":"exp","fullHostDir":"/home/hcsadmin/code/apps/example","_mdl":{}}
[2018-07-04T18:02:35.770] [INFO] info - /home/hcsadmin/code/packages/quicky/q-apps/index.js load app:{"name":"cms","dir":"apps/cms","hostDir":"cms","fullHostDir":"/home/hcsadmin/code/apps/cms","_mdl":{}}
[2018-07-04T18:02:35.776] [INFO] info - /home/hcsadmin/code/packages/quicky/q-apps/index.js load app:{"name":"candidate","dir":"apps/candidate","hostDir":"candidate","fullHostDir":"/home/hcsadmin/code/apps/candidate","_mdl":{}}
[2018-07-04T18:02:35.820] [INFO] info - /home/hcsadmin/code/packages/quicky/q-apps/index.js load app:{"name":"candidate-admin","dir":"apps/candidate-admin","hostDir":"candidate-admin","fullHostDir":"/home/hcsadmin/code/apps/candidate-admin","_mdl":{}}
[2018-07-04T18:02:35.823] [INFO] info - /home/hcsadmin/code/packages/quicky/q-apps/index.js load app:{"name":"admin","dir":"apps/admin","hostDir":"admin","fullHostDir":"/home/hcsadmin/code/apps/admin","_mdl":{}}
[2018-07-04T20:25:39.407] [INFO] info - E:\code\nodejs\n-app\packages\quicky\q-apps\index.js load app:{"name":"example","dir":"apps/example","hostDir":"exp","fullHostDir":"e:\\code\\nodejs\\n-app\\apps/example","_mdl":{}}
[2018-07-04T20:25:39.416] [INFO] info - E:\code\nodejs\n-app\packages\quicky\q-apps\index.js load app:{"name":"cms","dir":"apps/cms","hostDir":"cms","fullHostDir":"e:\\code\\nodejs\\n-app\\apps/cms","_mdl":{}}
[2018-07-04T20:25:39.489] [INFO] info - E:\code\nodejs\n-app\packages\quicky\q-apps\index.js load app:{"name":"candidate","dir":"apps/candidate","hostDir":"candidate","fullHostDir":"e:\\code\\nodejs\\n-app\\apps/candidate","_mdl":{}}
[2018-07-04T20:25:39.506] [INFO] info - E:\code\nodejs\n-app\packages\quicky\q-apps\index.js load app:{"name":"candidate-admin","dir":"apps/candidate-admin","hostDir":"candidate-admin","fullHostDir":"e:\\code\\nodejs\\n-app\\apps/candidate-admin","_mdl":{}}
[2018-07-04T20:25:39.552] [INFO] info - E:\code\nodejs\n-app\packages\quicky\q-apps\index.js load app:{"name":"admin","dir":"apps/admin","hostDir":"admin","fullHostDir":"e:\\code\\nodejs\\n-app\\apps/admin","_mdl":{}}
[2018-07-04T20:32:04.799] [INFO] info - E:\code\nodejs\n-app\packages\quicky\q-apps\index.js load app:{"name":"example","dir":"apps/example","hostDir":"exp","fullHostDir":"e:\\code\\nodejs\\n-app\\apps/example","_mdl":{}}
[2018-07-04T20:32:04.806] [INFO] info - E:\code\nodejs\n-app\packages\quicky\q-apps\index.js load app:{"name":"cms","dir":"apps/cms","hostDir":"cms","fullHostDir":"e:\\code\\nodejs\\n-app\\apps/cms","_mdl":{}}
[2018-07-04T20:32:04.832] [INFO] info - E:\code\nodejs\n-app\packages\quicky\q-apps\index.js load app:{"name":"candidate","dir":"apps/candidate","hostDir":"candidate","fullHostDir":"e:\\code\\nodejs\\n-app\\apps/candidate","_mdl":{}}
[2018-07-04T20:32:04.845] [INFO] info - E:\code\nodejs\n-app\packages\quicky\q-apps\index.js load app:{"name":"candidate-admin","dir":"apps/candidate-admin","hostDir":"candidate-admin","fullHostDir":"e:\\code\\nodejs\\n-app\\apps/candidate-admin","_mdl":{}}
[2018-07-04T20:32:04.854] [INFO] info - E:\code\nodejs\n-app\packages\quicky\q-apps\index.js load app:{"name":"admin","dir":"apps/admin","hostDir":"admin","fullHostDir":"e:\\code\\nodejs\\n-app\\apps/admin","_mdl":{}}
[2018-07-04T21:07:51.388] [INFO] info - E:\code\nodejs\n-app\packages\quicky\q-apps\index.js load app:{"name":"example","dir":"apps/example","hostDir":"exp","fullHostDir":"e:\\code\\nodejs\\n-app\\apps/example","_mdl":{}}
[2018-07-04T21:07:51.396] [INFO] info - E:\code\nodejs\n-app\packages\quicky\q-apps\index.js load app:{"name":"cms","dir":"apps/cms","hostDir":"cms","fullHostDir":"e:\\code\\nodejs\\n-app\\apps/cms","_mdl":{}}
[2018-07-04T21:07:51.418] [INFO] info - E:\code\nodejs\n-app\packages\quicky\q-apps\index.js load app:{"name":"candidate","dir":"apps/candidate","hostDir":"candidate","fullHostDir":"e:\\code\\nodejs\\n-app\\apps/candidate","_mdl":{}}
[2018-07-04T21:07:59.104] [INFO] info - E:\code\nodejs\n-app\packages\quicky\q-apps\index.js load app:{"name":"candidate-admin","dir":"apps/candidate-admin","hostDir":"candidate-admin","fullHostDir":"e:\\code\\nodejs\\n-app\\apps/candidate-admin","_mdl":{}}
[2018-07-04T21:08:02.112] [INFO] info - E:\code\nodejs\n-app\packages\quicky\q-apps\index.js load app:{"name":"admin","dir":"apps/admin","hostDir":"admin","fullHostDir":"e:\\code\\nodejs\\n-app\\apps/admin","_mdl":{}}
[2018-07-04T21:24:21.772] [INFO] info - E:\code\nodejs\n-app\packages\quicky\q-apps\index.js load app:{"name":"example","dir":"apps/example","hostDir":"exp","fullHostDir":"e:\\code\\nodejs\\n-app\\apps/example","_mdl":{}}
[2018-07-04T21:24:21.778] [INFO] info - E:\code\nodejs\n-app\packages\quicky\q-apps\index.js load app:{"name":"cms","dir":"apps/cms","hostDir":"cms","fullHostDir":"e:\\code\\nodejs\\n-app\\apps/cms","_mdl":{}}
[2018-07-04T21:24:21.798] [INFO] info - E:\code\nodejs\n-app\packages\quicky\q-apps\index.js load app:{"name":"candidate","dir":"apps/candidate","hostDir":"candidate","fullHostDir":"e:\\code\\nodejs\\n-app\\apps/candidate","_mdl":{}}
[2018-07-04T21:24:21.809] [INFO] info - E:\code\nodejs\n-app\packages\quicky\q-apps\index.js load app:{"name":"candidate-admin","dir":"apps/candidate-admin","hostDir":"candidate-admin","fullHostDir":"e:\\code\\nodejs\\n-app\\apps/candidate-admin","_mdl":{}}
[2018-07-04T21:24:21.818] [INFO] info - E:\code\nodejs\n-app\packages\quicky\q-apps\index.js load app:{"name":"admin","dir":"apps/admin","hostDir":"admin","fullHostDir":"e:\\code\\nodejs\\n-app\\apps/admin","_mdl":{}}
[2018-07-04T21:30:01.597] [INFO] info - E:\code\nodejs\n-app\packages\quicky\q-apps\index.js load app:{"name":"example","dir":"apps/example","hostDir":"exp","fullHostDir":"e:\\code\\nodejs\\n-app\\apps/example","_mdl":{}}
[2018-07-04T21:30:01.606] [INFO] info - E:\code\nodejs\n-app\packages\quicky\q-apps\index.js load app:{"name":"cms","dir":"apps/cms","hostDir":"cms","fullHostDir":"e:\\code\\nodejs\\n-app\\apps/cms","_mdl":{}}
[2018-07-04T21:30:01.630] [INFO] info - E:\code\nodejs\n-app\packages\quicky\q-apps\index.js load app:{"name":"candidate","dir":"apps/candidate","hostDir":"candidate","fullHostDir":"e:\\code\\nodejs\\n-app\\apps/candidate","_mdl":{}}
[2018-07-04T21:30:01.644] [INFO] info - E:\code\nodejs\n-app\packages\quicky\q-apps\index.js load app:{"name":"candidate-admin","dir":"apps/candidate-admin","hostDir":"candidate-admin","fullHostDir":"e:\\code\\nodejs\\n-app\\apps/candidate-admin","_mdl":{}}
[2018-07-04T21:30:01.654] [INFO] info - E:\code\nodejs\n-app\packages\quicky\q-apps\index.js load app:{"name":"admin","dir":"apps/admin","hostDir":"admin","fullHostDir":"e:\\code\\nodejs\\n-app\\apps/admin","_mdl":{}}
[2018-07-04T21:32:15.266] [INFO] info - E:\code\nodejs\n-app\packages\quicky\q-apps\index.js load app:{"name":"example","dir":"apps/example","hostDir":"exp","fullHostDir":"e:\\code\\nodejs\\n-app\\apps/example","_mdl":{}}
[2018-07-04T21:32:15.273] [INFO] info - E:\code\nodejs\n-app\packages\quicky\q-apps\index.js load app:{"name":"cms","dir":"apps/cms","hostDir":"cms","fullHostDir":"e:\\code\\nodejs\\n-app\\apps/cms","_mdl":{}}
[2018-07-04T21:32:15.304] [INFO] info - E:\code\nodejs\n-app\packages\quicky\q-apps\index.js load app:{"name":"candidate","dir":"apps/candidate","hostDir":"candidate","fullHostDir":"e:\\code\\nodejs\\n-app\\apps/candidate","_mdl":{}}
[2018-07-04T21:32:15.315] [INFO] info - E:\code\nodejs\n-app\packages\quicky\q-apps\index.js load app:{"name":"candidate-admin","dir":"apps/candidate-admin","hostDir":"candidate-admin","fullHostDir":"e:\\code\\nodejs\\n-app\\apps/candidate-admin","_mdl":{}}
[2018-07-04T21:32:15.323] [INFO] info - E:\code\nodejs\n-app\packages\quicky\q-apps\index.js load app:{"name":"admin","dir":"apps/admin","hostDir":"admin","fullHostDir":"e:\\code\\nodejs\\n-app\\apps/admin","_mdl":{}}
[2018-07-04T21:34:13.276] [INFO] info - E:\code\nodejs\n-app\packages\quicky\q-apps\index.js load app:{"name":"example","dir":"apps/example","hostDir":"exp","fullHostDir":"e:\\code\\nodejs\\n-app\\apps/example","_mdl":{}}
[2018-07-04T21:34:13.284] [INFO] info - E:\code\nodejs\n-app\packages\quicky\q-apps\index.js load app:{"name":"cms","dir":"apps/cms","hostDir":"cms","fullHostDir":"e:\\code\\nodejs\\n-app\\apps/cms","_mdl":{}}
[2018-07-04T21:34:13.303] [INFO] info - E:\code\nodejs\n-app\packages\quicky\q-apps\index.js load app:{"name":"candidate","dir":"apps/candidate","hostDir":"candidate","fullHostDir":"e:\\code\\nodejs\\n-app\\apps/candidate","_mdl":{}}
[2018-07-04T21:34:13.315] [INFO] info - E:\code\nodejs\n-app\packages\quicky\q-apps\index.js load app:{"name":"candidate-admin","dir":"apps/candidate-admin","hostDir":"candidate-admin","fullHostDir":"e:\\code\\nodejs\\n-app\\apps/candidate-admin","_mdl":{}}
[2018-07-04T21:34:13.322] [INFO] info - E:\code\nodejs\n-app\packages\quicky\q-apps\index.js load app:{"name":"admin","dir":"apps/admin","hostDir":"admin","fullHostDir":"e:\\code\\nodejs\\n-app\\apps/admin","_mdl":{}}
[2018-07-04T21:42:58.207] [INFO] info - E:\code\nodejs\n-app\packages\quicky\q-apps\index.js load app:{"name":"example","dir":"apps/example","hostDir":"exp","fullHostDir":"e:\\code\\nodejs\\n-app\\apps/example","_mdl":{}}
[2018-07-04T21:42:58.215] [INFO] info - E:\code\nodejs\n-app\packages\quicky\q-apps\index.js load app:{"name":"cms","dir":"apps/cms","hostDir":"cms","fullHostDir":"e:\\code\\nodejs\\n-app\\apps/cms","_mdl":{}}
[2018-07-04T21:42:58.238] [INFO] info - E:\code\nodejs\n-app\packages\quicky\q-apps\index.js load app:{"name":"candidate","dir":"apps/candidate","hostDir":"candidate","fullHostDir":"e:\\code\\nodejs\\n-app\\apps/candidate","_mdl":{}}
[2018-07-04T21:42:58.325] [INFO] info - E:\code\nodejs\n-app\packages\quicky\q-apps\index.js load app:{"name":"candidate-admin","dir":"apps/candidate-admin","hostDir":"candidate-admin","fullHostDir":"e:\\code\\nodejs\\n-app\\apps/candidate-admin","_mdl":{}}
[2018-07-04T21:42:58.333] [INFO] info - E:\code\nodejs\n-app\packages\quicky\q-apps\index.js load app:{"name":"admin","dir":"apps/admin","hostDir":"admin","fullHostDir":"e:\\code\\nodejs\\n-app\\apps/admin","_mdl":{}}
[2018-07-04T21:54:59.702] [INFO] info - E:\code\nodejs\n-app\packages\quicky\q-apps\index.js load app:{"name":"example","dir":"apps/example","hostDir":"exp","fullHostDir":"e:\\code\\nodejs\\n-app\\apps/example","_mdl":{}}
[2018-07-04T21:54:59.709] [INFO] info - E:\code\nodejs\n-app\packages\quicky\q-apps\index.js load app:{"name":"cms","dir":"apps/cms","hostDir":"cms","fullHostDir":"e:\\code\\nodejs\\n-app\\apps/cms","_mdl":{}}
[2018-07-04T21:54:59.730] [INFO] info - E:\code\nodejs\n-app\packages\quicky\q-apps\index.js load app:{"name":"candidate","dir":"apps/candidate","hostDir":"candidate","fullHostDir":"e:\\code\\nodejs\\n-app\\apps/candidate","_mdl":{}}
[2018-07-04T21:54:59.828] [INFO] info - E:\code\nodejs\n-app\packages\quicky\q-apps\index.js load app:{"name":"candidate-admin","dir":"apps/candidate-admin","hostDir":"candidate-admin","fullHostDir":"e:\\code\\nodejs\\n-app\\apps/candidate-admin","_mdl":{}}
[2018-07-04T21:54:59.837] [INFO] info - E:\code\nodejs\n-app\packages\quicky\q-apps\index.js load app:{"name":"admin","dir":"apps/admin","hostDir":"admin","fullHostDir":"e:\\code\\nodejs\\n-app\\apps/admin","_mdl":{}}
[2018-07-04T22:03:38.325] [INFO] info - E:\code\nodejs\n-app\packages\quicky\q-apps\index.js load app:{"name":"example","dir":"apps/example","hostDir":"exp","fullHostDir":"e:\\code\\nodejs\\n-app\\apps/example","_mdl":{}}
[2018-07-04T22:03:38.333] [INFO] info - E:\code\nodejs\n-app\packages\quicky\q-apps\index.js load app:{"name":"cms","dir":"apps/cms","hostDir":"cms","fullHostDir":"e:\\code\\nodejs\\n-app\\apps/cms","_mdl":{}}
[2018-07-04T22:03:38.356] [INFO] info - E:\code\nodejs\n-app\packages\quicky\q-apps\index.js load app:{"name":"candidate","dir":"apps/candidate","hostDir":"candidate","fullHostDir":"e:\\code\\nodejs\\n-app\\apps/candidate","_mdl":{}}
[2018-07-04T22:03:38.459] [INFO] info - E:\code\nodejs\n-app\packages\quicky\q-apps\index.js load app:{"name":"candidate-admin","dir":"apps/candidate-admin","hostDir":"candidate-admin","fullHostDir":"e:\\code\\nodejs\\n-app\\apps/candidate-admin","_mdl":{}}
[2018-07-04T22:03:38.468] [INFO] info - E:\code\nodejs\n-app\packages\quicky\q-apps\index.js load app:{"name":"admin","dir":"apps/admin","hostDir":"admin","fullHostDir":"e:\\code\\nodejs\\n-app\\apps/admin","_mdl":{}}
