[2018-07-05T09:09:57.652] [INFO] info - /home/hcsadmin/code/node_modules/quicky/q-apps/index.js load app:{"name":"example","dir":"apps/example","hostDir":"exp","fullHostDir":"/home/hcsadmin/code/apps/example","_mdl":{}}
[2018-07-05T09:09:57.657] [INFO] info - /home/hcsadmin/code/node_modules/quicky/q-apps/index.js load app:{"name":"cms","dir":"apps/cms","hostDir":"cms","fullHostDir":"/home/hcsadmin/code/apps/cms","_mdl":{}}
[2018-07-05T09:09:57.666] [INFO] info - /home/hcsadmin/code/node_modules/quicky/q-apps/index.js load app:{"name":"candidate","dir":"apps/candidate","hostDir":"candidate","fullHostDir":"/home/hcsadmin/code/apps/candidate","_mdl":{}}
[2018-07-05T09:09:57.673] [INFO] info - /home/hcsadmin/code/node_modules/quicky/q-apps/index.js load app:{"name":"candidate-admin","dir":"apps/candidate-admin","hostDir":"candidate-admin","fullHostDir":"/home/hcsadmin/code/apps/candidate-admin","_mdl":{}}
[2018-07-05T09:09:57.676] [INFO] info - /home/hcsadmin/code/node_modules/quicky/q-apps/index.js load app:{"name":"admin","dir":"apps/admin","hostDir":"admin","fullHostDir":"/home/hcsadmin/code/apps/admin","_mdl":{}}
[2018-07-05T09:10:01.648] [INFO] info - /home/hcsadmin/code/node_modules/quicky/q-apps/index.js load app:{"name":"example","dir":"apps/example","hostDir":"exp","fullHostDir":"/home/hcsadmin/code/apps/example","_mdl":{}}
[2018-07-05T09:10:01.650] [INFO] info - /home/hcsadmin/code/node_modules/quicky/q-apps/index.js load app:{"name":"cms","dir":"apps/cms","hostDir":"cms","fullHostDir":"/home/hcsadmin/code/apps/cms","_mdl":{}}
[2018-07-05T09:10:01.656] [INFO] info - /home/hcsadmin/code/node_modules/quicky/q-apps/index.js load app:{"name":"candidate","dir":"apps/candidate","hostDir":"candidate","fullHostDir":"/home/hcsadmin/code/apps/candidate","_mdl":{}}
[2018-07-05T09:10:01.659] [INFO] info - /home/hcsadmin/code/node_modules/quicky/q-apps/index.js load app:{"name":"candidate-admin","dir":"apps/candidate-admin","hostDir":"candidate-admin","fullHostDir":"/home/hcsadmin/code/apps/candidate-admin","_mdl":{}}
[2018-07-05T09:10:01.661] [INFO] info - /home/hcsadmin/code/node_modules/quicky/q-apps/index.js load app:{"name":"admin","dir":"apps/admin","hostDir":"admin","fullHostDir":"/home/hcsadmin/code/apps/admin","_mdl":{}}
[2018-07-05T09:54:54.066] [INFO] info - /home/hcsadmin/code/node_modules/quicky/q-apps/index.js load app:{"name":"example","dir":"apps/example","hostDir":"exp","fullHostDir":"/home/hcsadmin/code/apps/example","_mdl":{}}
[2018-07-05T09:54:54.069] [INFO] info - /home/hcsadmin/code/node_modules/quicky/q-apps/index.js load app:{"name":"cms","dir":"apps/cms","hostDir":"cms","fullHostDir":"/home/hcsadmin/code/apps/cms","_mdl":{}}
[2018-07-05T09:54:54.075] [INFO] info - /home/hcsadmin/code/node_modules/quicky/q-apps/index.js load app:{"name":"candidate","dir":"apps/candidate","hostDir":"candidate","fullHostDir":"/home/hcsadmin/code/apps/candidate","_mdl":{}}
[2018-07-05T09:54:54.078] [INFO] info - /home/hcsadmin/code/node_modules/quicky/q-apps/index.js load app:{"name":"candidate-admin","dir":"apps/candidate-admin","hostDir":"candidate-admin","fullHostDir":"/home/hcsadmin/code/apps/candidate-admin","_mdl":{}}
[2018-07-05T09:54:54.120] [INFO] info - /home/hcsadmin/code/node_modules/quicky/q-apps/index.js load app:{"name":"admin","dir":"apps/admin","hostDir":"admin","fullHostDir":"/home/hcsadmin/code/apps/admin","_mdl":{}}
[2018-07-05T09:55:01.245] [INFO] info - /home/hcsadmin/code/node_modules/quicky/q-apps/index.js load app:{"name":"example","dir":"apps/example","hostDir":"exp","fullHostDir":"/home/hcsadmin/code/apps/example","_mdl":{}}
[2018-07-05T09:55:01.248] [INFO] info - /home/hcsadmin/code/node_modules/quicky/q-apps/index.js load app:{"name":"cms","dir":"apps/cms","hostDir":"cms","fullHostDir":"/home/hcsadmin/code/apps/cms","_mdl":{}}
[2018-07-05T09:55:01.254] [INFO] info - /home/hcsadmin/code/node_modules/quicky/q-apps/index.js load app:{"name":"candidate","dir":"apps/candidate","hostDir":"candidate","fullHostDir":"/home/hcsadmin/code/apps/candidate","_mdl":{}}
[2018-07-05T09:55:01.258] [INFO] info - /home/hcsadmin/code/node_modules/quicky/q-apps/index.js load app:{"name":"candidate-admin","dir":"apps/candidate-admin","hostDir":"candidate-admin","fullHostDir":"/home/hcsadmin/code/apps/candidate-admin","_mdl":{}}
[2018-07-05T09:55:01.300] [INFO] info - /home/hcsadmin/code/node_modules/quicky/q-apps/index.js load app:{"name":"admin","dir":"apps/admin","hostDir":"admin","fullHostDir":"/home/hcsadmin/code/apps/admin","_mdl":{}}
[2018-07-05T09:55:55.132] [INFO] info - /home/hcsadmin/code/packages/quicky/q-apps/index.js load app:{"name":"example","dir":"apps/example","hostDir":"exp","fullHostDir":"/home/hcsadmin/code/apps/example","_mdl":{}}
[2018-07-05T09:55:55.136] [INFO] info - /home/hcsadmin/code/packages/quicky/q-apps/index.js load app:{"name":"cms","dir":"apps/cms","hostDir":"cms","fullHostDir":"/home/hcsadmin/code/apps/cms","_mdl":{}}
[2018-07-05T09:55:55.149] [INFO] info - /home/hcsadmin/code/packages/quicky/q-apps/index.js load app:{"name":"candidate","dir":"apps/candidate","hostDir":"candidate","fullHostDir":"/home/hcsadmin/code/apps/candidate","_mdl":{}}
[2018-07-05T09:55:55.156] [INFO] info - /home/hcsadmin/code/packages/quicky/q-apps/index.js load app:{"name":"candidate-admin","dir":"apps/candidate-admin","hostDir":"candidate-admin","fullHostDir":"/home/hcsadmin/code/apps/candidate-admin","_mdl":{}}
[2018-07-05T09:55:55.230] [INFO] info - /home/hcsadmin/code/packages/quicky/q-apps/index.js load app:{"name":"admin","dir":"apps/admin","hostDir":"admin","fullHostDir":"/home/hcsadmin/code/apps/admin","_mdl":{}}
[2018-07-05T09:56:54.278] [INFO] info - /home/hcsadmin/code/packages/quicky/q-apps/index.js load app:{"name":"example","dir":"apps/example","hostDir":"exp","fullHostDir":"/home/hcsadmin/code/apps/example","_mdl":{}}
[2018-07-05T09:56:54.281] [INFO] info - /home/hcsadmin/code/packages/quicky/q-apps/index.js load app:{"name":"cms","dir":"apps/cms","hostDir":"cms","fullHostDir":"/home/hcsadmin/code/apps/cms","_mdl":{}}
[2018-07-05T09:56:54.294] [INFO] info - /home/hcsadmin/code/packages/quicky/q-apps/index.js load app:{"name":"candidate","dir":"apps/candidate","hostDir":"candidate","fullHostDir":"/home/hcsadmin/code/apps/candidate","_mdl":{}}
[2018-07-05T09:56:54.299] [INFO] info - /home/hcsadmin/code/packages/quicky/q-apps/index.js load app:{"name":"candidate-admin","dir":"apps/candidate-admin","hostDir":"candidate-admin","fullHostDir":"/home/hcsadmin/code/apps/candidate-admin","_mdl":{}}
[2018-07-05T09:56:54.368] [INFO] info - /home/hcsadmin/code/packages/quicky/q-apps/index.js load app:{"name":"admin","dir":"apps/admin","hostDir":"admin","fullHostDir":"/home/hcsadmin/code/apps/admin","_mdl":{}}
[2018-07-05T09:57:50.262] [INFO] info - /home/hcsadmin/code/packages/quicky/q-apps/index.js load app:{"name":"example","dir":"apps/example","hostDir":"exp","fullHostDir":"/home/hcsadmin/code/apps/example","_mdl":{}}
[2018-07-05T09:57:50.264] [INFO] info - /home/hcsadmin/code/packages/quicky/q-apps/index.js load app:{"name":"cms","dir":"apps/cms","hostDir":"cms","fullHostDir":"/home/hcsadmin/code/apps/cms","_mdl":{}}
[2018-07-05T09:57:50.272] [INFO] info - /home/hcsadmin/code/packages/quicky/q-apps/index.js load app:{"name":"candidate","dir":"apps/candidate","hostDir":"candidate","fullHostDir":"/home/hcsadmin/code/apps/candidate","_mdl":{}}
[2018-07-05T09:57:50.276] [INFO] info - /home/hcsadmin/code/packages/quicky/q-apps/index.js load app:{"name":"candidate-admin","dir":"apps/candidate-admin","hostDir":"candidate-admin","fullHostDir":"/home/hcsadmin/code/apps/candidate-admin","_mdl":{}}
[2018-07-05T09:57:50.323] [INFO] info - /home/hcsadmin/code/packages/quicky/q-apps/index.js load app:{"name":"admin","dir":"apps/admin","hostDir":"admin","fullHostDir":"/home/hcsadmin/code/apps/admin","_mdl":{}}
[2018-07-05T10:02:08.765] [INFO] info - /home/hcsadmin/code/packages/quicky/q-apps/index.js load app:{"name":"example","dir":"apps/example","hostDir":"exp","fullHostDir":"/home/hcsadmin/code/apps/example","_mdl":{}}
[2018-07-05T10:02:08.770] [INFO] info - /home/hcsadmin/code/packages/quicky/q-apps/index.js load app:{"name":"cms","dir":"apps/cms","hostDir":"cms","fullHostDir":"/home/hcsadmin/code/apps/cms","_mdl":{}}
[2018-07-05T10:02:08.777] [INFO] info - /home/hcsadmin/code/packages/quicky/q-apps/index.js load app:{"name":"candidate","dir":"apps/candidate","hostDir":"candidate","fullHostDir":"/home/hcsadmin/code/apps/candidate","_mdl":{}}
[2018-07-05T10:02:08.782] [INFO] info - /home/hcsadmin/code/packages/quicky/q-apps/index.js load app:{"name":"candidate-admin","dir":"apps/candidate-admin","hostDir":"candidate-admin","fullHostDir":"/home/hcsadmin/code/apps/candidate-admin","_mdl":{}}
[2018-07-05T10:02:08.851] [INFO] info - /home/hcsadmin/code/packages/quicky/q-apps/index.js load app:{"name":"admin","dir":"apps/admin","hostDir":"admin","fullHostDir":"/home/hcsadmin/code/apps/admin","_mdl":{}}
[2018-07-05T11:04:43.047] [INFO] info - /home/hcsadmin/code/packages/quicky/q-apps/index.js load app:{"name":"example","dir":"apps/example","hostDir":"exp","fullHostDir":"/home/hcsadmin/code/apps/example","_mdl":{}}
[2018-07-05T11:04:43.050] [INFO] info - /home/hcsadmin/code/packages/quicky/q-apps/index.js load app:{"name":"cms","dir":"apps/cms","hostDir":"cms","fullHostDir":"/home/hcsadmin/code/apps/cms","_mdl":{}}
[2018-07-05T11:04:43.059] [INFO] info - /home/hcsadmin/code/packages/quicky/q-apps/index.js load app:{"name":"candidate","dir":"apps/candidate","hostDir":"candidate","fullHostDir":"/home/hcsadmin/code/apps/candidate","_mdl":{}}
[2018-07-05T11:04:43.063] [INFO] info - /home/hcsadmin/code/packages/quicky/q-apps/index.js load app:{"name":"candidate-admin","dir":"apps/candidate-admin","hostDir":"candidate-admin","fullHostDir":"/home/hcsadmin/code/apps/candidate-admin","_mdl":{}}
[2018-07-05T11:04:43.105] [INFO] info - /home/hcsadmin/code/packages/quicky/q-apps/index.js load app:{"name":"admin","dir":"apps/admin","hostDir":"admin","fullHostDir":"/home/hcsadmin/code/apps/admin","_mdl":{}}
[2018-07-05T11:05:16.573] [INFO] info - /home/hcsadmin/code/packages/quicky/q-apps/index.js load app:{"name":"example","dir":"apps/example","hostDir":"exp","fullHostDir":"/home/hcsadmin/code/apps/example","_mdl":{}}
[2018-07-05T11:05:16.575] [INFO] info - /home/hcsadmin/code/packages/quicky/q-apps/index.js load app:{"name":"cms","dir":"apps/cms","hostDir":"cms","fullHostDir":"/home/hcsadmin/code/apps/cms","_mdl":{}}
[2018-07-05T11:05:16.581] [INFO] info - /home/hcsadmin/code/packages/quicky/q-apps/index.js load app:{"name":"candidate","dir":"apps/candidate","hostDir":"candidate","fullHostDir":"/home/hcsadmin/code/apps/candidate","_mdl":{}}
[2018-07-05T11:05:16.584] [INFO] info - /home/hcsadmin/code/packages/quicky/q-apps/index.js load app:{"name":"candidate-admin","dir":"apps/candidate-admin","hostDir":"candidate-admin","fullHostDir":"/home/hcsadmin/code/apps/candidate-admin","_mdl":{}}
[2018-07-05T11:05:16.622] [INFO] info - /home/hcsadmin/code/packages/quicky/q-apps/index.js load app:{"name":"admin","dir":"apps/admin","hostDir":"admin","fullHostDir":"/home/hcsadmin/code/apps/admin","_mdl":{}}
[2018-07-05T11:08:05.801] [INFO] info - /home/hcsadmin/code/packages/quicky/q-apps/index.js load app:{"name":"example","dir":"apps/example","hostDir":"exp","fullHostDir":"/home/hcsadmin/code/apps/example","_mdl":{}}
[2018-07-05T11:08:05.809] [INFO] info - /home/hcsadmin/code/packages/quicky/q-apps/index.js load app:{"name":"cms","dir":"apps/cms","hostDir":"cms","fullHostDir":"/home/hcsadmin/code/apps/cms","_mdl":{}}
[2018-07-05T11:08:05.832] [INFO] info - /home/hcsadmin/code/packages/quicky/q-apps/index.js load app:{"name":"candidate","dir":"apps/candidate","hostDir":"candidate","fullHostDir":"/home/hcsadmin/code/apps/candidate","_mdl":{}}
[2018-07-05T11:08:05.842] [INFO] info - /home/hcsadmin/code/packages/quicky/q-apps/index.js load app:{"name":"candidate-admin","dir":"apps/candidate-admin","hostDir":"candidate-admin","fullHostDir":"/home/hcsadmin/code/apps/candidate-admin","_mdl":{}}
[2018-07-05T11:08:05.917] [INFO] info - /home/hcsadmin/code/packages/quicky/q-apps/index.js load app:{"name":"admin","dir":"apps/admin","hostDir":"admin","fullHostDir":"/home/hcsadmin/code/apps/admin","_mdl":{}}
[2018-07-05T11:08:44.232] [INFO] info - /home/hcsadmin/code/packages/quicky/q-apps/index.js load app:{"name":"example","dir":"apps/example","hostDir":"exp","fullHostDir":"/home/hcsadmin/code/apps/example","_mdl":{}}
[2018-07-05T11:08:44.234] [INFO] info - /home/hcsadmin/code/packages/quicky/q-apps/index.js load app:{"name":"cms","dir":"apps/cms","hostDir":"cms","fullHostDir":"/home/hcsadmin/code/apps/cms","_mdl":{}}
[2018-07-05T11:08:44.239] [INFO] info - /home/hcsadmin/code/packages/quicky/q-apps/index.js load app:{"name":"candidate","dir":"apps/candidate","hostDir":"candidate","fullHostDir":"/home/hcsadmin/code/apps/candidate","_mdl":{}}
[2018-07-05T11:08:44.242] [INFO] info - /home/hcsadmin/code/packages/quicky/q-apps/index.js load app:{"name":"candidate-admin","dir":"apps/candidate-admin","hostDir":"candidate-admin","fullHostDir":"/home/hcsadmin/code/apps/candidate-admin","_mdl":{}}
[2018-07-05T11:08:44.282] [INFO] info - /home/hcsadmin/code/packages/quicky/q-apps/index.js load app:{"name":"admin","dir":"apps/admin","hostDir":"admin","fullHostDir":"/home/hcsadmin/code/apps/admin","_mdl":{}}
[2018-07-05T11:10:14.042] [INFO] info - /home/hcsadmin/code/packages/quicky/q-apps/index.js load app:{"name":"example","dir":"apps/example","hostDir":"exp","fullHostDir":"/home/hcsadmin/code/apps/example","_mdl":{}}
[2018-07-05T11:10:14.044] [INFO] info - /home/hcsadmin/code/packages/quicky/q-apps/index.js load app:{"name":"cms","dir":"apps/cms","hostDir":"cms","fullHostDir":"/home/hcsadmin/code/apps/cms","_mdl":{}}
[2018-07-05T11:10:14.049] [INFO] info - /home/hcsadmin/code/packages/quicky/q-apps/index.js load app:{"name":"candidate","dir":"apps/candidate","hostDir":"candidate","fullHostDir":"/home/hcsadmin/code/apps/candidate","_mdl":{}}
[2018-07-05T11:10:14.052] [INFO] info - /home/hcsadmin/code/packages/quicky/q-apps/index.js load app:{"name":"candidate-admin","dir":"apps/candidate-admin","hostDir":"candidate-admin","fullHostDir":"/home/hcsadmin/code/apps/candidate-admin","_mdl":{}}
[2018-07-05T11:10:14.090] [INFO] info - /home/hcsadmin/code/packages/quicky/q-apps/index.js load app:{"name":"admin","dir":"apps/admin","hostDir":"admin","fullHostDir":"/home/hcsadmin/code/apps/admin","_mdl":{}}
[2018-07-05T11:21:10.425] [INFO] info - /home/hcsadmin/code/packages/quicky/q-apps/index.js load app:{"name":"example","dir":"apps/example","hostDir":"exp","fullHostDir":"/home/hcsadmin/code/apps/example","_mdl":{}}
[2018-07-05T11:21:10.427] [INFO] info - /home/hcsadmin/code/packages/quicky/q-apps/index.js load app:{"name":"cms","dir":"apps/cms","hostDir":"cms","fullHostDir":"/home/hcsadmin/code/apps/cms","_mdl":{}}
[2018-07-05T11:21:10.433] [INFO] info - /home/hcsadmin/code/packages/quicky/q-apps/index.js load app:{"name":"candidate","dir":"apps/candidate","hostDir":"candidate","fullHostDir":"/home/hcsadmin/code/apps/candidate","_mdl":{}}
[2018-07-05T11:21:10.436] [INFO] info - /home/hcsadmin/code/packages/quicky/q-apps/index.js load app:{"name":"candidate-admin","dir":"apps/candidate-admin","hostDir":"candidate-admin","fullHostDir":"/home/hcsadmin/code/apps/candidate-admin","_mdl":{}}
[2018-07-05T11:21:10.473] [INFO] info - /home/hcsadmin/code/packages/quicky/q-apps/index.js load app:{"name":"admin","dir":"apps/admin","hostDir":"admin","fullHostDir":"/home/hcsadmin/code/apps/admin","_mdl":{}}
[2018-07-05T11:21:29.566] [INFO] info - /home/hcsadmin/code/packages/quicky/q-apps/index.js load app:{"name":"example","dir":"apps/example","hostDir":"exp","fullHostDir":"/home/hcsadmin/code/apps/example","_mdl":{}}
[2018-07-05T11:21:29.568] [INFO] info - /home/hcsadmin/code/packages/quicky/q-apps/index.js load app:{"name":"cms","dir":"apps/cms","hostDir":"cms","fullHostDir":"/home/hcsadmin/code/apps/cms","_mdl":{}}
[2018-07-05T11:21:29.573] [INFO] info - /home/hcsadmin/code/packages/quicky/q-apps/index.js load app:{"name":"candidate","dir":"apps/candidate","hostDir":"candidate","fullHostDir":"/home/hcsadmin/code/apps/candidate","_mdl":{}}
[2018-07-05T11:21:29.576] [INFO] info - /home/hcsadmin/code/packages/quicky/q-apps/index.js load app:{"name":"candidate-admin","dir":"apps/candidate-admin","hostDir":"candidate-admin","fullHostDir":"/home/hcsadmin/code/apps/candidate-admin","_mdl":{}}
[2018-07-05T11:21:29.612] [INFO] info - /home/hcsadmin/code/packages/quicky/q-apps/index.js load app:{"name":"admin","dir":"apps/admin","hostDir":"admin","fullHostDir":"/home/hcsadmin/code/apps/admin","_mdl":{}}
[2018-07-05T11:30:47.717] [INFO] info - /home/hcsadmin/code/packages/quicky/q-apps/index.js load app:{"name":"example","dir":"apps/example","hostDir":"exp","fullHostDir":"/home/hcsadmin/code/apps/example","_mdl":{}}
[2018-07-05T11:30:47.719] [INFO] info - /home/hcsadmin/code/packages/quicky/q-apps/index.js load app:{"name":"cms","dir":"apps/cms","hostDir":"cms","fullHostDir":"/home/hcsadmin/code/apps/cms","_mdl":{}}
[2018-07-05T11:30:47.725] [INFO] info - /home/hcsadmin/code/packages/quicky/q-apps/index.js load app:{"name":"candidate","dir":"apps/candidate","hostDir":"candidate","fullHostDir":"/home/hcsadmin/code/apps/candidate","_mdl":{}}
[2018-07-05T11:30:47.728] [INFO] info - /home/hcsadmin/code/packages/quicky/q-apps/index.js load app:{"name":"candidate-admin","dir":"apps/candidate-admin","hostDir":"candidate-admin","fullHostDir":"/home/hcsadmin/code/apps/candidate-admin","_mdl":{}}
[2018-07-05T11:30:47.730] [INFO] info - /home/hcsadmin/code/packages/quicky/q-apps/index.js load app:{"name":"admin","dir":"apps/admin","hostDir":"admin","fullHostDir":"/home/hcsadmin/code/apps/admin","_mdl":{}}
[2018-07-05T11:36:01.319] [INFO] info - /home/hcsadmin/code/packages/quicky/q-apps/index.js load app:{"name":"example","dir":"apps/example","hostDir":"exp","fullHostDir":"/home/hcsadmin/code/apps/example","_mdl":{}}
[2018-07-05T11:36:01.321] [INFO] info - /home/hcsadmin/code/packages/quicky/q-apps/index.js load app:{"name":"cms","dir":"apps/cms","hostDir":"cms","fullHostDir":"/home/hcsadmin/code/apps/cms","_mdl":{}}
[2018-07-05T11:36:01.325] [INFO] info - /home/hcsadmin/code/packages/quicky/q-apps/index.js load app:{"name":"candidate","dir":"apps/candidate","hostDir":"candidate","fullHostDir":"/home/hcsadmin/code/apps/candidate","_mdl":{}}
[2018-07-05T11:36:01.328] [INFO] info - /home/hcsadmin/code/packages/quicky/q-apps/index.js load app:{"name":"candidate-admin","dir":"apps/candidate-admin","hostDir":"candidate-admin","fullHostDir":"/home/hcsadmin/code/apps/candidate-admin","_mdl":{}}
[2018-07-05T11:36:01.330] [INFO] info - /home/hcsadmin/code/packages/quicky/q-apps/index.js load app:{"name":"admin","dir":"apps/admin","hostDir":"admin","fullHostDir":"/home/hcsadmin/code/apps/admin","_mdl":{}}
[2018-07-05T11:40:23.815] [INFO] info - /home/hcsadmin/code/packages/quicky/q-apps/index.js load app:{"name":"example","dir":"apps/example","hostDir":"exp","fullHostDir":"/home/hcsadmin/code/apps/example","_mdl":{}}
[2018-07-05T11:40:23.817] [INFO] info - /home/hcsadmin/code/packages/quicky/q-apps/index.js load app:{"name":"cms","dir":"apps/cms","hostDir":"cms","fullHostDir":"/home/hcsadmin/code/apps/cms","_mdl":{}}
[2018-07-05T11:40:23.822] [INFO] info - /home/hcsadmin/code/packages/quicky/q-apps/index.js load app:{"name":"candidate","dir":"apps/candidate","hostDir":"candidate","fullHostDir":"/home/hcsadmin/code/apps/candidate","_mdl":{}}
[2018-07-05T11:40:23.826] [INFO] info - /home/hcsadmin/code/packages/quicky/q-apps/index.js load app:{"name":"candidate-admin","dir":"apps/candidate-admin","hostDir":"candidate-admin","fullHostDir":"/home/hcsadmin/code/apps/candidate-admin","_mdl":{}}
[2018-07-05T11:40:23.829] [INFO] info - /home/hcsadmin/code/packages/quicky/q-apps/index.js load app:{"name":"admin","dir":"apps/admin","hostDir":"admin","fullHostDir":"/home/hcsadmin/code/apps/admin","_mdl":{}}
[2018-07-05T11:41:41.780] [INFO] info - /home/hcsadmin/code/packages/quicky/q-apps/index.js load app:{"name":"example","dir":"apps/example","hostDir":"exp","fullHostDir":"/home/hcsadmin/code/apps/example","_mdl":{}}
[2018-07-05T11:41:41.782] [INFO] info - /home/hcsadmin/code/packages/quicky/q-apps/index.js load app:{"name":"cms","dir":"apps/cms","hostDir":"cms","fullHostDir":"/home/hcsadmin/code/apps/cms","_mdl":{}}
[2018-07-05T11:41:41.787] [INFO] info - /home/hcsadmin/code/packages/quicky/q-apps/index.js load app:{"name":"candidate","dir":"apps/candidate","hostDir":"candidate","fullHostDir":"/home/hcsadmin/code/apps/candidate","_mdl":{}}
[2018-07-05T11:41:41.790] [INFO] info - /home/hcsadmin/code/packages/quicky/q-apps/index.js load app:{"name":"candidate-admin","dir":"apps/candidate-admin","hostDir":"candidate-admin","fullHostDir":"/home/hcsadmin/code/apps/candidate-admin","_mdl":{}}
[2018-07-05T11:41:41.792] [INFO] info - /home/hcsadmin/code/packages/quicky/q-apps/index.js load app:{"name":"admin","dir":"apps/admin","hostDir":"admin","fullHostDir":"/home/hcsadmin/code/apps/admin","_mdl":{}}
[2018-07-05T11:47:47.144] [INFO] info - /home/hcsadmin/code/packages/quicky/q-apps/index.js load app:{"name":"example","dir":"apps/example","hostDir":"exp","fullHostDir":"/home/hcsadmin/code/apps/example","_mdl":{}}
[2018-07-05T11:47:47.146] [INFO] info - /home/hcsadmin/code/packages/quicky/q-apps/index.js load app:{"name":"cms","dir":"apps/cms","hostDir":"cms","fullHostDir":"/home/hcsadmin/code/apps/cms","_mdl":{}}
[2018-07-05T11:47:47.151] [INFO] info - /home/hcsadmin/code/packages/quicky/q-apps/index.js load app:{"name":"candidate","dir":"apps/candidate","hostDir":"candidate","fullHostDir":"/home/hcsadmin/code/apps/candidate","_mdl":{}}
[2018-07-05T11:47:47.154] [INFO] info - /home/hcsadmin/code/packages/quicky/q-apps/index.js load app:{"name":"candidate-admin","dir":"apps/candidate-admin","hostDir":"candidate-admin","fullHostDir":"/home/hcsadmin/code/apps/candidate-admin","_mdl":{}}
[2018-07-05T11:47:47.157] [INFO] info - /home/hcsadmin/code/packages/quicky/q-apps/index.js load app:{"name":"admin","dir":"apps/admin","hostDir":"admin","fullHostDir":"/home/hcsadmin/code/apps/admin","_mdl":{}}
[2018-07-05T11:48:29.337] [INFO] info - /home/hcsadmin/code/packages/quicky/q-apps/index.js load app:{"name":"example","dir":"apps/example","hostDir":"exp","fullHostDir":"/home/hcsadmin/code/apps/example","_mdl":{}}
[2018-07-05T11:48:29.339] [INFO] info - /home/hcsadmin/code/packages/quicky/q-apps/index.js load app:{"name":"cms","dir":"apps/cms","hostDir":"cms","fullHostDir":"/home/hcsadmin/code/apps/cms","_mdl":{}}
[2018-07-05T11:48:29.344] [INFO] info - /home/hcsadmin/code/packages/quicky/q-apps/index.js load app:{"name":"candidate","dir":"apps/candidate","hostDir":"candidate","fullHostDir":"/home/hcsadmin/code/apps/candidate","_mdl":{}}
[2018-07-05T11:48:29.348] [INFO] info - /home/hcsadmin/code/packages/quicky/q-apps/index.js load app:{"name":"candidate-admin","dir":"apps/candidate-admin","hostDir":"candidate-admin","fullHostDir":"/home/hcsadmin/code/apps/candidate-admin","_mdl":{}}
[2018-07-05T11:48:29.352] [INFO] info - /home/hcsadmin/code/packages/quicky/q-apps/index.js load app:{"name":"admin","dir":"apps/admin","hostDir":"admin","fullHostDir":"/home/hcsadmin/code/apps/admin","_mdl":{}}
[2018-07-05T11:51:00.112] [INFO] info - /home/hcsadmin/code/packages/quicky/q-apps/index.js load app:{"name":"example","dir":"apps/example","hostDir":"exp","fullHostDir":"/home/hcsadmin/code/apps/example","_mdl":{}}
[2018-07-05T11:51:00.114] [INFO] info - /home/hcsadmin/code/packages/quicky/q-apps/index.js load app:{"name":"cms","dir":"apps/cms","hostDir":"cms","fullHostDir":"/home/hcsadmin/code/apps/cms","_mdl":{}}
[2018-07-05T11:51:00.118] [INFO] info - /home/hcsadmin/code/packages/quicky/q-apps/index.js load app:{"name":"candidate","dir":"apps/candidate","hostDir":"candidate","fullHostDir":"/home/hcsadmin/code/apps/candidate","_mdl":{}}
[2018-07-05T11:51:00.121] [INFO] info - /home/hcsadmin/code/packages/quicky/q-apps/index.js load app:{"name":"candidate-admin","dir":"apps/candidate-admin","hostDir":"candidate-admin","fullHostDir":"/home/hcsadmin/code/apps/candidate-admin","_mdl":{}}
[2018-07-05T11:51:00.123] [INFO] info - /home/hcsadmin/code/packages/quicky/q-apps/index.js load app:{"name":"admin","dir":"apps/admin","hostDir":"admin","fullHostDir":"/home/hcsadmin/code/apps/admin","_mdl":{}}
[2018-07-05T11:58:30.703] [INFO] info - /home/hcsadmin/code/packages/quicky/q-apps/index.js load app:{"name":"example","dir":"apps/example","hostDir":"exp","fullHostDir":"/home/hcsadmin/code/apps/example","_mdl":{}}
[2018-07-05T11:58:30.705] [INFO] info - /home/hcsadmin/code/packages/quicky/q-apps/index.js load app:{"name":"cms","dir":"apps/cms","hostDir":"cms","fullHostDir":"/home/hcsadmin/code/apps/cms","_mdl":{}}
[2018-07-05T11:58:30.711] [INFO] info - /home/hcsadmin/code/packages/quicky/q-apps/index.js load app:{"name":"candidate","dir":"apps/candidate","hostDir":"candidate","fullHostDir":"/home/hcsadmin/code/apps/candidate","_mdl":{}}
[2018-07-05T11:58:30.714] [INFO] info - /home/hcsadmin/code/packages/quicky/q-apps/index.js load app:{"name":"candidate-admin","dir":"apps/candidate-admin","hostDir":"candidate-admin","fullHostDir":"/home/hcsadmin/code/apps/candidate-admin","_mdl":{}}
[2018-07-05T11:58:30.717] [INFO] info - /home/hcsadmin/code/packages/quicky/q-apps/index.js load app:{"name":"admin","dir":"apps/admin","hostDir":"admin","fullHostDir":"/home/hcsadmin/code/apps/admin","_mdl":{}}
[2018-07-05T11:58:35.828] [INFO] info - /home/hcsadmin/code/packages/quicky/q-apps/index.js load app:{"name":"example","dir":"apps/example","hostDir":"exp","fullHostDir":"/home/hcsadmin/code/apps/example","_mdl":{}}
[2018-07-05T11:58:35.831] [INFO] info - /home/hcsadmin/code/packages/quicky/q-apps/index.js load app:{"name":"cms","dir":"apps/cms","hostDir":"cms","fullHostDir":"/home/hcsadmin/code/apps/cms","_mdl":{}}
[2018-07-05T11:58:35.836] [INFO] info - /home/hcsadmin/code/packages/quicky/q-apps/index.js load app:{"name":"candidate","dir":"apps/candidate","hostDir":"candidate","fullHostDir":"/home/hcsadmin/code/apps/candidate","_mdl":{}}
[2018-07-05T11:58:35.839] [INFO] info - /home/hcsadmin/code/packages/quicky/q-apps/index.js load app:{"name":"candidate-admin","dir":"apps/candidate-admin","hostDir":"candidate-admin","fullHostDir":"/home/hcsadmin/code/apps/candidate-admin","_mdl":{}}
[2018-07-05T11:58:35.842] [INFO] info - /home/hcsadmin/code/packages/quicky/q-apps/index.js load app:{"name":"admin","dir":"apps/admin","hostDir":"admin","fullHostDir":"/home/hcsadmin/code/apps/admin","_mdl":{}}
[2018-07-05T12:05:12.944] [INFO] info - /home/hcsadmin/code/packages/quicky/q-apps/index.js load app:{"name":"example","dir":"apps/example","hostDir":"exp","fullHostDir":"/home/hcsadmin/code/apps/example","_mdl":{}}
[2018-07-05T12:05:12.946] [INFO] info - /home/hcsadmin/code/packages/quicky/q-apps/index.js load app:{"name":"cms","dir":"apps/cms","hostDir":"cms","fullHostDir":"/home/hcsadmin/code/apps/cms","_mdl":{}}
[2018-07-05T12:05:12.951] [INFO] info - /home/hcsadmin/code/packages/quicky/q-apps/index.js load app:{"name":"candidate","dir":"apps/candidate","hostDir":"candidate","fullHostDir":"/home/hcsadmin/code/apps/candidate","_mdl":{}}
[2018-07-05T12:05:12.955] [INFO] info - /home/hcsadmin/code/packages/quicky/q-apps/index.js load app:{"name":"candidate-admin","dir":"apps/candidate-admin","hostDir":"candidate-admin","fullHostDir":"/home/hcsadmin/code/apps/candidate-admin","_mdl":{}}
[2018-07-05T12:05:12.957] [INFO] info - /home/hcsadmin/code/packages/quicky/q-apps/index.js load app:{"name":"admin","dir":"apps/admin","hostDir":"admin","fullHostDir":"/home/hcsadmin/code/apps/admin","_mdl":{}}
[2018-07-05T13:51:30.537] [INFO] info - /home/hcsadmin/code/packages/quicky/q-apps/index.js load app:{"name":"example","dir":"apps/example","hostDir":"exp","fullHostDir":"/home/hcsadmin/code/apps/example","_mdl":{}}
[2018-07-05T13:51:30.540] [INFO] info - /home/hcsadmin/code/packages/quicky/q-apps/index.js load app:{"name":"cms","dir":"apps/cms","hostDir":"cms","fullHostDir":"/home/hcsadmin/code/apps/cms","_mdl":{}}
[2018-07-05T13:51:30.545] [INFO] info - /home/hcsadmin/code/packages/quicky/q-apps/index.js load app:{"name":"candidate","dir":"apps/candidate","hostDir":"candidate","fullHostDir":"/home/hcsadmin/code/apps/candidate","_mdl":{}}
[2018-07-05T13:51:30.548] [INFO] info - /home/hcsadmin/code/packages/quicky/q-apps/index.js load app:{"name":"candidate-admin","dir":"apps/candidate-admin","hostDir":"candidate-admin","fullHostDir":"/home/hcsadmin/code/apps/candidate-admin","_mdl":{}}
[2018-07-05T13:51:30.552] [INFO] info - /home/hcsadmin/code/packages/quicky/q-apps/index.js load app:{"name":"admin","dir":"apps/admin","hostDir":"admin","fullHostDir":"/home/hcsadmin/code/apps/admin","_mdl":{}}
[2018-07-05T14:31:27.004] [INFO] info - /home/hcsadmin/code/packages/quicky/q-apps/index.js load app:{"name":"example","dir":"apps/example","hostDir":"exp","fullHostDir":"/home/hcsadmin/code/apps/example","_mdl":{}}
[2018-07-05T14:31:27.006] [INFO] info - /home/hcsadmin/code/packages/quicky/q-apps/index.js load app:{"name":"cms","dir":"apps/cms","hostDir":"cms","fullHostDir":"/home/hcsadmin/code/apps/cms","_mdl":{}}
[2018-07-05T14:31:27.012] [INFO] info - /home/hcsadmin/code/packages/quicky/q-apps/index.js load app:{"name":"candidate","dir":"apps/candidate","hostDir":"candidate","fullHostDir":"/home/hcsadmin/code/apps/candidate","_mdl":{}}
[2018-07-05T14:31:27.015] [INFO] info - /home/hcsadmin/code/packages/quicky/q-apps/index.js load app:{"name":"candidate-admin","dir":"apps/candidate-admin","hostDir":"candidate-admin","fullHostDir":"/home/hcsadmin/code/apps/candidate-admin","_mdl":{}}
[2018-07-05T14:35:38.271] [INFO] info - /home/hcsadmin/code/packages/quicky/q-apps/index.js load app:{"name":"example","dir":"apps/example","hostDir":"exp","fullHostDir":"/home/hcsadmin/code/apps/example","_mdl":{}}
[2018-07-05T14:35:38.272] [INFO] info - /home/hcsadmin/code/packages/quicky/q-apps/index.js load app:{"name":"cms","dir":"apps/cms","hostDir":"cms","fullHostDir":"/home/hcsadmin/code/apps/cms","_mdl":{}}
[2018-07-05T14:35:38.277] [INFO] info - /home/hcsadmin/code/packages/quicky/q-apps/index.js load app:{"name":"candidate","dir":"apps/candidate","hostDir":"candidate","fullHostDir":"/home/hcsadmin/code/apps/candidate","_mdl":{}}
[2018-07-05T14:35:38.280] [INFO] info - /home/hcsadmin/code/packages/quicky/q-apps/index.js load app:{"name":"candidate-admin","dir":"apps/candidate-admin","hostDir":"candidate-admin","fullHostDir":"/home/hcsadmin/code/apps/candidate-admin","_mdl":{}}
[2018-07-05T14:35:38.283] [INFO] info - /home/hcsadmin/code/packages/quicky/q-apps/index.js load app:{"name":"admin","dir":"apps/admin","hostDir":"admin","fullHostDir":"/home/hcsadmin/code/apps/admin","_mdl":{}}
[2018-07-05T14:50:46.614] [INFO] info - /home/hcsadmin/code/packages/quicky/q-apps/index.js load app:{"name":"example","dir":"apps/example","hostDir":"exp","fullHostDir":"/home/hcsadmin/code/apps/example","_mdl":{}}
[2018-07-05T14:50:46.616] [INFO] info - /home/hcsadmin/code/packages/quicky/q-apps/index.js load app:{"name":"cms","dir":"apps/cms","hostDir":"cms","fullHostDir":"/home/hcsadmin/code/apps/cms","_mdl":{}}
[2018-07-05T14:50:46.622] [INFO] info - /home/hcsadmin/code/packages/quicky/q-apps/index.js load app:{"name":"candidate","dir":"apps/candidate","hostDir":"candidate","fullHostDir":"/home/hcsadmin/code/apps/candidate","_mdl":{}}
[2018-07-05T14:50:46.625] [INFO] info - /home/hcsadmin/code/packages/quicky/q-apps/index.js load app:{"name":"candidate-admin","dir":"apps/candidate-admin","hostDir":"candidate-admin","fullHostDir":"/home/hcsadmin/code/apps/candidate-admin","_mdl":{}}
[2018-07-05T14:50:46.648] [INFO] info - /home/hcsadmin/code/packages/quicky/q-apps/index.js load app:{"name":"admin","dir":"apps/admin","hostDir":"admin","fullHostDir":"/home/hcsadmin/code/apps/admin","_mdl":{}}
[2018-07-05T15:06:18.604] [INFO] info - /home/hcsadmin/code/packages/quicky/q-apps/index.js load app:{"name":"example","dir":"apps/example","hostDir":"exp","fullHostDir":"/home/hcsadmin/code/apps/example","_mdl":{}}
[2018-07-05T15:06:18.606] [INFO] info - /home/hcsadmin/code/packages/quicky/q-apps/index.js load app:{"name":"cms","dir":"apps/cms","hostDir":"cms","fullHostDir":"/home/hcsadmin/code/apps/cms","_mdl":{}}
[2018-07-05T15:06:18.610] [INFO] info - /home/hcsadmin/code/packages/quicky/q-apps/index.js load app:{"name":"candidate","dir":"apps/candidate","hostDir":"candidate","fullHostDir":"/home/hcsadmin/code/apps/candidate","_mdl":{}}
[2018-07-05T15:06:18.613] [INFO] info - /home/hcsadmin/code/packages/quicky/q-apps/index.js load app:{"name":"candidate-admin","dir":"apps/candidate-admin","hostDir":"candidate-admin","fullHostDir":"/home/hcsadmin/code/apps/candidate-admin","_mdl":{}}
[2018-07-05T15:09:28.021] [INFO] info - /home/hcsadmin/code/packages/quicky/q-apps/index.js load app:{"name":"example","dir":"apps/example","hostDir":"exp","fullHostDir":"/home/hcsadmin/code/apps/example","_mdl":{}}
[2018-07-05T15:09:28.023] [INFO] info - /home/hcsadmin/code/packages/quicky/q-apps/index.js load app:{"name":"cms","dir":"apps/cms","hostDir":"cms","fullHostDir":"/home/hcsadmin/code/apps/cms","_mdl":{}}
[2018-07-05T15:09:28.028] [INFO] info - /home/hcsadmin/code/packages/quicky/q-apps/index.js load app:{"name":"candidate","dir":"apps/candidate","hostDir":"candidate","fullHostDir":"/home/hcsadmin/code/apps/candidate","_mdl":{}}
[2018-07-05T15:09:28.031] [INFO] info - /home/hcsadmin/code/packages/quicky/q-apps/index.js load app:{"name":"candidate-admin","dir":"apps/candidate-admin","hostDir":"candidate-admin","fullHostDir":"/home/hcsadmin/code/apps/candidate-admin","_mdl":{}}
[2018-07-05T15:10:57.920] [INFO] info - /home/hcsadmin/code/packages/quicky/q-apps/index.js load app:{"name":"example","dir":"apps/example","hostDir":"exp","fullHostDir":"/home/hcsadmin/code/apps/example","_mdl":{}}
[2018-07-05T15:10:57.921] [INFO] info - /home/hcsadmin/code/packages/quicky/q-apps/index.js load app:{"name":"cms","dir":"apps/cms","hostDir":"cms","fullHostDir":"/home/hcsadmin/code/apps/cms","_mdl":{}}
[2018-07-05T15:10:57.926] [INFO] info - /home/hcsadmin/code/packages/quicky/q-apps/index.js load app:{"name":"candidate","dir":"apps/candidate","hostDir":"candidate","fullHostDir":"/home/hcsadmin/code/apps/candidate","_mdl":{}}
[2018-07-05T15:10:57.928] [INFO] info - /home/hcsadmin/code/packages/quicky/q-apps/index.js load app:{"name":"candidate-admin","dir":"apps/candidate-admin","hostDir":"candidate-admin","fullHostDir":"/home/hcsadmin/code/apps/candidate-admin","_mdl":{}}
[2018-07-05T15:10:57.932] [INFO] info - /home/hcsadmin/code/packages/quicky/q-apps/index.js load app:{"name":"admin","dir":"apps/admin","hostDir":"admin","fullHostDir":"/home/hcsadmin/code/apps/admin","_mdl":{}}
[2018-07-05T15:13:50.142] [INFO] info - /home/hcsadmin/code/packages/quicky/q-apps/index.js load app:{"name":"example","dir":"apps/example","hostDir":"exp","fullHostDir":"/home/hcsadmin/code/apps/example","_mdl":{}}
[2018-07-05T15:13:50.145] [INFO] info - /home/hcsadmin/code/packages/quicky/q-apps/index.js load app:{"name":"cms","dir":"apps/cms","hostDir":"cms","fullHostDir":"/home/hcsadmin/code/apps/cms","_mdl":{}}
[2018-07-05T15:13:50.151] [INFO] info - /home/hcsadmin/code/packages/quicky/q-apps/index.js load app:{"name":"candidate","dir":"apps/candidate","hostDir":"candidate","fullHostDir":"/home/hcsadmin/code/apps/candidate","_mdl":{}}
[2018-07-05T15:13:50.157] [INFO] info - /home/hcsadmin/code/packages/quicky/q-apps/index.js load app:{"name":"candidate-admin","dir":"apps/candidate-admin","hostDir":"candidate-admin","fullHostDir":"/home/hcsadmin/code/apps/candidate-admin","_mdl":{}}
[2018-07-05T15:13:50.160] [INFO] info - /home/hcsadmin/code/packages/quicky/q-apps/index.js load app:{"name":"admin","dir":"apps/admin","hostDir":"admin","fullHostDir":"/home/hcsadmin/code/apps/admin","_mdl":{}}
[2018-07-05T15:19:46.262] [INFO] info - /home/hcsadmin/code/packages/quicky/q-apps/index.js load app:{"name":"example","dir":"apps/example","hostDir":"exp","fullHostDir":"/home/hcsadmin/code/apps/example","_mdl":{}}
[2018-07-05T15:19:46.265] [INFO] info - /home/hcsadmin/code/packages/quicky/q-apps/index.js load app:{"name":"cms","dir":"apps/cms","hostDir":"cms","fullHostDir":"/home/hcsadmin/code/apps/cms","_mdl":{}}
[2018-07-05T15:19:46.270] [INFO] info - /home/hcsadmin/code/packages/quicky/q-apps/index.js load app:{"name":"candidate","dir":"apps/candidate","hostDir":"candidate","fullHostDir":"/home/hcsadmin/code/apps/candidate","_mdl":{}}
[2018-07-05T15:19:46.291] [INFO] info - /home/hcsadmin/code/packages/quicky/q-apps/index.js load app:{"name":"candidate-admin","dir":"apps/candidate-admin","hostDir":"candidate-admin","fullHostDir":"/home/hcsadmin/code/apps/candidate-admin","_mdl":{}}
[2018-07-05T15:19:46.294] [INFO] info - /home/hcsadmin/code/packages/quicky/q-apps/index.js load app:{"name":"admin","dir":"apps/admin","hostDir":"admin","fullHostDir":"/home/hcsadmin/code/apps/admin","_mdl":{}}
[2018-07-05T15:33:01.834] [INFO] info - /home/hcsadmin/code/packages/quicky/q-apps/index.js load app:{"name":"example","dir":"apps/example","hostDir":"exp","fullHostDir":"/home/hcsadmin/code/apps/example","_mdl":{}}
[2018-07-05T15:33:01.837] [INFO] info - /home/hcsadmin/code/packages/quicky/q-apps/index.js load app:{"name":"cms","dir":"apps/cms","hostDir":"cms","fullHostDir":"/home/hcsadmin/code/apps/cms","_mdl":{}}
[2018-07-05T15:33:01.847] [INFO] info - /home/hcsadmin/code/packages/quicky/q-apps/index.js load app:{"name":"candidate","dir":"apps/candidate","hostDir":"candidate","fullHostDir":"/home/hcsadmin/code/apps/candidate","_mdl":{}}
[2018-07-05T15:33:01.920] [INFO] info - /home/hcsadmin/code/packages/quicky/q-apps/index.js load app:{"name":"candidate-admin","dir":"apps/candidate-admin","hostDir":"candidate-admin","fullHostDir":"/home/hcsadmin/code/apps/candidate-admin","_mdl":{}}
[2018-07-05T15:33:01.925] [INFO] info - /home/hcsadmin/code/packages/quicky/q-apps/index.js load app:{"name":"admin","dir":"apps/admin","hostDir":"admin","fullHostDir":"/home/hcsadmin/code/apps/admin","_mdl":{}}
[2018-07-05T15:45:47.737] [INFO] info - /home/hcsadmin/code/packages/quicky/q-apps/index.js load app:{"name":"example","dir":"apps/example","hostDir":"exp","fullHostDir":"/home/hcsadmin/code/apps/example","_mdl":{}}
[2018-07-05T15:45:47.743] [INFO] info - /home/hcsadmin/code/packages/quicky/q-apps/index.js load app:{"name":"cms","dir":"apps/cms","hostDir":"cms","fullHostDir":"/home/hcsadmin/code/apps/cms","_mdl":{}}
[2018-07-05T15:45:47.752] [INFO] info - /home/hcsadmin/code/packages/quicky/q-apps/index.js load app:{"name":"candidate","dir":"apps/candidate","hostDir":"candidate","fullHostDir":"/home/hcsadmin/code/apps/candidate","_mdl":{}}
[2018-07-05T15:45:47.811] [INFO] info - /home/hcsadmin/code/packages/quicky/q-apps/index.js load app:{"name":"candidate-admin","dir":"apps/candidate-admin","hostDir":"candidate-admin","fullHostDir":"/home/hcsadmin/code/apps/candidate-admin","_mdl":{}}
[2018-07-05T15:45:47.814] [INFO] info - /home/hcsadmin/code/packages/quicky/q-apps/index.js load app:{"name":"admin","dir":"apps/admin","hostDir":"admin","fullHostDir":"/home/hcsadmin/code/apps/admin","_mdl":{}}
[2018-07-05T15:49:32.301] [INFO] info - /home/hcsadmin/code/packages/quicky/q-apps/index.js load app:{"name":"example","dir":"apps/example","hostDir":"exp","fullHostDir":"/home/hcsadmin/code/apps/example","_mdl":{}}
[2018-07-05T15:49:32.304] [INFO] info - /home/hcsadmin/code/packages/quicky/q-apps/index.js load app:{"name":"cms","dir":"apps/cms","hostDir":"cms","fullHostDir":"/home/hcsadmin/code/apps/cms","_mdl":{}}
[2018-07-05T15:49:32.316] [INFO] info - /home/hcsadmin/code/packages/quicky/q-apps/index.js load app:{"name":"candidate","dir":"apps/candidate","hostDir":"candidate","fullHostDir":"/home/hcsadmin/code/apps/candidate","_mdl":{}}
[2018-07-05T15:49:32.383] [INFO] info - /home/hcsadmin/code/packages/quicky/q-apps/index.js load app:{"name":"candidate-admin","dir":"apps/candidate-admin","hostDir":"candidate-admin","fullHostDir":"/home/hcsadmin/code/apps/candidate-admin","_mdl":{}}
[2018-07-05T15:49:32.387] [INFO] info - /home/hcsadmin/code/packages/quicky/q-apps/index.js load app:{"name":"admin","dir":"apps/admin","hostDir":"admin","fullHostDir":"/home/hcsadmin/code/apps/admin","_mdl":{}}
[2018-07-05T15:51:08.634] [INFO] info - /home/hcsadmin/code/packages/quicky/q-apps/index.js load app:{"name":"example","dir":"apps/example","hostDir":"exp","fullHostDir":"/home/hcsadmin/code/apps/example","_mdl":{}}
[2018-07-05T15:51:08.636] [INFO] info - /home/hcsadmin/code/packages/quicky/q-apps/index.js load app:{"name":"cms","dir":"apps/cms","hostDir":"cms","fullHostDir":"/home/hcsadmin/code/apps/cms","_mdl":{}}
[2018-07-05T15:51:08.644] [INFO] info - /home/hcsadmin/code/packages/quicky/q-apps/index.js load app:{"name":"candidate","dir":"apps/candidate","hostDir":"candidate","fullHostDir":"/home/hcsadmin/code/apps/candidate","_mdl":{}}
[2018-07-05T15:51:08.720] [INFO] info - /home/hcsadmin/code/packages/quicky/q-apps/index.js load app:{"name":"candidate-admin","dir":"apps/candidate-admin","hostDir":"candidate-admin","fullHostDir":"/home/hcsadmin/code/apps/candidate-admin","_mdl":{}}
[2018-07-05T15:51:08.724] [INFO] info - /home/hcsadmin/code/packages/quicky/q-apps/index.js load app:{"name":"admin","dir":"apps/admin","hostDir":"admin","fullHostDir":"/home/hcsadmin/code/apps/admin","_mdl":{}}
[2018-07-05T15:55:49.083] [INFO] info - /home/hcsadmin/code/packages/quicky/q-apps/index.js load app:{"name":"example","dir":"apps/example","hostDir":"exp","fullHostDir":"/home/hcsadmin/code/apps/example","_mdl":{}}
[2018-07-05T15:55:49.086] [INFO] info - /home/hcsadmin/code/packages/quicky/q-apps/index.js load app:{"name":"cms","dir":"apps/cms","hostDir":"cms","fullHostDir":"/home/hcsadmin/code/apps/cms","_mdl":{}}
[2018-07-05T15:55:49.092] [INFO] info - /home/hcsadmin/code/packages/quicky/q-apps/index.js load app:{"name":"candidate","dir":"apps/candidate","hostDir":"candidate","fullHostDir":"/home/hcsadmin/code/apps/candidate","_mdl":{}}
[2018-07-05T15:55:49.147] [INFO] info - /home/hcsadmin/code/packages/quicky/q-apps/index.js load app:{"name":"candidate-admin","dir":"apps/candidate-admin","hostDir":"candidate-admin","fullHostDir":"/home/hcsadmin/code/apps/candidate-admin","_mdl":{}}
[2018-07-05T15:55:49.151] [INFO] info - /home/hcsadmin/code/packages/quicky/q-apps/index.js load app:{"name":"admin","dir":"apps/admin","hostDir":"admin","fullHostDir":"/home/hcsadmin/code/apps/admin","_mdl":{}}
[2018-07-05T16:23:23.551] [INFO] info - /home/hcsadmin/code/packages/quicky/q-apps/index.js load app:{"name":"example","dir":"apps/example","hostDir":"exp","fullHostDir":"/home/hcsadmin/code/apps/example","_mdl":{}}
[2018-07-05T16:23:23.554] [INFO] info - /home/hcsadmin/code/packages/quicky/q-apps/index.js load app:{"name":"cms","dir":"apps/cms","hostDir":"cms","fullHostDir":"/home/hcsadmin/code/apps/cms","_mdl":{}}
[2018-07-05T16:23:23.560] [INFO] info - /home/hcsadmin/code/packages/quicky/q-apps/index.js load app:{"name":"candidate","dir":"apps/candidate","hostDir":"candidate","fullHostDir":"/home/hcsadmin/code/apps/candidate","_mdl":{}}
[2018-07-05T16:23:23.608] [INFO] info - /home/hcsadmin/code/packages/quicky/q-apps/index.js load app:{"name":"admin","dir":"apps/admin","hostDir":"admin","fullHostDir":"/home/hcsadmin/code/apps/admin","_mdl":{}}
[2018-07-05T16:33:27.393] [INFO] info - /home/hcsadmin/code/packages/quicky/q-apps/index.js load app:{"name":"example","dir":"apps/example","hostDir":"exp","fullHostDir":"/home/hcsadmin/code/apps/example","_mdl":{}}
[2018-07-05T16:33:27.397] [INFO] info - /home/hcsadmin/code/packages/quicky/q-apps/index.js load app:{"name":"cms","dir":"apps/cms","hostDir":"cms","fullHostDir":"/home/hcsadmin/code/apps/cms","_mdl":{}}
[2018-07-05T16:33:27.406] [INFO] info - /home/hcsadmin/code/packages/quicky/q-apps/index.js load app:{"name":"candidate","dir":"apps/candidate","hostDir":"candidate","fullHostDir":"/home/hcsadmin/code/apps/candidate","_mdl":{}}
[2018-07-05T16:33:27.450] [INFO] info - /home/hcsadmin/code/packages/quicky/q-apps/index.js load app:{"name":"admin","dir":"apps/admin","hostDir":"admin","fullHostDir":"/home/hcsadmin/code/apps/admin","_mdl":{}}
[2018-07-05T16:34:22.682] [INFO] info - /home/hcsadmin/code/packages/quicky/q-apps/index.js load app:{"name":"example","dir":"apps/example","hostDir":"exp","fullHostDir":"/home/hcsadmin/code/apps/example","_mdl":{}}
[2018-07-05T16:34:22.685] [INFO] info - /home/hcsadmin/code/packages/quicky/q-apps/index.js load app:{"name":"cms","dir":"apps/cms","hostDir":"cms","fullHostDir":"/home/hcsadmin/code/apps/cms","_mdl":{}}
[2018-07-05T16:34:22.692] [INFO] info - /home/hcsadmin/code/packages/quicky/q-apps/index.js load app:{"name":"candidate","dir":"apps/candidate","hostDir":"candidate","fullHostDir":"/home/hcsadmin/code/apps/candidate","_mdl":{}}
[2018-07-05T16:34:22.748] [INFO] info - /home/hcsadmin/code/packages/quicky/q-apps/index.js load app:{"name":"admin","dir":"apps/admin","hostDir":"admin","fullHostDir":"/home/hcsadmin/code/apps/admin","_mdl":{}}
[2018-07-05T16:35:28.596] [INFO] info - /home/hcsadmin/code/packages/quicky/q-apps/index.js load app:{"name":"example","dir":"apps/example","hostDir":"exp","fullHostDir":"/home/hcsadmin/code/apps/example","_mdl":{}}
[2018-07-05T16:35:28.599] [INFO] info - /home/hcsadmin/code/packages/quicky/q-apps/index.js load app:{"name":"cms","dir":"apps/cms","hostDir":"cms","fullHostDir":"/home/hcsadmin/code/apps/cms","_mdl":{}}
[2018-07-05T16:35:28.604] [INFO] info - /home/hcsadmin/code/packages/quicky/q-apps/index.js load app:{"name":"candidate","dir":"apps/candidate","hostDir":"candidate","fullHostDir":"/home/hcsadmin/code/apps/candidate","_mdl":{}}
[2018-07-05T16:35:28.643] [INFO] info - /home/hcsadmin/code/packages/quicky/q-apps/index.js load app:{"name":"candidate-admin","dir":"apps/candidate-admin","hostDir":"candidate-admin","fullHostDir":"/home/hcsadmin/code/apps/candidate-admin","_mdl":{}}
[2018-07-05T16:35:28.647] [INFO] info - /home/hcsadmin/code/packages/quicky/q-apps/index.js load app:{"name":"admin","dir":"apps/admin","hostDir":"admin","fullHostDir":"/home/hcsadmin/code/apps/admin","_mdl":{}}
[2018-07-05T16:36:48.587] [INFO] info - /home/hcsadmin/code/packages/quicky/q-apps/index.js load app:{"name":"example","dir":"apps/example","hostDir":"exp","fullHostDir":"/home/hcsadmin/code/apps/example","_mdl":{}}
[2018-07-05T16:36:48.590] [INFO] info - /home/hcsadmin/code/packages/quicky/q-apps/index.js load app:{"name":"cms","dir":"apps/cms","hostDir":"cms","fullHostDir":"/home/hcsadmin/code/apps/cms","_mdl":{}}
[2018-07-05T16:36:48.595] [INFO] info - /home/hcsadmin/code/packages/quicky/q-apps/index.js load app:{"name":"candidate","dir":"apps/candidate","hostDir":"candidate","fullHostDir":"/home/hcsadmin/code/apps/candidate","_mdl":{}}
[2018-07-05T16:36:48.635] [INFO] info - /home/hcsadmin/code/packages/quicky/q-apps/index.js load app:{"name":"candidate-admin","dir":"apps/candidate-admin","hostDir":"candidate-admin","fullHostDir":"/home/hcsadmin/code/apps/candidate-admin","_mdl":{}}
[2018-07-05T16:36:48.639] [INFO] info - /home/hcsadmin/code/packages/quicky/q-apps/index.js load app:{"name":"admin","dir":"apps/admin","hostDir":"admin","fullHostDir":"/home/hcsadmin/code/apps/admin","_mdl":{}}
[2018-07-05T16:39:15.283] [INFO] info - /home/hcsadmin/code/packages/quicky/q-apps/index.js load app:{"name":"example","dir":"apps/example","hostDir":"exp","fullHostDir":"/home/hcsadmin/code/apps/example","_mdl":{}}
[2018-07-05T16:39:15.286] [INFO] info - /home/hcsadmin/code/packages/quicky/q-apps/index.js load app:{"name":"cms","dir":"apps/cms","hostDir":"cms","fullHostDir":"/home/hcsadmin/code/apps/cms","_mdl":{}}
[2018-07-05T16:39:15.294] [INFO] info - /home/hcsadmin/code/packages/quicky/q-apps/index.js load app:{"name":"candidate","dir":"apps/candidate","hostDir":"candidate","fullHostDir":"/home/hcsadmin/code/apps/candidate","_mdl":{}}
[2018-07-05T16:39:15.340] [INFO] info - /home/hcsadmin/code/packages/quicky/q-apps/index.js load app:{"name":"candidate-admin","dir":"apps/candidate-admin","hostDir":"candidate-admin","fullHostDir":"/home/hcsadmin/code/apps/candidate-admin","_mdl":{}}
[2018-07-05T16:39:15.343] [INFO] info - /home/hcsadmin/code/packages/quicky/q-apps/index.js load app:{"name":"admin","dir":"apps/admin","hostDir":"admin","fullHostDir":"/home/hcsadmin/code/apps/admin","_mdl":{}}
[2018-07-05T20:32:31.641] [INFO] info - E:\code\nodejs\n-app\packages\quicky\q-apps\index.js load app:{"name":"example","dir":"apps/example","hostDir":"exp","fullHostDir":"e:\\code\\nodejs\\n-app\\apps/example","_mdl":{}}
[2018-07-05T20:32:31.646] [INFO] info - E:\code\nodejs\n-app\packages\quicky\q-apps\index.js load app:{"name":"cms","dir":"apps/cms","hostDir":"cms","fullHostDir":"e:\\code\\nodejs\\n-app\\apps/cms","_mdl":{}}
[2018-07-05T20:32:31.705] [INFO] info - E:\code\nodejs\n-app\packages\quicky\q-apps\index.js load app:{"name":"candidate","dir":"apps/candidate","hostDir":"candidate","fullHostDir":"e:\\code\\nodejs\\n-app\\apps/candidate","_mdl":{}}
[2018-07-05T20:32:31.746] [INFO] info - E:\code\nodejs\n-app\packages\quicky\q-apps\index.js load app:{"name":"admin","dir":"apps/admin","hostDir":"admin","fullHostDir":"e:\\code\\nodejs\\n-app\\apps/admin","_mdl":{}}
[2018-07-05T20:33:22.683] [INFO] info - E:\code\nodejs\n-app\packages\quicky\q-apps\index.js load app:{"name":"example","dir":"apps/example","hostDir":"exp","fullHostDir":"e:\\code\\nodejs\\n-app\\apps/example","_mdl":{}}
[2018-07-05T20:33:22.689] [INFO] info - E:\code\nodejs\n-app\packages\quicky\q-apps\index.js load app:{"name":"cms","dir":"apps/cms","hostDir":"cms","fullHostDir":"e:\\code\\nodejs\\n-app\\apps/cms","_mdl":{}}
[2018-07-05T20:33:22.707] [INFO] info - E:\code\nodejs\n-app\packages\quicky\q-apps\index.js load app:{"name":"candidate","dir":"apps/candidate","hostDir":"candidate","fullHostDir":"e:\\code\\nodejs\\n-app\\apps/candidate","_mdl":{}}
[2018-07-05T20:33:22.729] [INFO] info - E:\code\nodejs\n-app\packages\quicky\q-apps\index.js load app:{"name":"admin","dir":"apps/admin","hostDir":"admin","fullHostDir":"e:\\code\\nodejs\\n-app\\apps/admin","_mdl":{}}
[2018-07-05T20:35:08.063] [INFO] info - E:\code\nodejs\n-app\packages\quicky\q-apps\index.js load app:{"name":"example","dir":"apps/example","hostDir":"exp","fullHostDir":"e:\\code\\nodejs\\n-app\\apps/example","_mdl":{}}
[2018-07-05T20:35:08.069] [INFO] info - E:\code\nodejs\n-app\packages\quicky\q-apps\index.js load app:{"name":"cms","dir":"apps/cms","hostDir":"cms","fullHostDir":"e:\\code\\nodejs\\n-app\\apps/cms","_mdl":{}}
[2018-07-05T20:35:08.086] [INFO] info - E:\code\nodejs\n-app\packages\quicky\q-apps\index.js load app:{"name":"candidate","dir":"apps/candidate","hostDir":"candidate","fullHostDir":"e:\\code\\nodejs\\n-app\\apps/candidate","_mdl":{}}
[2018-07-05T20:35:08.100] [INFO] info - E:\code\nodejs\n-app\packages\quicky\q-apps\index.js load app:{"name":"candidate-admin","dir":"apps/candidate-admin","hostDir":"candidate-admin","fullHostDir":"e:\\code\\nodejs\\n-app\\apps/candidate-admin","_mdl":{}}
[2018-07-05T20:35:08.108] [INFO] info - E:\code\nodejs\n-app\packages\quicky\q-apps\index.js load app:{"name":"admin","dir":"apps/admin","hostDir":"admin","fullHostDir":"e:\\code\\nodejs\\n-app\\apps/admin","_mdl":{}}
[2018-07-05T22:06:58.195] [INFO] info - E:\code\nodejs\n-app\packages\quicky\q-apps\index.js load app:{"name":"example","dir":"apps/example","hostDir":"exp","fullHostDir":"e:\\code\\nodejs\\n-app\\apps/example","_mdl":{}}
[2018-07-05T22:06:58.201] [INFO] info - E:\code\nodejs\n-app\packages\quicky\q-apps\index.js load app:{"name":"cms","dir":"apps/cms","hostDir":"cms","fullHostDir":"e:\\code\\nodejs\\n-app\\apps/cms","_mdl":{}}
[2018-07-05T22:06:58.218] [INFO] info - E:\code\nodejs\n-app\packages\quicky\q-apps\index.js load app:{"name":"candidate","dir":"apps/candidate","hostDir":"candidate","fullHostDir":"e:\\code\\nodejs\\n-app\\apps/candidate","_mdl":{}}
[2018-07-05T22:06:58.232] [INFO] info - E:\code\nodejs\n-app\packages\quicky\q-apps\index.js load app:{"name":"candidate-admin","dir":"apps/candidate-admin","hostDir":"candidate-admin","fullHostDir":"e:\\code\\nodejs\\n-app\\apps/candidate-admin","_mdl":{}}
[2018-07-05T22:06:58.240] [INFO] info - E:\code\nodejs\n-app\packages\quicky\q-apps\index.js load app:{"name":"admin","dir":"apps/admin","hostDir":"admin","fullHostDir":"e:\\code\\nodejs\\n-app\\apps/admin","_mdl":{}}
[2018-07-05T22:10:43.277] [INFO] info - E:\code\nodejs\n-app\packages\quicky\q-apps\index.js load app:{"name":"example","dir":"apps/example","hostDir":"exp","fullHostDir":"e:\\code\\nodejs\\n-app\\apps/example","_mdl":{}}
[2018-07-05T22:10:43.283] [INFO] info - E:\code\nodejs\n-app\packages\quicky\q-apps\index.js load app:{"name":"cms","dir":"apps/cms","hostDir":"cms","fullHostDir":"e:\\code\\nodejs\\n-app\\apps/cms","_mdl":{}}
[2018-07-05T22:10:43.305] [INFO] info - E:\code\nodejs\n-app\packages\quicky\q-apps\index.js load app:{"name":"candidate","dir":"apps/candidate","hostDir":"candidate","fullHostDir":"e:\\code\\nodejs\\n-app\\apps/candidate","_mdl":{}}
[2018-07-05T22:10:43.326] [INFO] info - E:\code\nodejs\n-app\packages\quicky\q-apps\index.js load app:{"name":"admin","dir":"apps/admin","hostDir":"admin","fullHostDir":"e:\\code\\nodejs\\n-app\\apps/admin","_mdl":{}}
[2018-07-05T22:11:19.932] [INFO] info - E:\code\nodejs\n-app\packages\quicky\q-apps\index.js load app:{"name":"example","dir":"apps/example","hostDir":"exp","fullHostDir":"e:\\code\\nodejs\\n-app\\apps/example","_mdl":{}}
[2018-07-05T22:11:19.938] [INFO] info - E:\code\nodejs\n-app\packages\quicky\q-apps\index.js load app:{"name":"cms","dir":"apps/cms","hostDir":"cms","fullHostDir":"e:\\code\\nodejs\\n-app\\apps/cms","_mdl":{}}
[2018-07-05T22:11:19.956] [INFO] info - E:\code\nodejs\n-app\packages\quicky\q-apps\index.js load app:{"name":"candidate","dir":"apps/candidate","hostDir":"candidate","fullHostDir":"e:\\code\\nodejs\\n-app\\apps/candidate","_mdl":{}}
[2018-07-05T22:11:19.971] [INFO] info - E:\code\nodejs\n-app\packages\quicky\q-apps\index.js load app:{"name":"candidate-admin","dir":"apps/candidate-admin","hostDir":"candidate-admin","fullHostDir":"e:\\code\\nodejs\\n-app\\apps/candidate-admin","_mdl":{}}
[2018-07-05T22:11:19.980] [INFO] info - E:\code\nodejs\n-app\packages\quicky\q-apps\index.js load app:{"name":"admin","dir":"apps/admin","hostDir":"admin","fullHostDir":"e:\\code\\nodejs\\n-app\\apps/admin","_mdl":{}}
