[2018-07-08T08:30:06.287] [INFO] info - E:\code\nodejs\n-app-02\packages\quicky\q-apps\index.js load app:{"name":"example","dir":"apps/example","hostDir":"exp","fullHostDir":"e:\\code\\nodejs\\n-app-02\\apps/example","_mdl":{}}
[2018-07-08T08:32:48.598] [INFO] info - E:\code\nodejs\n-app-02\packages\quicky\q-apps\index.js load app:{"name":"example","dir":"apps/example","hostDir":"exp","fullHostDir":"e:\\code\\nodejs\\n-app-02\\apps/example","_mdl":{}}
[2018-07-08T08:32:48.605] [INFO] info - E:\code\nodejs\n-app-02\packages\quicky\q-apps\index.js load app:{"name":"cms","dir":"apps/cms","hostDir":"cms","fullHostDir":"e:\\code\\nodejs\\n-app-02\\apps/cms","_mdl":{}}
[2018-07-08T08:32:48.626] [INFO] info - E:\code\nodejs\n-app-02\packages\quicky\q-apps\index.js load app:{"name":"candidate","dir":"apps/candidate","hostDir":"candidate","fullHostDir":"e:\\code\\nodejs\\n-app-02\\apps/candidate","_mdl":{}}
[2018-07-08T08:32:48.641] [INFO] info - E:\code\nodejs\n-app-02\packages\quicky\q-apps\index.js load app:{"name":"candidate-admin","dir":"apps/candidate-admin","hostDir":"candidate-admin","fullHostDir":"e:\\code\\nodejs\\n-app-02\\apps/candidate-admin","_mdl":{}}
[2018-07-08T08:32:50.826] [INFO] info - E:\code\nodejs\n-app-02\packages\quicky\q-apps\index.js load app:{"name":"admin","dir":"apps/admin","hostDir":"admin","fullHostDir":"e:\\code\\nodejs\\n-app-02\\apps/admin","_mdl":{}}
[2018-07-08T08:34:05.338] [INFO] info - E:\code\nodejs\n-app-02\packages\quicky\q-apps\index.js load app:{"name":"example","dir":"apps/example","hostDir":"exp","fullHostDir":"e:\\code\\nodejs\\n-app-02\\apps/example","_mdl":{}}
[2018-07-08T08:34:05.345] [INFO] info - E:\code\nodejs\n-app-02\packages\quicky\q-apps\index.js load app:{"name":"cms","dir":"apps/cms","hostDir":"cms","fullHostDir":"e:\\code\\nodejs\\n-app-02\\apps/cms","_mdl":{}}
[2018-07-08T08:34:08.304] [INFO] info - E:\code\nodejs\n-app-02\packages\quicky\q-apps\index.js load app:{"name":"candidate","dir":"apps/candidate","hostDir":"candidate","fullHostDir":"e:\\code\\nodejs\\n-app-02\\apps/candidate","_mdl":{}}
[2018-07-08T08:34:08.330] [INFO] info - E:\code\nodejs\n-app-02\packages\quicky\q-apps\index.js load app:{"name":"candidate-admin","dir":"apps/candidate-admin","hostDir":"candidate-admin","fullHostDir":"e:\\code\\nodejs\\n-app-02\\apps/candidate-admin","_mdl":{}}
[2018-07-08T08:34:10.039] [INFO] info - E:\code\nodejs\n-app-02\packages\quicky\q-apps\index.js load app:{"name":"admin","dir":"apps/admin","hostDir":"admin","fullHostDir":"e:\\code\\nodejs\\n-app-02\\apps/admin","_mdl":{}}
[2018-07-08T08:37:00.319] [INFO] info - E:\code\nodejs\n-app-02\packages\quicky\q-apps\index.js load app:{"name":"example","dir":"apps/example","hostDir":"exp","fullHostDir":"e:\\code\\nodejs\\n-app-02\\apps/example","_mdl":{}}
[2018-07-08T08:37:00.325] [INFO] info - E:\code\nodejs\n-app-02\packages\quicky\q-apps\index.js load app:{"name":"cms","dir":"apps/cms","hostDir":"cms","fullHostDir":"e:\\code\\nodejs\\n-app-02\\apps/cms","_mdl":{}}
[2018-07-08T08:37:06.437] [INFO] info - E:\code\nodejs\n-app-02\packages\quicky\q-apps\index.js load app:{"name":"candidate","dir":"apps/candidate","hostDir":"candidate","fullHostDir":"e:\\code\\nodejs\\n-app-02\\apps/candidate","_mdl":{}}
[2018-07-08T08:37:06.454] [INFO] info - E:\code\nodejs\n-app-02\packages\quicky\q-apps\index.js load app:{"name":"candidate-admin","dir":"apps/candidate-admin","hostDir":"candidate-admin","fullHostDir":"e:\\code\\nodejs\\n-app-02\\apps/candidate-admin","_mdl":{}}
[2018-07-08T08:37:07.676] [INFO] info - E:\code\nodejs\n-app-02\packages\quicky\q-apps\index.js load app:{"name":"admin","dir":"apps/admin","hostDir":"admin","fullHostDir":"e:\\code\\nodejs\\n-app-02\\apps/admin","_mdl":{}}
[2018-07-08T08:41:31.001] [INFO] info - E:\code\nodejs\n-app-02\packages\quicky\q-apps\index.js load app:{"name":"admin","dir":"apps/admin","hostDir":"admin","fullHostDir":"e:\\code\\nodejs\\n-app-02\\apps/admin","_mdl":{}}
[2018-07-08T08:42:12.615] [INFO] info - E:\code\nodejs\n-app-02\packages\quicky\q-apps\index.js load app:{"name":"admin","dir":"apps/admin","hostDir":"admin","fullHostDir":"e:\\code\\nodejs\\n-app-02\\apps/admin","_mdl":{}}
[2018-07-08T08:44:04.224] [INFO] info - E:\code\nodejs\n-app-02\packages\quicky\q-apps\index.js load app:{"name":"admin","dir":"apps/admin","hostDir":"admin","fullHostDir":"e:\\code\\nodejs\\n-app-02\\apps/admin","_mdl":{}}
[2018-07-08T08:48:40.491] [INFO] info - E:\code\nodejs\n-app-02\packages\quicky\q-apps\index.js load app:{"name":"example","dir":"apps/example","hostDir":"exp","fullHostDir":"e:\\code\\nodejs\\n-app-02\\apps/example","_mdl":{}}
[2018-07-08T08:48:40.497] [INFO] info - E:\code\nodejs\n-app-02\packages\quicky\q-apps\index.js load app:{"name":"cms","dir":"apps/cms","hostDir":"cms","fullHostDir":"e:\\code\\nodejs\\n-app-02\\apps/cms","_mdl":{}}
[2018-07-08T08:48:40.514] [INFO] info - E:\code\nodejs\n-app-02\packages\quicky\q-apps\index.js load app:{"name":"candidate","dir":"apps/candidate","hostDir":"candidate","fullHostDir":"e:\\code\\nodejs\\n-app-02\\apps/candidate","_mdl":{}}
[2018-07-08T08:48:40.526] [INFO] info - E:\code\nodejs\n-app-02\packages\quicky\q-apps\index.js load app:{"name":"candidate-admin","dir":"apps/candidate-admin","hostDir":"candidate-admin","fullHostDir":"e:\\code\\nodejs\\n-app-02\\apps/candidate-admin","_mdl":{}}
[2018-07-08T08:48:43.404] [INFO] info - E:\code\nodejs\n-app-02\packages\quicky\q-apps\index.js load app:{"name":"admin","dir":"apps/admin","hostDir":"admin","fullHostDir":"e:\\code\\nodejs\\n-app-02\\apps/admin","_mdl":{}}
[2018-07-08T09:05:36.309] [INFO] info - E:\code\nodejs\n-app-02\packages\quicky\q-apps\index.js load app:{"name":"example","dir":"apps/example","hostDir":"exp","fullHostDir":"e:\\code\\nodejs\\n-app-02\\apps/example","_mdl":{}}
[2018-07-08T09:05:36.315] [INFO] info - E:\code\nodejs\n-app-02\packages\quicky\q-apps\index.js load app:{"name":"cms","dir":"apps/cms","hostDir":"cms","fullHostDir":"e:\\code\\nodejs\\n-app-02\\apps/cms","_mdl":{}}
[2018-07-08T09:05:36.332] [INFO] info - E:\code\nodejs\n-app-02\packages\quicky\q-apps\index.js load app:{"name":"candidate","dir":"apps/candidate","hostDir":"candidate","fullHostDir":"e:\\code\\nodejs\\n-app-02\\apps/candidate","_mdl":{}}
[2018-07-08T09:05:36.346] [INFO] info - E:\code\nodejs\n-app-02\packages\quicky\q-apps\index.js load app:{"name":"candidate-admin","dir":"apps/candidate-admin","hostDir":"candidate-admin","fullHostDir":"e:\\code\\nodejs\\n-app-02\\apps/candidate-admin","_mdl":{}}
[2018-07-08T09:05:58.992] [INFO] info - E:\code\nodejs\n-app-02\packages\quicky\q-apps\index.js load app:{"name":"example","dir":"apps/example","hostDir":"exp","fullHostDir":"e:\\code\\nodejs\\n-app-02\\apps/example","_mdl":{}}
[2018-07-08T09:05:58.999] [INFO] info - E:\code\nodejs\n-app-02\packages\quicky\q-apps\index.js load app:{"name":"cms","dir":"apps/cms","hostDir":"cms","fullHostDir":"e:\\code\\nodejs\\n-app-02\\apps/cms","_mdl":{}}
[2018-07-08T09:05:59.015] [INFO] info - E:\code\nodejs\n-app-02\packages\quicky\q-apps\index.js load app:{"name":"candidate","dir":"apps/candidate","hostDir":"candidate","fullHostDir":"e:\\code\\nodejs\\n-app-02\\apps/candidate","_mdl":{}}
[2018-07-08T09:05:59.028] [INFO] info - E:\code\nodejs\n-app-02\packages\quicky\q-apps\index.js load app:{"name":"candidate-admin","dir":"apps/candidate-admin","hostDir":"candidate-admin","fullHostDir":"e:\\code\\nodejs\\n-app-02\\apps/candidate-admin","_mdl":{}}
[2018-07-08T09:07:12.944] [INFO] info - E:\code\nodejs\n-app-02\packages\quicky\q-apps\index.js load app:{"name":"example","dir":"apps/example","hostDir":"exp","fullHostDir":"e:\\code\\nodejs\\n-app-02\\apps/example","_mdl":{}}
[2018-07-08T09:07:12.951] [INFO] info - E:\code\nodejs\n-app-02\packages\quicky\q-apps\index.js load app:{"name":"cms","dir":"apps/cms","hostDir":"cms","fullHostDir":"e:\\code\\nodejs\\n-app-02\\apps/cms","_mdl":{}}
[2018-07-08T09:07:12.971] [INFO] info - E:\code\nodejs\n-app-02\packages\quicky\q-apps\index.js load app:{"name":"candidate","dir":"apps/candidate","hostDir":"candidate","fullHostDir":"e:\\code\\nodejs\\n-app-02\\apps/candidate","_mdl":{}}
[2018-07-08T09:07:12.987] [INFO] info - E:\code\nodejs\n-app-02\packages\quicky\q-apps\index.js load app:{"name":"candidate-admin","dir":"apps/candidate-admin","hostDir":"candidate-admin","fullHostDir":"e:\\code\\nodejs\\n-app-02\\apps/candidate-admin","_mdl":{}}
[2018-07-08T09:07:15.798] [INFO] info - E:\code\nodejs\n-app-02\packages\quicky\q-apps\index.js load app:{"name":"admin","dir":"apps/admin","hostDir":"admin","fullHostDir":"e:\\code\\nodejs\\n-app-02\\apps/admin","_mdl":{}}
[2018-07-08T09:08:30.124] [INFO] info - E:\code\nodejs\n-app-02\packages\quicky\q-apps\index.js load app:{"name":"example","dir":"apps/example","hostDir":"exp","fullHostDir":"e:\\code\\nodejs\\n-app-02\\apps/example","_mdl":{}}
[2018-07-08T09:08:30.130] [INFO] info - E:\code\nodejs\n-app-02\packages\quicky\q-apps\index.js load app:{"name":"cms","dir":"apps/cms","hostDir":"cms","fullHostDir":"e:\\code\\nodejs\\n-app-02\\apps/cms","_mdl":{}}
[2018-07-08T09:08:30.147] [INFO] info - E:\code\nodejs\n-app-02\packages\quicky\q-apps\index.js load app:{"name":"candidate","dir":"apps/candidate","hostDir":"candidate","fullHostDir":"e:\\code\\nodejs\\n-app-02\\apps/candidate","_mdl":{}}
[2018-07-08T09:08:30.160] [INFO] info - E:\code\nodejs\n-app-02\packages\quicky\q-apps\index.js load app:{"name":"candidate-admin","dir":"apps/candidate-admin","hostDir":"candidate-admin","fullHostDir":"e:\\code\\nodejs\\n-app-02\\apps/candidate-admin","_mdl":{}}
[2018-07-08T09:08:34.909] [INFO] info - E:\code\nodejs\n-app-02\packages\quicky\q-apps\index.js load app:{"name":"admin","dir":"apps/admin","hostDir":"admin","fullHostDir":"e:\\code\\nodejs\\n-app-02\\apps/admin","_mdl":{}}
[2018-07-08T09:10:02.500] [INFO] info - E:\code\nodejs\n-app-02\packages\quicky\q-apps\index.js load app:{"name":"example","dir":"apps/example","hostDir":"exp","fullHostDir":"e:\\code\\nodejs\\n-app-02\\apps/example","_mdl":{}}
[2018-07-08T09:13:56.387] [INFO] info - E:\code\nodejs\n-app-02\packages\quicky\q-apps\index.js load app:{"name":"example","dir":"apps/example","hostDir":"exp","fullHostDir":"e:\\code\\nodejs\\n-app-02\\apps/example","_mdl":{}}
[2018-07-08T09:13:56.393] [INFO] info - E:\code\nodejs\n-app-02\packages\quicky\q-apps\index.js load app:{"name":"cms","dir":"apps/cms","hostDir":"cms","fullHostDir":"e:\\code\\nodejs\\n-app-02\\apps/cms","_mdl":{}}
[2018-07-08T09:13:56.410] [INFO] info - E:\code\nodejs\n-app-02\packages\quicky\q-apps\index.js load app:{"name":"candidate","dir":"apps/candidate","hostDir":"candidate","fullHostDir":"e:\\code\\nodejs\\n-app-02\\apps/candidate","_mdl":{}}
[2018-07-08T09:13:56.423] [INFO] info - E:\code\nodejs\n-app-02\packages\quicky\q-apps\index.js load app:{"name":"candidate-admin","dir":"apps/candidate-admin","hostDir":"candidate-admin","fullHostDir":"e:\\code\\nodejs\\n-app-02\\apps/candidate-admin","_mdl":{}}
[2018-07-08T09:14:10.836] [INFO] info - E:\code\nodejs\n-app-02\packages\quicky\q-apps\index.js load app:{"name":"admin","dir":"apps/admin","hostDir":"admin","fullHostDir":"e:\\code\\nodejs\\n-app-02\\apps/admin","_mdl":{}}
[2018-07-08T09:14:21.223] [INFO] info - E:\code\nodejs\n-app-02\packages\quicky\q-apps\index.js load app:{"name":"admin","dir":"apps/admin","hostDir":"admin","fullHostDir":"e:\\code\\nodejs\\n-app-02\\apps/admin","_mdl":{}}
[2018-07-08T09:14:29.750] [INFO] info - E:\code\nodejs\n-app-02\packages\quicky\q-apps\index.js load app:{"name":"example","dir":"apps/example","hostDir":"exp","fullHostDir":"e:\\code\\nodejs\\n-app-02\\apps/example","_mdl":{}}
[2018-07-08T09:14:29.756] [INFO] info - E:\code\nodejs\n-app-02\packages\quicky\q-apps\index.js load app:{"name":"cms","dir":"apps/cms","hostDir":"cms","fullHostDir":"e:\\code\\nodejs\\n-app-02\\apps/cms","_mdl":{}}
[2018-07-08T09:14:29.772] [INFO] info - E:\code\nodejs\n-app-02\packages\quicky\q-apps\index.js load app:{"name":"candidate","dir":"apps/candidate","hostDir":"candidate","fullHostDir":"e:\\code\\nodejs\\n-app-02\\apps/candidate","_mdl":{}}
[2018-07-08T09:14:29.785] [INFO] info - E:\code\nodejs\n-app-02\packages\quicky\q-apps\index.js load app:{"name":"candidate-admin","dir":"apps/candidate-admin","hostDir":"candidate-admin","fullHostDir":"e:\\code\\nodejs\\n-app-02\\apps/candidate-admin","_mdl":{}}
[2018-07-08T09:14:31.295] [INFO] info - E:\code\nodejs\n-app-02\packages\quicky\q-apps\index.js load app:{"name":"admin","dir":"apps/admin","hostDir":"admin","fullHostDir":"e:\\code\\nodejs\\n-app-02\\apps/admin","_mdl":{}}
[2018-07-08T09:16:37.413] [INFO] info - E:\code\nodejs\n-app-02\packages\quicky\q-apps\index.js load app:{"name":"example","dir":"apps/example","hostDir":"exp","fullHostDir":"e:\\code\\nodejs\\n-app-02\\apps/example","_mdl":{}}
[2018-07-08T09:16:37.421] [INFO] info - E:\code\nodejs\n-app-02\packages\quicky\q-apps\index.js load app:{"name":"cms","dir":"apps/cms","hostDir":"cms","fullHostDir":"e:\\code\\nodejs\\n-app-02\\apps/cms","_mdl":{}}
[2018-07-08T09:16:37.440] [INFO] info - E:\code\nodejs\n-app-02\packages\quicky\q-apps\index.js load app:{"name":"candidate","dir":"apps/candidate","hostDir":"candidate","fullHostDir":"e:\\code\\nodejs\\n-app-02\\apps/candidate","_mdl":{}}
[2018-07-08T09:16:37.456] [INFO] info - E:\code\nodejs\n-app-02\packages\quicky\q-apps\index.js load app:{"name":"candidate-admin","dir":"apps/candidate-admin","hostDir":"candidate-admin","fullHostDir":"e:\\code\\nodejs\\n-app-02\\apps/candidate-admin","_mdl":{}}
[2018-07-08T09:16:44.825] [INFO] info - E:\code\nodejs\n-app-02\packages\quicky\q-apps\index.js load app:{"name":"admin","dir":"apps/admin","hostDir":"admin","fullHostDir":"e:\\code\\nodejs\\n-app-02\\apps/admin","_mdl":{}}
[2018-07-08T09:24:13.451] [INFO] info - E:\code\nodejs\n-app-02\packages\quicky\q-apps\index.js load app:{"name":"example","dir":"apps/example","hostDir":"exp","fullHostDir":"e:\\code\\nodejs\\n-app-02\\apps/example","_mdl":{}}
[2018-07-08T09:24:13.456] [INFO] info - E:\code\nodejs\n-app-02\packages\quicky\q-apps\index.js load app:{"name":"cms","dir":"apps/cms","hostDir":"cms","fullHostDir":"e:\\code\\nodejs\\n-app-02\\apps/cms","_mdl":{}}
[2018-07-08T09:24:13.471] [INFO] info - E:\code\nodejs\n-app-02\packages\quicky\q-apps\index.js load app:{"name":"candidate","dir":"apps/candidate","hostDir":"candidate","fullHostDir":"e:\\code\\nodejs\\n-app-02\\apps/candidate","_mdl":{}}
[2018-07-08T09:24:13.482] [INFO] info - E:\code\nodejs\n-app-02\packages\quicky\q-apps\index.js load app:{"name":"candidate-admin","dir":"apps/candidate-admin","hostDir":"candidate-admin","fullHostDir":"e:\\code\\nodejs\\n-app-02\\apps/candidate-admin","_mdl":{}}
[2018-07-08T09:24:36.693] [INFO] info - E:\code\nodejs\n-app-02\packages\quicky\q-apps\index.js load app:{"name":"example","dir":"apps/example","hostDir":"exp","fullHostDir":"e:\\code\\nodejs\\n-app-02\\apps/example","_mdl":{}}
[2018-07-08T09:24:36.698] [INFO] info - E:\code\nodejs\n-app-02\packages\quicky\q-apps\index.js load app:{"name":"cms","dir":"apps/cms","hostDir":"cms","fullHostDir":"e:\\code\\nodejs\\n-app-02\\apps/cms","_mdl":{}}
[2018-07-08T09:24:36.714] [INFO] info - E:\code\nodejs\n-app-02\packages\quicky\q-apps\index.js load app:{"name":"candidate","dir":"apps/candidate","hostDir":"candidate","fullHostDir":"e:\\code\\nodejs\\n-app-02\\apps/candidate","_mdl":{}}
[2018-07-08T09:24:36.727] [INFO] info - E:\code\nodejs\n-app-02\packages\quicky\q-apps\index.js load app:{"name":"candidate-admin","dir":"apps/candidate-admin","hostDir":"candidate-admin","fullHostDir":"e:\\code\\nodejs\\n-app-02\\apps/candidate-admin","_mdl":{}}
[2018-07-08T09:24:49.683] [INFO] info - E:\code\nodejs\n-app-02\packages\quicky\q-apps\index.js load app:{"name":"example","dir":"apps/example","hostDir":"exp","fullHostDir":"e:\\code\\nodejs\\n-app-02\\apps/example","_mdl":{}}
[2018-07-08T09:26:03.483] [INFO] info - E:\code\nodejs\n-app-02\packages\quicky\q-apps\index.js load app:{"name":"example","dir":"apps/example","hostDir":"exp","fullHostDir":"e:\\code\\nodejs\\n-app-02\\apps/example","_mdl":{}}
[2018-07-08T09:26:03.488] [INFO] info - E:\code\nodejs\n-app-02\packages\quicky\q-apps\index.js load app:{"name":"cms","dir":"apps/cms","hostDir":"cms","fullHostDir":"e:\\code\\nodejs\\n-app-02\\apps/cms","_mdl":{}}
[2018-07-08T09:26:03.503] [INFO] info - E:\code\nodejs\n-app-02\packages\quicky\q-apps\index.js load app:{"name":"candidate","dir":"apps/candidate","hostDir":"candidate","fullHostDir":"e:\\code\\nodejs\\n-app-02\\apps/candidate","_mdl":{}}
[2018-07-08T09:26:03.515] [INFO] info - E:\code\nodejs\n-app-02\packages\quicky\q-apps\index.js load app:{"name":"candidate-admin","dir":"apps/candidate-admin","hostDir":"candidate-admin","fullHostDir":"e:\\code\\nodejs\\n-app-02\\apps/candidate-admin","_mdl":{}}
[2018-07-08T09:26:10.547] [INFO] info - E:\code\nodejs\n-app-02\packages\quicky\q-apps\index.js load app:{"name":"admin","dir":"apps/admin","hostDir":"admin","fullHostDir":"e:\\code\\nodejs\\n-app-02\\apps/admin","_mdl":{}}
[2018-07-08T09:26:58.362] [INFO] info - E:\code\nodejs\n-app-02\packages\quicky\q-apps\index.js load app:{"name":"admin","dir":"apps/admin","hostDir":"admin","fullHostDir":"e:\\code\\nodejs\\n-app-02\\apps/admin","_mdl":{}}
[2018-07-08T09:27:03.369] [INFO] info - E:\code\nodejs\n-app-02\packages\quicky\q-apps\index.js load app:{"name":"admin","dir":"apps/admin","hostDir":"admin","fullHostDir":"e:\\code\\nodejs\\n-app-02\\apps/admin","_mdl":{}}
[2018-07-08T09:27:11.364] [INFO] info - E:\code\nodejs\n-app-02\packages\quicky\q-apps\index.js load app:{"name":"example","dir":"apps/example","hostDir":"exp","fullHostDir":"e:\\code\\nodejs\\n-app-02\\apps/example","_mdl":{}}
[2018-07-08T09:27:11.369] [INFO] info - E:\code\nodejs\n-app-02\packages\quicky\q-apps\index.js load app:{"name":"cms","dir":"apps/cms","hostDir":"cms","fullHostDir":"e:\\code\\nodejs\\n-app-02\\apps/cms","_mdl":{}}
[2018-07-08T09:27:11.384] [INFO] info - E:\code\nodejs\n-app-02\packages\quicky\q-apps\index.js load app:{"name":"candidate","dir":"apps/candidate","hostDir":"candidate","fullHostDir":"e:\\code\\nodejs\\n-app-02\\apps/candidate","_mdl":{}}
[2018-07-08T09:27:11.395] [INFO] info - E:\code\nodejs\n-app-02\packages\quicky\q-apps\index.js load app:{"name":"candidate-admin","dir":"apps/candidate-admin","hostDir":"candidate-admin","fullHostDir":"e:\\code\\nodejs\\n-app-02\\apps/candidate-admin","_mdl":{}}
[2018-07-08T09:27:41.173] [INFO] info - E:\code\nodejs\n-app-02\packages\quicky\q-apps\index.js load app:{"name":"admin","dir":"apps/admin","hostDir":"admin","fullHostDir":"e:\\code\\nodejs\\n-app-02\\apps/admin","_mdl":{}}
[2018-07-08T09:29:41.956] [INFO] info - E:\code\nodejs\n-app-02\packages\quicky\q-apps\index.js load app:{"name":"example","dir":"apps/example","hostDir":"exp","fullHostDir":"e:\\code\\nodejs\\n-app-02\\apps/example","_mdl":{}}
[2018-07-08T09:29:41.961] [INFO] info - E:\code\nodejs\n-app-02\packages\quicky\q-apps\index.js load app:{"name":"cms","dir":"apps/cms","hostDir":"cms","fullHostDir":"e:\\code\\nodejs\\n-app-02\\apps/cms","_mdl":{}}
[2018-07-08T09:29:41.976] [INFO] info - E:\code\nodejs\n-app-02\packages\quicky\q-apps\index.js load app:{"name":"candidate","dir":"apps/candidate","hostDir":"candidate","fullHostDir":"e:\\code\\nodejs\\n-app-02\\apps/candidate","_mdl":{}}
[2018-07-08T09:29:41.989] [INFO] info - E:\code\nodejs\n-app-02\packages\quicky\q-apps\index.js load app:{"name":"candidate-admin","dir":"apps/candidate-admin","hostDir":"candidate-admin","fullHostDir":"e:\\code\\nodejs\\n-app-02\\apps/candidate-admin","_mdl":{}}
[2018-07-08T09:29:41.992] [INFO] info - E:\code\nodejs\n-app-02\packages\quicky\q-apps\index.js load app:{"name":"admin","dir":"apps/admin","hostDir":"admin","fullHostDir":"e:\\code\\nodejs\\n-app-02\\apps/admin","_mdl":{}}
[2018-07-08T09:31:10.711] [INFO] info - E:\code\nodejs\n-app-02\packages\quicky\q-apps\index.js load app:{"name":"example","dir":"apps/example","hostDir":"exp","fullHostDir":"e:\\code\\nodejs\\n-app-02\\apps/example","_mdl":{}}
[2018-07-08T09:31:10.716] [INFO] info - E:\code\nodejs\n-app-02\packages\quicky\q-apps\index.js load app:{"name":"cms","dir":"apps/cms","hostDir":"cms","fullHostDir":"e:\\code\\nodejs\\n-app-02\\apps/cms","_mdl":{}}
[2018-07-08T09:31:10.732] [INFO] info - E:\code\nodejs\n-app-02\packages\quicky\q-apps\index.js load app:{"name":"candidate","dir":"apps/candidate","hostDir":"candidate","fullHostDir":"e:\\code\\nodejs\\n-app-02\\apps/candidate","_mdl":{}}
[2018-07-08T09:31:10.744] [INFO] info - E:\code\nodejs\n-app-02\packages\quicky\q-apps\index.js load app:{"name":"candidate-admin","dir":"apps/candidate-admin","hostDir":"candidate-admin","fullHostDir":"e:\\code\\nodejs\\n-app-02\\apps/candidate-admin","_mdl":{}}
[2018-07-08T09:31:10.747] [INFO] info - E:\code\nodejs\n-app-02\packages\quicky\q-apps\index.js load app:{"name":"admin","dir":"apps/admin","hostDir":"admin","fullHostDir":"e:\\code\\nodejs\\n-app-02\\apps/admin","_mdl":{}}
[2018-07-08T09:33:15.695] [INFO] info - E:\code\nodejs\n-app-02\packages\quicky\q-apps\index.js load app:{"name":"admin","dir":"apps/admin","hostDir":"admin","fullHostDir":"e:\\code\\nodejs\\n-app-02\\apps/admin","_mdl":{}}
[2018-07-08T09:33:20.702] [INFO] info - E:\code\nodejs\n-app-02\packages\quicky\q-apps\index.js load app:{"name":"admin","dir":"apps/admin","hostDir":"admin","fullHostDir":"e:\\code\\nodejs\\n-app-02\\apps/admin","_mdl":{}}
[2018-07-08T09:33:39.274] [INFO] info - E:\code\nodejs\n-app-02\packages\quicky\q-apps\index.js load app:{"name":"admin","dir":"apps/admin","hostDir":"admin","fullHostDir":"e:\\code\\nodejs\\n-app-02\\apps/admin","_mdl":{}}
[2018-07-08T09:35:51.029] [INFO] info - E:\code\nodejs\n-app-02\packages\quicky\q-apps\index.js load app:{"name":"example","dir":"apps/example","hostDir":"exp","fullHostDir":"e:\\code\\nodejs\\n-app-02\\apps/example","_mdl":{}}
[2018-07-08T09:35:51.035] [INFO] info - E:\code\nodejs\n-app-02\packages\quicky\q-apps\index.js load app:{"name":"cms","dir":"apps/cms","hostDir":"cms","fullHostDir":"e:\\code\\nodejs\\n-app-02\\apps/cms","_mdl":{}}
[2018-07-08T09:35:51.056] [INFO] info - E:\code\nodejs\n-app-02\packages\quicky\q-apps\index.js load app:{"name":"candidate","dir":"apps/candidate","hostDir":"candidate","fullHostDir":"e:\\code\\nodejs\\n-app-02\\apps/candidate","_mdl":{}}
[2018-07-08T09:35:51.072] [INFO] info - E:\code\nodejs\n-app-02\packages\quicky\q-apps\index.js load app:{"name":"candidate-admin","dir":"apps/candidate-admin","hostDir":"candidate-admin","fullHostDir":"e:\\code\\nodejs\\n-app-02\\apps/candidate-admin","_mdl":{}}
[2018-07-08T09:35:51.077] [INFO] info - E:\code\nodejs\n-app-02\packages\quicky\q-apps\index.js load app:{"name":"admin","dir":"apps/admin","hostDir":"admin","fullHostDir":"e:\\code\\nodejs\\n-app-02\\apps/admin","_mdl":{}}
[2018-07-08T09:37:06.463] [INFO] info - E:\code\nodejs\n-app-02\packages\quicky\q-apps\index.js load app:{"name":"example","dir":"apps/example","hostDir":"exp","fullHostDir":"e:\\code\\nodejs\\n-app-02\\apps/example","_mdl":{}}
[2018-07-08T09:37:06.468] [INFO] info - E:\code\nodejs\n-app-02\packages\quicky\q-apps\index.js load app:{"name":"cms","dir":"apps/cms","hostDir":"cms","fullHostDir":"e:\\code\\nodejs\\n-app-02\\apps/cms","_mdl":{}}
[2018-07-08T09:37:06.483] [INFO] info - E:\code\nodejs\n-app-02\packages\quicky\q-apps\index.js load app:{"name":"candidate","dir":"apps/candidate","hostDir":"candidate","fullHostDir":"e:\\code\\nodejs\\n-app-02\\apps/candidate","_mdl":{}}
[2018-07-08T09:37:06.495] [INFO] info - E:\code\nodejs\n-app-02\packages\quicky\q-apps\index.js load app:{"name":"candidate-admin","dir":"apps/candidate-admin","hostDir":"candidate-admin","fullHostDir":"e:\\code\\nodejs\\n-app-02\\apps/candidate-admin","_mdl":{}}
[2018-07-08T09:37:06.498] [INFO] info - E:\code\nodejs\n-app-02\packages\quicky\q-apps\index.js load app:{"name":"admin","dir":"apps/admin","hostDir":"admin","fullHostDir":"e:\\code\\nodejs\\n-app-02\\apps/admin","_mdl":{}}
[2018-07-08T10:44:12.747] [INFO] info - E:\code\nodejs\n-app-02\packages\quicky\q-apps\index.js load app:{"name":"example","dir":"apps/example","hostDir":"exp","fullHostDir":"e:\\code\\nodejs\\n-app-02\\apps/example","_mdl":{}}
[2018-07-08T10:44:12.752] [INFO] info - E:\code\nodejs\n-app-02\packages\quicky\q-apps\index.js load app:{"name":"cms","dir":"apps/cms","hostDir":"cms","fullHostDir":"e:\\code\\nodejs\\n-app-02\\apps/cms","_mdl":{}}
[2018-07-08T10:44:12.767] [INFO] info - E:\code\nodejs\n-app-02\packages\quicky\q-apps\index.js load app:{"name":"candidate","dir":"apps/candidate","hostDir":"candidate","fullHostDir":"e:\\code\\nodejs\\n-app-02\\apps/candidate","_mdl":{}}
[2018-07-08T10:44:12.779] [INFO] info - E:\code\nodejs\n-app-02\packages\quicky\q-apps\index.js load app:{"name":"candidate-admin","dir":"apps/candidate-admin","hostDir":"candidate-admin","fullHostDir":"e:\\code\\nodejs\\n-app-02\\apps/candidate-admin","_mdl":{}}
[2018-07-08T10:44:12.783] [INFO] info - E:\code\nodejs\n-app-02\packages\quicky\q-apps\index.js load app:{"name":"admin","dir":"apps/admin","hostDir":"admin","fullHostDir":"e:\\code\\nodejs\\n-app-02\\apps/admin","_mdl":{}}
[2018-07-08T10:57:32.915] [INFO] info - E:\code\nodejs\n-app-02\packages\quicky\q-apps\index.js load app:{"name":"example","dir":"apps/example","hostDir":"exp","fullHostDir":"e:\\code\\nodejs\\n-app-02\\apps/example","_mdl":{}}
[2018-07-08T10:57:32.920] [INFO] info - E:\code\nodejs\n-app-02\packages\quicky\q-apps\index.js load app:{"name":"cms","dir":"apps/cms","hostDir":"cms","fullHostDir":"e:\\code\\nodejs\\n-app-02\\apps/cms","_mdl":{}}
[2018-07-08T10:57:32.935] [INFO] info - E:\code\nodejs\n-app-02\packages\quicky\q-apps\index.js load app:{"name":"candidate","dir":"apps/candidate","hostDir":"candidate","fullHostDir":"e:\\code\\nodejs\\n-app-02\\apps/candidate","_mdl":{}}
[2018-07-08T10:57:32.947] [INFO] info - E:\code\nodejs\n-app-02\packages\quicky\q-apps\index.js load app:{"name":"candidate-admin","dir":"apps/candidate-admin","hostDir":"candidate-admin","fullHostDir":"e:\\code\\nodejs\\n-app-02\\apps/candidate-admin","_mdl":{}}
[2018-07-08T10:57:32.951] [INFO] info - E:\code\nodejs\n-app-02\packages\quicky\q-apps\index.js load app:{"name":"admin","dir":"apps/admin","hostDir":"admin","fullHostDir":"e:\\code\\nodejs\\n-app-02\\apps/admin","_mdl":{}}
[2018-07-08T10:59:14.728] [INFO] info - E:\code\nodejs\n-app-02\packages\quicky\q-apps\index.js load app:{"name":"example","dir":"apps/example","hostDir":"exp","fullHostDir":"e:\\code\\nodejs\\n-app-02\\apps/example","_mdl":{}}
[2018-07-08T10:59:14.733] [INFO] info - E:\code\nodejs\n-app-02\packages\quicky\q-apps\index.js load app:{"name":"cms","dir":"apps/cms","hostDir":"cms","fullHostDir":"e:\\code\\nodejs\\n-app-02\\apps/cms","_mdl":{}}
[2018-07-08T10:59:14.753] [INFO] info - E:\code\nodejs\n-app-02\packages\quicky\q-apps\index.js load app:{"name":"candidate","dir":"apps/candidate","hostDir":"candidate","fullHostDir":"e:\\code\\nodejs\\n-app-02\\apps/candidate","_mdl":{}}
[2018-07-08T10:59:14.766] [INFO] info - E:\code\nodejs\n-app-02\packages\quicky\q-apps\index.js load app:{"name":"candidate-admin","dir":"apps/candidate-admin","hostDir":"candidate-admin","fullHostDir":"e:\\code\\nodejs\\n-app-02\\apps/candidate-admin","_mdl":{}}
[2018-07-08T10:59:14.770] [INFO] info - E:\code\nodejs\n-app-02\packages\quicky\q-apps\index.js load app:{"name":"admin","dir":"apps/admin","hostDir":"admin","fullHostDir":"e:\\code\\nodejs\\n-app-02\\apps/admin","_mdl":{}}
[2018-07-08T11:00:02.593] [INFO] info - E:\code\nodejs\n-app-02\packages\quicky\q-apps\index.js load app:{"name":"example","dir":"apps/example","hostDir":"exp","fullHostDir":"e:\\code\\nodejs\\n-app-02\\apps/example","_mdl":{}}
[2018-07-08T11:00:02.599] [INFO] info - E:\code\nodejs\n-app-02\packages\quicky\q-apps\index.js load app:{"name":"cms","dir":"apps/cms","hostDir":"cms","fullHostDir":"e:\\code\\nodejs\\n-app-02\\apps/cms","_mdl":{}}
[2018-07-08T11:00:02.616] [INFO] info - E:\code\nodejs\n-app-02\packages\quicky\q-apps\index.js load app:{"name":"candidate","dir":"apps/candidate","hostDir":"candidate","fullHostDir":"e:\\code\\nodejs\\n-app-02\\apps/candidate","_mdl":{}}
[2018-07-08T11:00:02.629] [INFO] info - E:\code\nodejs\n-app-02\packages\quicky\q-apps\index.js load app:{"name":"candidate-admin","dir":"apps/candidate-admin","hostDir":"candidate-admin","fullHostDir":"e:\\code\\nodejs\\n-app-02\\apps/candidate-admin","_mdl":{}}
[2018-07-08T11:00:02.633] [INFO] info - E:\code\nodejs\n-app-02\packages\quicky\q-apps\index.js load app:{"name":"admin","dir":"apps/admin","hostDir":"admin","fullHostDir":"e:\\code\\nodejs\\n-app-02\\apps/admin","_mdl":{}}
[2018-07-08T11:01:09.421] [INFO] info - E:\code\nodejs\n-app-02\packages\quicky\q-apps\index.js load app:{"name":"example","dir":"apps/example","hostDir":"exp","fullHostDir":"e:\\code\\nodejs\\n-app-02\\apps/example","_mdl":{}}
[2018-07-08T11:01:09.427] [INFO] info - E:\code\nodejs\n-app-02\packages\quicky\q-apps\index.js load app:{"name":"cms","dir":"apps/cms","hostDir":"cms","fullHostDir":"e:\\code\\nodejs\\n-app-02\\apps/cms","_mdl":{}}
[2018-07-08T11:01:09.442] [INFO] info - E:\code\nodejs\n-app-02\packages\quicky\q-apps\index.js load app:{"name":"candidate","dir":"apps/candidate","hostDir":"candidate","fullHostDir":"e:\\code\\nodejs\\n-app-02\\apps/candidate","_mdl":{}}
[2018-07-08T11:01:09.455] [INFO] info - E:\code\nodejs\n-app-02\packages\quicky\q-apps\index.js load app:{"name":"candidate-admin","dir":"apps/candidate-admin","hostDir":"candidate-admin","fullHostDir":"e:\\code\\nodejs\\n-app-02\\apps/candidate-admin","_mdl":{}}
[2018-07-08T11:01:09.459] [INFO] info - E:\code\nodejs\n-app-02\packages\quicky\q-apps\index.js load app:{"name":"admin","dir":"apps/admin","hostDir":"admin","fullHostDir":"e:\\code\\nodejs\\n-app-02\\apps/admin","_mdl":{}}
[2018-07-08T11:15:12.237] [INFO] info - E:\code\nodejs\n-app-02\packages\quicky\q-apps\index.js load app:{"name":"example","dir":"apps/example","hostDir":"exp","fullHostDir":"e:\\code\\nodejs\\n-app-02\\apps/example","_mdl":{}}
[2018-07-08T11:15:12.243] [INFO] info - E:\code\nodejs\n-app-02\packages\quicky\q-apps\index.js load app:{"name":"cms","dir":"apps/cms","hostDir":"cms","fullHostDir":"e:\\code\\nodejs\\n-app-02\\apps/cms","_mdl":{}}
[2018-07-08T11:15:12.258] [INFO] info - E:\code\nodejs\n-app-02\packages\quicky\q-apps\index.js load app:{"name":"candidate","dir":"apps/candidate","hostDir":"candidate","fullHostDir":"e:\\code\\nodejs\\n-app-02\\apps/candidate","_mdl":{}}
[2018-07-08T11:15:12.270] [INFO] info - E:\code\nodejs\n-app-02\packages\quicky\q-apps\index.js load app:{"name":"candidate-admin","dir":"apps/candidate-admin","hostDir":"candidate-admin","fullHostDir":"e:\\code\\nodejs\\n-app-02\\apps/candidate-admin","_mdl":{}}
[2018-07-08T11:15:12.275] [INFO] info - E:\code\nodejs\n-app-02\packages\quicky\q-apps\index.js load app:{"name":"admin","dir":"apps/admin","hostDir":"admin","fullHostDir":"e:\\code\\nodejs\\n-app-02\\apps/admin","_mdl":{}}
[2018-07-08T11:18:07.546] [INFO] info - E:\code\nodejs\n-app-02\packages\quicky\q-apps\index.js load app:{"name":"example","dir":"apps/example","hostDir":"exp","fullHostDir":"e:\\code\\nodejs\\n-app-02\\apps/example","_mdl":{}}
[2018-07-08T11:18:07.552] [INFO] info - E:\code\nodejs\n-app-02\packages\quicky\q-apps\index.js load app:{"name":"cms","dir":"apps/cms","hostDir":"cms","fullHostDir":"e:\\code\\nodejs\\n-app-02\\apps/cms","_mdl":{}}
[2018-07-08T11:18:07.567] [INFO] info - E:\code\nodejs\n-app-02\packages\quicky\q-apps\index.js load app:{"name":"candidate","dir":"apps/candidate","hostDir":"candidate","fullHostDir":"e:\\code\\nodejs\\n-app-02\\apps/candidate","_mdl":{}}
[2018-07-08T11:18:07.579] [INFO] info - E:\code\nodejs\n-app-02\packages\quicky\q-apps\index.js load app:{"name":"candidate-admin","dir":"apps/candidate-admin","hostDir":"candidate-admin","fullHostDir":"e:\\code\\nodejs\\n-app-02\\apps/candidate-admin","_mdl":{}}
[2018-07-08T11:18:07.583] [INFO] info - E:\code\nodejs\n-app-02\packages\quicky\q-apps\index.js load app:{"name":"admin","dir":"apps/admin","hostDir":"admin","fullHostDir":"e:\\code\\nodejs\\n-app-02\\apps/admin","_mdl":{}}
[2018-07-08T11:19:01.725] [INFO] info - E:\code\nodejs\n-app-02\packages\quicky\q-apps\index.js load app:{"name":"example","dir":"apps/example","hostDir":"exp","fullHostDir":"e:\\code\\nodejs\\n-app-02\\apps/example","_mdl":{}}
[2018-07-08T11:19:01.732] [INFO] info - E:\code\nodejs\n-app-02\packages\quicky\q-apps\index.js load app:{"name":"cms","dir":"apps/cms","hostDir":"cms","fullHostDir":"e:\\code\\nodejs\\n-app-02\\apps/cms","_mdl":{}}
[2018-07-08T11:19:01.750] [INFO] info - E:\code\nodejs\n-app-02\packages\quicky\q-apps\index.js load app:{"name":"candidate","dir":"apps/candidate","hostDir":"candidate","fullHostDir":"e:\\code\\nodejs\\n-app-02\\apps/candidate","_mdl":{}}
[2018-07-08T11:19:01.764] [INFO] info - E:\code\nodejs\n-app-02\packages\quicky\q-apps\index.js load app:{"name":"candidate-admin","dir":"apps/candidate-admin","hostDir":"candidate-admin","fullHostDir":"e:\\code\\nodejs\\n-app-02\\apps/candidate-admin","_mdl":{}}
[2018-07-08T11:19:01.768] [INFO] info - E:\code\nodejs\n-app-02\packages\quicky\q-apps\index.js load app:{"name":"admin","dir":"apps/admin","hostDir":"admin","fullHostDir":"e:\\code\\nodejs\\n-app-02\\apps/admin","_mdl":{}}
[2018-07-08T11:19:51.080] [INFO] info - E:\code\nodejs\n-app-02\packages\quicky\q-apps\index.js load app:{"name":"example","dir":"apps/example","hostDir":"exp","fullHostDir":"e:\\code\\nodejs\\n-app-02\\apps/example","_mdl":{}}
[2018-07-08T11:19:51.086] [INFO] info - E:\code\nodejs\n-app-02\packages\quicky\q-apps\index.js load app:{"name":"cms","dir":"apps/cms","hostDir":"cms","fullHostDir":"e:\\code\\nodejs\\n-app-02\\apps/cms","_mdl":{}}
[2018-07-08T11:19:51.102] [INFO] info - E:\code\nodejs\n-app-02\packages\quicky\q-apps\index.js load app:{"name":"candidate","dir":"apps/candidate","hostDir":"candidate","fullHostDir":"e:\\code\\nodejs\\n-app-02\\apps/candidate","_mdl":{}}
[2018-07-08T11:19:51.114] [INFO] info - E:\code\nodejs\n-app-02\packages\quicky\q-apps\index.js load app:{"name":"candidate-admin","dir":"apps/candidate-admin","hostDir":"candidate-admin","fullHostDir":"e:\\code\\nodejs\\n-app-02\\apps/candidate-admin","_mdl":{}}
[2018-07-08T11:19:51.118] [INFO] info - E:\code\nodejs\n-app-02\packages\quicky\q-apps\index.js load app:{"name":"admin","dir":"apps/admin","hostDir":"admin","fullHostDir":"e:\\code\\nodejs\\n-app-02\\apps/admin","_mdl":{}}
[2018-07-08T11:23:00.297] [INFO] info - E:\code\nodejs\n-app-02\packages\quicky\q-apps\index.js load app:{"name":"example","dir":"apps/example","hostDir":"exp","fullHostDir":"e:\\code\\nodejs\\n-app-02\\apps/example","_mdl":{}}
[2018-07-08T11:23:00.303] [INFO] info - E:\code\nodejs\n-app-02\packages\quicky\q-apps\index.js load app:{"name":"cms","dir":"apps/cms","hostDir":"cms","fullHostDir":"e:\\code\\nodejs\\n-app-02\\apps/cms","_mdl":{}}
[2018-07-08T11:23:00.319] [INFO] info - E:\code\nodejs\n-app-02\packages\quicky\q-apps\index.js load app:{"name":"candidate","dir":"apps/candidate","hostDir":"candidate","fullHostDir":"e:\\code\\nodejs\\n-app-02\\apps/candidate","_mdl":{}}
[2018-07-08T11:23:00.331] [INFO] info - E:\code\nodejs\n-app-02\packages\quicky\q-apps\index.js load app:{"name":"candidate-admin","dir":"apps/candidate-admin","hostDir":"candidate-admin","fullHostDir":"e:\\code\\nodejs\\n-app-02\\apps/candidate-admin","_mdl":{}}
[2018-07-08T11:23:00.335] [INFO] info - E:\code\nodejs\n-app-02\packages\quicky\q-apps\index.js load app:{"name":"admin","dir":"apps/admin","hostDir":"admin","fullHostDir":"e:\\code\\nodejs\\n-app-02\\apps/admin","_mdl":{}}
[2018-07-08T11:25:51.266] [INFO] info - E:\code\nodejs\n-app-02\packages\quicky\q-apps\index.js load app:{"name":"example","dir":"apps/example","hostDir":"exp","fullHostDir":"e:\\code\\nodejs\\n-app-02\\apps/example","_mdl":{}}
[2018-07-08T11:25:51.272] [INFO] info - E:\code\nodejs\n-app-02\packages\quicky\q-apps\index.js load app:{"name":"cms","dir":"apps/cms","hostDir":"cms","fullHostDir":"e:\\code\\nodejs\\n-app-02\\apps/cms","_mdl":{}}
[2018-07-08T11:25:51.287] [INFO] info - E:\code\nodejs\n-app-02\packages\quicky\q-apps\index.js load app:{"name":"candidate","dir":"apps/candidate","hostDir":"candidate","fullHostDir":"e:\\code\\nodejs\\n-app-02\\apps/candidate","_mdl":{}}
[2018-07-08T11:25:51.300] [INFO] info - E:\code\nodejs\n-app-02\packages\quicky\q-apps\index.js load app:{"name":"candidate-admin","dir":"apps/candidate-admin","hostDir":"candidate-admin","fullHostDir":"e:\\code\\nodejs\\n-app-02\\apps/candidate-admin","_mdl":{}}
[2018-07-08T11:25:51.304] [INFO] info - E:\code\nodejs\n-app-02\packages\quicky\q-apps\index.js load app:{"name":"admin","dir":"apps/admin","hostDir":"admin","fullHostDir":"e:\\code\\nodejs\\n-app-02\\apps/admin","_mdl":{}}
[2018-07-08T11:39:18.499] [INFO] info - E:\code\nodejs\n-app-02\packages\quicky\q-apps\index.js load app:{"name":"example","dir":"apps/example","hostDir":"exp","fullHostDir":"e:\\code\\nodejs\\n-app-02\\apps/example","_mdl":{}}
[2018-07-08T11:39:18.505] [INFO] info - E:\code\nodejs\n-app-02\packages\quicky\q-apps\index.js load app:{"name":"cms","dir":"apps/cms","hostDir":"cms","fullHostDir":"e:\\code\\nodejs\\n-app-02\\apps/cms","_mdl":{}}
[2018-07-08T11:39:18.522] [INFO] info - E:\code\nodejs\n-app-02\packages\quicky\q-apps\index.js load app:{"name":"candidate","dir":"apps/candidate","hostDir":"candidate","fullHostDir":"e:\\code\\nodejs\\n-app-02\\apps/candidate","_mdl":{}}
[2018-07-08T11:39:18.534] [INFO] info - E:\code\nodejs\n-app-02\packages\quicky\q-apps\index.js load app:{"name":"candidate-admin","dir":"apps/candidate-admin","hostDir":"candidate-admin","fullHostDir":"e:\\code\\nodejs\\n-app-02\\apps/candidate-admin","_mdl":{}}
[2018-07-08T11:39:18.538] [INFO] info - E:\code\nodejs\n-app-02\packages\quicky\q-apps\index.js load app:{"name":"admin","dir":"apps/admin","hostDir":"admin","fullHostDir":"e:\\code\\nodejs\\n-app-02\\apps/admin","_mdl":{}}
[2018-07-08T11:42:58.714] [INFO] info - E:\code\nodejs\n-app-02\packages\quicky\q-apps\index.js load app:{"name":"admin","dir":"apps/admin","hostDir":"admin","fullHostDir":"e:\\code\\nodejs\\n-app-02\\apps/admin","_mdl":{}}
[2018-07-08T11:43:12.756] [INFO] info - E:\code\nodejs\n-app-02\packages\quicky\q-apps\index.js load app:{"name":"example","dir":"apps/example","hostDir":"exp","fullHostDir":"e:\\code\\nodejs\\n-app-02\\apps/example","_mdl":{}}
[2018-07-08T11:43:12.761] [INFO] info - E:\code\nodejs\n-app-02\packages\quicky\q-apps\index.js load app:{"name":"cms","dir":"apps/cms","hostDir":"cms","fullHostDir":"e:\\code\\nodejs\\n-app-02\\apps/cms","_mdl":{}}
[2018-07-08T11:43:12.777] [INFO] info - E:\code\nodejs\n-app-02\packages\quicky\q-apps\index.js load app:{"name":"candidate","dir":"apps/candidate","hostDir":"candidate","fullHostDir":"e:\\code\\nodejs\\n-app-02\\apps/candidate","_mdl":{}}
[2018-07-08T11:43:12.788] [INFO] info - E:\code\nodejs\n-app-02\packages\quicky\q-apps\index.js load app:{"name":"candidate-admin","dir":"apps/candidate-admin","hostDir":"candidate-admin","fullHostDir":"e:\\code\\nodejs\\n-app-02\\apps/candidate-admin","_mdl":{}}
[2018-07-08T11:43:12.791] [INFO] info - E:\code\nodejs\n-app-02\packages\quicky\q-apps\index.js load app:{"name":"admin","dir":"apps/admin","hostDir":"admin","fullHostDir":"e:\\code\\nodejs\\n-app-02\\apps/admin","_mdl":{}}
[2018-07-08T11:45:24.367] [INFO] info - E:\code\nodejs\n-app-02\packages\quicky\q-apps\index.js load app:{"name":"example","dir":"apps/example","hostDir":"exp","fullHostDir":"e:\\code\\nodejs\\n-app-02\\apps/example","_mdl":{}}
[2018-07-08T11:45:24.373] [INFO] info - E:\code\nodejs\n-app-02\packages\quicky\q-apps\index.js load app:{"name":"cms","dir":"apps/cms","hostDir":"cms","fullHostDir":"e:\\code\\nodejs\\n-app-02\\apps/cms","_mdl":{}}
[2018-07-08T11:45:24.393] [INFO] info - E:\code\nodejs\n-app-02\packages\quicky\q-apps\index.js load app:{"name":"candidate","dir":"apps/candidate","hostDir":"candidate","fullHostDir":"e:\\code\\nodejs\\n-app-02\\apps/candidate","_mdl":{}}
[2018-07-08T11:45:24.406] [INFO] info - E:\code\nodejs\n-app-02\packages\quicky\q-apps\index.js load app:{"name":"candidate-admin","dir":"apps/candidate-admin","hostDir":"candidate-admin","fullHostDir":"e:\\code\\nodejs\\n-app-02\\apps/candidate-admin","_mdl":{}}
[2018-07-08T11:45:24.411] [INFO] info - E:\code\nodejs\n-app-02\packages\quicky\q-apps\index.js load app:{"name":"admin","dir":"apps/admin","hostDir":"admin","fullHostDir":"e:\\code\\nodejs\\n-app-02\\apps/admin","_mdl":{}}
[2018-07-08T11:45:44.166] [INFO] info - E:\code\nodejs\n-app-02\packages\quicky\q-apps\index.js load app:{"name":"admin","dir":"apps/admin","hostDir":"admin","fullHostDir":"e:\\code\\nodejs\\n-app-02\\apps/admin","_mdl":{}}
[2018-07-08T11:46:05.430] [INFO] info - E:\code\nodejs\n-app-02\packages\quicky\q-apps\index.js load app:{"name":"example","dir":"apps/example","hostDir":"exp","fullHostDir":"e:\\code\\nodejs\\n-app-02\\apps/example","_mdl":{}}
[2018-07-08T11:46:05.435] [INFO] info - E:\code\nodejs\n-app-02\packages\quicky\q-apps\index.js load app:{"name":"cms","dir":"apps/cms","hostDir":"cms","fullHostDir":"e:\\code\\nodejs\\n-app-02\\apps/cms","_mdl":{}}
[2018-07-08T11:46:05.451] [INFO] info - E:\code\nodejs\n-app-02\packages\quicky\q-apps\index.js load app:{"name":"candidate","dir":"apps/candidate","hostDir":"candidate","fullHostDir":"e:\\code\\nodejs\\n-app-02\\apps/candidate","_mdl":{}}
[2018-07-08T11:46:05.462] [INFO] info - E:\code\nodejs\n-app-02\packages\quicky\q-apps\index.js load app:{"name":"candidate-admin","dir":"apps/candidate-admin","hostDir":"candidate-admin","fullHostDir":"e:\\code\\nodejs\\n-app-02\\apps/candidate-admin","_mdl":{}}
[2018-07-08T11:46:05.465] [INFO] info - E:\code\nodejs\n-app-02\packages\quicky\q-apps\index.js load app:{"name":"admin","dir":"apps/admin","hostDir":"admin","fullHostDir":"e:\\code\\nodejs\\n-app-02\\apps/admin","_mdl":{}}
[2018-07-08T11:46:54.770] [INFO] info - E:\code\nodejs\n-app-02\packages\quicky\q-apps\index.js load app:{"name":"admin","dir":"apps/admin","hostDir":"admin","fullHostDir":"e:\\code\\nodejs\\n-app-02\\apps/admin","_mdl":{}}
[2018-07-08T12:01:29.848] [INFO] info - E:\code\nodejs\n-app-02\packages\quicky\q-apps\index.js load app:{"name":"example","dir":"apps/example","hostDir":"exp","fullHostDir":"e:\\code\\nodejs\\n-app-02\\apps/example","_mdl":{}}
[2018-07-08T12:01:29.853] [INFO] info - E:\code\nodejs\n-app-02\packages\quicky\q-apps\index.js load app:{"name":"cms","dir":"apps/cms","hostDir":"cms","fullHostDir":"e:\\code\\nodejs\\n-app-02\\apps/cms","_mdl":{}}
[2018-07-08T12:01:29.868] [INFO] info - E:\code\nodejs\n-app-02\packages\quicky\q-apps\index.js load app:{"name":"candidate","dir":"apps/candidate","hostDir":"candidate","fullHostDir":"e:\\code\\nodejs\\n-app-02\\apps/candidate","_mdl":{}}
[2018-07-08T12:01:29.880] [INFO] info - E:\code\nodejs\n-app-02\packages\quicky\q-apps\index.js load app:{"name":"candidate-admin","dir":"apps/candidate-admin","hostDir":"candidate-admin","fullHostDir":"e:\\code\\nodejs\\n-app-02\\apps/candidate-admin","_mdl":{}}
[2018-07-08T12:01:29.883] [INFO] info - E:\code\nodejs\n-app-02\packages\quicky\q-apps\index.js load app:{"name":"admin","dir":"apps/admin","hostDir":"admin","fullHostDir":"e:\\code\\nodejs\\n-app-02\\apps/admin","_mdl":{}}
[2018-07-08T12:15:32.234] [INFO] info - E:\code\nodejs\n-app-02\packages\quicky\q-apps\index.js load app:{"name":"example","dir":"apps/example","hostDir":"exp","fullHostDir":"e:\\code\\nodejs\\n-app-02\\apps/example","_mdl":{}}
[2018-07-08T12:15:32.240] [INFO] info - E:\code\nodejs\n-app-02\packages\quicky\q-apps\index.js load app:{"name":"cms","dir":"apps/cms","hostDir":"cms","fullHostDir":"e:\\code\\nodejs\\n-app-02\\apps/cms","_mdl":{}}
[2018-07-08T12:15:32.257] [INFO] info - E:\code\nodejs\n-app-02\packages\quicky\q-apps\index.js load app:{"name":"candidate","dir":"apps/candidate","hostDir":"candidate","fullHostDir":"e:\\code\\nodejs\\n-app-02\\apps/candidate","_mdl":{}}
[2018-07-08T12:15:32.269] [INFO] info - E:\code\nodejs\n-app-02\packages\quicky\q-apps\index.js load app:{"name":"candidate-admin","dir":"apps/candidate-admin","hostDir":"candidate-admin","fullHostDir":"e:\\code\\nodejs\\n-app-02\\apps/candidate-admin","_mdl":{}}
[2018-07-08T12:15:32.273] [INFO] info - E:\code\nodejs\n-app-02\packages\quicky\q-apps\index.js load app:{"name":"admin","dir":"apps/admin","hostDir":"admin","fullHostDir":"e:\\code\\nodejs\\n-app-02\\apps/admin","_mdl":{}}
[2018-07-08T12:25:39.512] [INFO] info - E:\code\nodejs\n-app-02\packages\quicky\q-apps\index.js load app:{"name":"admin","dir":"apps/admin","hostDir":"admin","fullHostDir":"e:\\code\\nodejs\\n-app-02\\apps/admin","_mdl":{}}
[2018-07-08T12:25:44.511] [INFO] info - E:\code\nodejs\n-app-02\packages\quicky\q-apps\index.js load app:{"name":"admin","dir":"apps/admin","hostDir":"admin","fullHostDir":"e:\\code\\nodejs\\n-app-02\\apps/admin","_mdl":{}}
[2018-07-08T12:25:54.524] [INFO] info - E:\code\nodejs\n-app-02\packages\quicky\q-apps\index.js load app:{"name":"admin","dir":"apps/admin","hostDir":"admin","fullHostDir":"e:\\code\\nodejs\\n-app-02\\apps/admin","_mdl":{}}
[2018-07-08T12:27:14.115] [INFO] info - E:\code\nodejs\n-app-02\packages\quicky\q-apps\index.js load app:{"name":"example","dir":"apps/example","hostDir":"exp","fullHostDir":"e:\\code\\nodejs\\n-app-02\\apps/example","_mdl":{}}
[2018-07-08T12:27:14.120] [INFO] info - E:\code\nodejs\n-app-02\packages\quicky\q-apps\index.js load app:{"name":"cms","dir":"apps/cms","hostDir":"cms","fullHostDir":"e:\\code\\nodejs\\n-app-02\\apps/cms","_mdl":{}}
[2018-07-08T12:27:14.136] [INFO] info - E:\code\nodejs\n-app-02\packages\quicky\q-apps\index.js load app:{"name":"candidate","dir":"apps/candidate","hostDir":"candidate","fullHostDir":"e:\\code\\nodejs\\n-app-02\\apps/candidate","_mdl":{}}
[2018-07-08T12:27:14.148] [INFO] info - E:\code\nodejs\n-app-02\packages\quicky\q-apps\index.js load app:{"name":"candidate-admin","dir":"apps/candidate-admin","hostDir":"candidate-admin","fullHostDir":"e:\\code\\nodejs\\n-app-02\\apps/candidate-admin","_mdl":{}}
[2018-07-08T12:27:14.152] [INFO] info - E:\code\nodejs\n-app-02\packages\quicky\q-apps\index.js load app:{"name":"admin","dir":"apps/admin","hostDir":"admin","fullHostDir":"e:\\code\\nodejs\\n-app-02\\apps/admin","_mdl":{}}
[2018-07-08T12:29:39.652] [INFO] info - E:\code\nodejs\n-app-02\packages\quicky\q-apps\index.js load app:{"name":"admin","dir":"apps/admin","hostDir":"admin","fullHostDir":"e:\\code\\nodejs\\n-app-02\\apps/admin","_mdl":{}}
[2018-07-08T12:29:59.563] [INFO] info - E:\code\nodejs\n-app-02\packages\quicky\q-apps\index.js load app:{"name":"admin","dir":"apps/admin","hostDir":"admin","fullHostDir":"e:\\code\\nodejs\\n-app-02\\apps/admin","_mdl":{}}
[2018-07-08T12:30:23.773] [INFO] info - E:\code\nodejs\n-app-02\packages\quicky\q-apps\index.js load app:{"name":"admin","dir":"apps/admin","hostDir":"admin","fullHostDir":"e:\\code\\nodejs\\n-app-02\\apps/admin","_mdl":{}}
[2018-07-08T12:42:38.594] [INFO] info - E:\code\nodejs\n-app-02\packages\quicky\q-apps\index.js load app:{"name":"example","dir":"apps/example","hostDir":"exp","fullHostDir":"e:\\code\\nodejs\\n-app-02\\apps/example","_mdl":{}}
[2018-07-08T12:42:38.599] [INFO] info - E:\code\nodejs\n-app-02\packages\quicky\q-apps\index.js load app:{"name":"cms","dir":"apps/cms","hostDir":"cms","fullHostDir":"e:\\code\\nodejs\\n-app-02\\apps/cms","_mdl":{}}
[2018-07-08T12:42:38.614] [INFO] info - E:\code\nodejs\n-app-02\packages\quicky\q-apps\index.js load app:{"name":"candidate","dir":"apps/candidate","hostDir":"candidate","fullHostDir":"e:\\code\\nodejs\\n-app-02\\apps/candidate","_mdl":{}}
[2018-07-08T12:42:38.625] [INFO] info - E:\code\nodejs\n-app-02\packages\quicky\q-apps\index.js load app:{"name":"candidate-admin","dir":"apps/candidate-admin","hostDir":"candidate-admin","fullHostDir":"e:\\code\\nodejs\\n-app-02\\apps/candidate-admin","_mdl":{}}
[2018-07-08T12:42:38.629] [INFO] info - E:\code\nodejs\n-app-02\packages\quicky\q-apps\index.js load app:{"name":"admin","dir":"apps/admin","hostDir":"admin","fullHostDir":"e:\\code\\nodejs\\n-app-02\\apps/admin","_mdl":{}}
[2018-07-08T12:46:14.600] [INFO] info - E:\code\nodejs\n-app-02\packages\quicky\q-apps\index.js load app:{"name":"example","dir":"apps/example","hostDir":"exp","fullHostDir":"e:\\code\\nodejs\\n-app-02\\apps/example","_mdl":{}}
[2018-07-08T12:46:14.606] [INFO] info - E:\code\nodejs\n-app-02\packages\quicky\q-apps\index.js load app:{"name":"cms","dir":"apps/cms","hostDir":"cms","fullHostDir":"e:\\code\\nodejs\\n-app-02\\apps/cms","_mdl":{}}
[2018-07-08T12:46:14.622] [INFO] info - E:\code\nodejs\n-app-02\packages\quicky\q-apps\index.js load app:{"name":"candidate","dir":"apps/candidate","hostDir":"candidate","fullHostDir":"e:\\code\\nodejs\\n-app-02\\apps/candidate","_mdl":{}}
[2018-07-08T12:46:14.634] [INFO] info - E:\code\nodejs\n-app-02\packages\quicky\q-apps\index.js load app:{"name":"candidate-admin","dir":"apps/candidate-admin","hostDir":"candidate-admin","fullHostDir":"e:\\code\\nodejs\\n-app-02\\apps/candidate-admin","_mdl":{}}
[2018-07-08T12:46:14.637] [INFO] info - E:\code\nodejs\n-app-02\packages\quicky\q-apps\index.js load app:{"name":"admin","dir":"apps/admin","hostDir":"admin","fullHostDir":"e:\\code\\nodejs\\n-app-02\\apps/admin","_mdl":{}}
[2018-07-08T12:53:02.975] [INFO] info - E:\code\nodejs\n-app-02\packages\quicky\q-apps\index.js load app:{"name":"example","dir":"apps/example","hostDir":"exp","fullHostDir":"e:\\code\\nodejs\\n-app-02\\apps/example","_mdl":{}}
[2018-07-08T12:53:02.980] [INFO] info - E:\code\nodejs\n-app-02\packages\quicky\q-apps\index.js load app:{"name":"cms","dir":"apps/cms","hostDir":"cms","fullHostDir":"e:\\code\\nodejs\\n-app-02\\apps/cms","_mdl":{}}
[2018-07-08T12:53:02.996] [INFO] info - E:\code\nodejs\n-app-02\packages\quicky\q-apps\index.js load app:{"name":"candidate","dir":"apps/candidate","hostDir":"candidate","fullHostDir":"e:\\code\\nodejs\\n-app-02\\apps/candidate","_mdl":{}}
[2018-07-08T12:53:03.008] [INFO] info - E:\code\nodejs\n-app-02\packages\quicky\q-apps\index.js load app:{"name":"candidate-admin","dir":"apps/candidate-admin","hostDir":"candidate-admin","fullHostDir":"e:\\code\\nodejs\\n-app-02\\apps/candidate-admin","_mdl":{}}
[2018-07-08T12:53:03.011] [INFO] info - E:\code\nodejs\n-app-02\packages\quicky\q-apps\index.js load app:{"name":"admin","dir":"apps/admin","hostDir":"admin","fullHostDir":"e:\\code\\nodejs\\n-app-02\\apps/admin","_mdl":{}}
[2018-07-08T13:00:58.340] [INFO] info - E:\code\nodejs\n-app-02\packages\quicky\q-apps\index.js load app:{"name":"admin","dir":"apps/admin","hostDir":"admin","fullHostDir":"e:\\code\\nodejs\\n-app-02\\apps/admin","_mdl":{}}
[2018-07-08T13:01:11.314] [INFO] info - E:\code\nodejs\n-app-02\packages\quicky\q-apps\index.js load app:{"name":"example","dir":"apps/example","hostDir":"exp","fullHostDir":"e:\\code\\nodejs\\n-app-02\\apps/example","_mdl":{}}
[2018-07-08T13:01:11.319] [INFO] info - E:\code\nodejs\n-app-02\packages\quicky\q-apps\index.js load app:{"name":"cms","dir":"apps/cms","hostDir":"cms","fullHostDir":"e:\\code\\nodejs\\n-app-02\\apps/cms","_mdl":{}}
[2018-07-08T13:01:11.336] [INFO] info - E:\code\nodejs\n-app-02\packages\quicky\q-apps\index.js load app:{"name":"candidate","dir":"apps/candidate","hostDir":"candidate","fullHostDir":"e:\\code\\nodejs\\n-app-02\\apps/candidate","_mdl":{}}
[2018-07-08T13:01:11.348] [INFO] info - E:\code\nodejs\n-app-02\packages\quicky\q-apps\index.js load app:{"name":"candidate-admin","dir":"apps/candidate-admin","hostDir":"candidate-admin","fullHostDir":"e:\\code\\nodejs\\n-app-02\\apps/candidate-admin","_mdl":{}}
[2018-07-08T13:01:11.352] [INFO] info - E:\code\nodejs\n-app-02\packages\quicky\q-apps\index.js load app:{"name":"admin","dir":"apps/admin","hostDir":"admin","fullHostDir":"e:\\code\\nodejs\\n-app-02\\apps/admin","_mdl":{}}
[2018-07-08T13:02:36.641] [INFO] info - E:\code\nodejs\n-app-02\packages\quicky\q-apps\index.js load app:{"name":"admin","dir":"apps/admin","hostDir":"admin","fullHostDir":"e:\\code\\nodejs\\n-app-02\\apps/admin","_mdl":{}}
[2018-07-08T14:13:07.340] [INFO] info - E:\code\nodejs\n-app-02\packages\quicky\q-apps\index.js load app:{"name":"example","dir":"apps/example","hostDir":"exp","fullHostDir":"e:\\code\\nodejs\\n-app-02\\apps/example","_mdl":{}}
[2018-07-08T14:13:07.346] [INFO] info - E:\code\nodejs\n-app-02\packages\quicky\q-apps\index.js load app:{"name":"cms","dir":"apps/cms","hostDir":"cms","fullHostDir":"e:\\code\\nodejs\\n-app-02\\apps/cms","_mdl":{}}
[2018-07-08T14:13:07.380] [INFO] info - E:\code\nodejs\n-app-02\packages\quicky\q-apps\index.js load app:{"name":"candidate","dir":"apps/candidate","hostDir":"candidate","fullHostDir":"e:\\code\\nodejs\\n-app-02\\apps/candidate","_mdl":{}}
[2018-07-08T14:13:07.423] [INFO] info - E:\code\nodejs\n-app-02\packages\quicky\q-apps\index.js load app:{"name":"candidate-admin","dir":"apps/candidate-admin","hostDir":"candidate-admin","fullHostDir":"e:\\code\\nodejs\\n-app-02\\apps/candidate-admin","_mdl":{}}
[2018-07-08T14:13:07.439] [INFO] info - E:\code\nodejs\n-app-02\packages\quicky\q-apps\index.js load app:{"name":"admin","dir":"apps/admin","hostDir":"admin","fullHostDir":"e:\\code\\nodejs\\n-app-02\\apps/admin","_mdl":{}}
[2018-07-08T14:18:44.628] [INFO] info - E:\code\nodejs\n-app-02\packages\quicky\q-apps\index.js load app:{"name":"example","dir":"apps/example","hostDir":"exp","fullHostDir":"e:\\code\\nodejs\\n-app-02\\apps/example","_mdl":{}}
[2018-07-08T14:18:44.635] [INFO] info - E:\code\nodejs\n-app-02\packages\quicky\q-apps\index.js load app:{"name":"cms","dir":"apps/cms","hostDir":"cms","fullHostDir":"e:\\code\\nodejs\\n-app-02\\apps/cms","_mdl":{}}
[2018-07-08T14:18:44.656] [INFO] info - E:\code\nodejs\n-app-02\packages\quicky\q-apps\index.js load app:{"name":"candidate","dir":"apps/candidate","hostDir":"candidate","fullHostDir":"e:\\code\\nodejs\\n-app-02\\apps/candidate","_mdl":{}}
[2018-07-08T14:18:44.673] [INFO] info - E:\code\nodejs\n-app-02\packages\quicky\q-apps\index.js load app:{"name":"candidate-admin","dir":"apps/candidate-admin","hostDir":"candidate-admin","fullHostDir":"e:\\code\\nodejs\\n-app-02\\apps/candidate-admin","_mdl":{}}
[2018-07-08T14:18:44.677] [INFO] info - E:\code\nodejs\n-app-02\packages\quicky\q-apps\index.js load app:{"name":"admin","dir":"apps/admin","hostDir":"admin","fullHostDir":"e:\\code\\nodejs\\n-app-02\\apps/admin","_mdl":{}}
[2018-07-08T14:26:31.076] [INFO] info - E:\code\nodejs\n-app-02\packages\quicky\q-apps\index.js load app:{"name":"example","dir":"apps/example","hostDir":"exp","fullHostDir":"e:\\code\\nodejs\\n-app-02\\apps/example","_mdl":{}}
[2018-07-08T14:26:31.083] [INFO] info - E:\code\nodejs\n-app-02\packages\quicky\q-apps\index.js load app:{"name":"cms","dir":"apps/cms","hostDir":"cms","fullHostDir":"e:\\code\\nodejs\\n-app-02\\apps/cms","_mdl":{}}
[2018-07-08T14:26:31.106] [INFO] info - E:\code\nodejs\n-app-02\packages\quicky\q-apps\index.js load app:{"name":"candidate","dir":"apps/candidate","hostDir":"candidate","fullHostDir":"e:\\code\\nodejs\\n-app-02\\apps/candidate","_mdl":{}}
[2018-07-08T14:26:31.123] [INFO] info - E:\code\nodejs\n-app-02\packages\quicky\q-apps\index.js load app:{"name":"candidate-admin","dir":"apps/candidate-admin","hostDir":"candidate-admin","fullHostDir":"e:\\code\\nodejs\\n-app-02\\apps/candidate-admin","_mdl":{}}
[2018-07-08T14:26:31.128] [INFO] info - E:\code\nodejs\n-app-02\packages\quicky\q-apps\index.js load app:{"name":"admin","dir":"apps/admin","hostDir":"admin","fullHostDir":"e:\\code\\nodejs\\n-app-02\\apps/admin","_mdl":{}}
[2018-07-08T15:03:35.499] [INFO] info - E:\code\nodejs\n-app-02\packages\quicky\q-apps\index.js load app:{"name":"example","dir":"apps/example","hostDir":"exp","fullHostDir":"e:\\code\\nodejs\\n-app-02\\apps/example","_mdl":{}}
[2018-07-08T15:03:35.506] [INFO] info - E:\code\nodejs\n-app-02\packages\quicky\q-apps\index.js load app:{"name":"cms","dir":"apps/cms","hostDir":"cms","fullHostDir":"e:\\code\\nodejs\\n-app-02\\apps/cms","_mdl":{}}
[2018-07-08T15:03:35.528] [INFO] info - E:\code\nodejs\n-app-02\packages\quicky\q-apps\index.js load app:{"name":"candidate","dir":"apps/candidate","hostDir":"candidate","fullHostDir":"e:\\code\\nodejs\\n-app-02\\apps/candidate","_mdl":{}}
[2018-07-08T15:03:35.548] [INFO] info - E:\code\nodejs\n-app-02\packages\quicky\q-apps\index.js load app:{"name":"candidate-admin","dir":"apps/candidate-admin","hostDir":"candidate-admin","fullHostDir":"e:\\code\\nodejs\\n-app-02\\apps/candidate-admin","_mdl":{}}
[2018-07-08T15:03:35.553] [INFO] info - E:\code\nodejs\n-app-02\packages\quicky\q-apps\index.js load app:{"name":"admin","dir":"apps/admin","hostDir":"admin","fullHostDir":"e:\\code\\nodejs\\n-app-02\\apps/admin","_mdl":{}}
[2018-07-08T15:06:33.476] [INFO] info - E:\code\nodejs\n-app-02\packages\quicky\q-apps\index.js load app:{"name":"example","dir":"apps/example","hostDir":"exp","fullHostDir":"e:\\code\\nodejs\\n-app-02\\apps/example","_mdl":{}}
[2018-07-08T15:06:33.485] [INFO] info - E:\code\nodejs\n-app-02\packages\quicky\q-apps\index.js load app:{"name":"cms","dir":"apps/cms","hostDir":"cms","fullHostDir":"e:\\code\\nodejs\\n-app-02\\apps/cms","_mdl":{}}
[2018-07-08T15:06:33.506] [INFO] info - E:\code\nodejs\n-app-02\packages\quicky\q-apps\index.js load app:{"name":"candidate","dir":"apps/candidate","hostDir":"candidate","fullHostDir":"e:\\code\\nodejs\\n-app-02\\apps/candidate","_mdl":{}}
[2018-07-08T15:06:33.522] [INFO] info - E:\code\nodejs\n-app-02\packages\quicky\q-apps\index.js load app:{"name":"candidate-admin","dir":"apps/candidate-admin","hostDir":"candidate-admin","fullHostDir":"e:\\code\\nodejs\\n-app-02\\apps/candidate-admin","_mdl":{}}
[2018-07-08T15:06:33.525] [INFO] info - E:\code\nodejs\n-app-02\packages\quicky\q-apps\index.js load app:{"name":"admin","dir":"apps/admin","hostDir":"admin","fullHostDir":"e:\\code\\nodejs\\n-app-02\\apps/admin","_mdl":{}}
[2018-07-08T15:09:25.643] [INFO] info - E:\code\nodejs\n-app-02\packages\quicky\q-apps\index.js load app:{"name":"example","dir":"apps/example","hostDir":"exp","fullHostDir":"e:\\code\\nodejs\\n-app-02\\apps/example","_mdl":{}}
[2018-07-08T15:09:25.650] [INFO] info - E:\code\nodejs\n-app-02\packages\quicky\q-apps\index.js load app:{"name":"cms","dir":"apps/cms","hostDir":"cms","fullHostDir":"e:\\code\\nodejs\\n-app-02\\apps/cms","_mdl":{}}
[2018-07-08T15:09:25.671] [INFO] info - E:\code\nodejs\n-app-02\packages\quicky\q-apps\index.js load app:{"name":"candidate","dir":"apps/candidate","hostDir":"candidate","fullHostDir":"e:\\code\\nodejs\\n-app-02\\apps/candidate","_mdl":{}}
[2018-07-08T15:09:25.689] [INFO] info - E:\code\nodejs\n-app-02\packages\quicky\q-apps\index.js load app:{"name":"candidate-admin","dir":"apps/candidate-admin","hostDir":"candidate-admin","fullHostDir":"e:\\code\\nodejs\\n-app-02\\apps/candidate-admin","_mdl":{}}
[2018-07-08T15:09:25.693] [INFO] info - E:\code\nodejs\n-app-02\packages\quicky\q-apps\index.js load app:{"name":"admin","dir":"apps/admin","hostDir":"admin","fullHostDir":"e:\\code\\nodejs\\n-app-02\\apps/admin","_mdl":{}}
[2018-07-08T15:10:54.242] [INFO] info - E:\code\nodejs\n-app-02\packages\quicky\q-apps\index.js load app:{"name":"example","dir":"apps/example","hostDir":"exp","fullHostDir":"e:\\code\\nodejs\\n-app-02\\apps/example","_mdl":{}}
[2018-07-08T15:10:54.254] [INFO] info - E:\code\nodejs\n-app-02\packages\quicky\q-apps\index.js load app:{"name":"cms","dir":"apps/cms","hostDir":"cms","fullHostDir":"e:\\code\\nodejs\\n-app-02\\apps/cms","_mdl":{}}
[2018-07-08T15:10:54.276] [INFO] info - E:\code\nodejs\n-app-02\packages\quicky\q-apps\index.js load app:{"name":"candidate","dir":"apps/candidate","hostDir":"candidate","fullHostDir":"e:\\code\\nodejs\\n-app-02\\apps/candidate","_mdl":{}}
[2018-07-08T15:10:54.293] [INFO] info - E:\code\nodejs\n-app-02\packages\quicky\q-apps\index.js load app:{"name":"candidate-admin","dir":"apps/candidate-admin","hostDir":"candidate-admin","fullHostDir":"e:\\code\\nodejs\\n-app-02\\apps/candidate-admin","_mdl":{}}
[2018-07-08T15:10:54.299] [INFO] info - E:\code\nodejs\n-app-02\packages\quicky\q-apps\index.js load app:{"name":"admin","dir":"apps/admin","hostDir":"admin","fullHostDir":"e:\\code\\nodejs\\n-app-02\\apps/admin","_mdl":{}}
[2018-07-08T15:13:00.067] [INFO] info - E:\code\nodejs\n-app-02\packages\quicky\q-apps\index.js load app:{"name":"example","dir":"apps/example","hostDir":"exp","fullHostDir":"e:\\code\\nodejs\\n-app-02\\apps/example","_mdl":{}}
[2018-07-08T15:13:00.074] [INFO] info - E:\code\nodejs\n-app-02\packages\quicky\q-apps\index.js load app:{"name":"cms","dir":"apps/cms","hostDir":"cms","fullHostDir":"e:\\code\\nodejs\\n-app-02\\apps/cms","_mdl":{}}
[2018-07-08T15:13:00.094] [INFO] info - E:\code\nodejs\n-app-02\packages\quicky\q-apps\index.js load app:{"name":"candidate","dir":"apps/candidate","hostDir":"candidate","fullHostDir":"e:\\code\\nodejs\\n-app-02\\apps/candidate","_mdl":{}}
[2018-07-08T15:13:00.111] [INFO] info - E:\code\nodejs\n-app-02\packages\quicky\q-apps\index.js load app:{"name":"candidate-admin","dir":"apps/candidate-admin","hostDir":"candidate-admin","fullHostDir":"e:\\code\\nodejs\\n-app-02\\apps/candidate-admin","_mdl":{}}
[2018-07-08T15:13:00.115] [INFO] info - E:\code\nodejs\n-app-02\packages\quicky\q-apps\index.js load app:{"name":"admin","dir":"apps/admin","hostDir":"admin","fullHostDir":"e:\\code\\nodejs\\n-app-02\\apps/admin","_mdl":{}}
[2018-07-08T15:13:16.678] [INFO] info - E:\code\nodejs\n-app-02\packages\quicky\q-apps\index.js load app:{"name":"example","dir":"apps/example","hostDir":"exp","fullHostDir":"e:\\code\\nodejs\\n-app-02\\apps/example","_mdl":{}}
[2018-07-08T15:13:16.684] [INFO] info - E:\code\nodejs\n-app-02\packages\quicky\q-apps\index.js load app:{"name":"cms","dir":"apps/cms","hostDir":"cms","fullHostDir":"e:\\code\\nodejs\\n-app-02\\apps/cms","_mdl":{}}
[2018-07-08T15:13:16.702] [INFO] info - E:\code\nodejs\n-app-02\packages\quicky\q-apps\index.js load app:{"name":"candidate","dir":"apps/candidate","hostDir":"candidate","fullHostDir":"e:\\code\\nodejs\\n-app-02\\apps/candidate","_mdl":{}}
[2018-07-08T15:13:16.719] [INFO] info - E:\code\nodejs\n-app-02\packages\quicky\q-apps\index.js load app:{"name":"candidate-admin","dir":"apps/candidate-admin","hostDir":"candidate-admin","fullHostDir":"e:\\code\\nodejs\\n-app-02\\apps/candidate-admin","_mdl":{}}
[2018-07-08T15:13:16.722] [INFO] info - E:\code\nodejs\n-app-02\packages\quicky\q-apps\index.js load app:{"name":"admin","dir":"apps/admin","hostDir":"admin","fullHostDir":"e:\\code\\nodejs\\n-app-02\\apps/admin","_mdl":{}}
[2018-07-08T15:17:05.112] [INFO] info - E:\code\nodejs\n-app-02\packages\quicky\q-apps\index.js load app:{"name":"example","dir":"apps/example","hostDir":"exp","fullHostDir":"e:\\code\\nodejs\\n-app-02\\apps/example","_mdl":{}}
[2018-07-08T15:17:05.118] [INFO] info - E:\code\nodejs\n-app-02\packages\quicky\q-apps\index.js load app:{"name":"cms","dir":"apps/cms","hostDir":"cms","fullHostDir":"e:\\code\\nodejs\\n-app-02\\apps/cms","_mdl":{}}
[2018-07-08T15:17:05.138] [INFO] info - E:\code\nodejs\n-app-02\packages\quicky\q-apps\index.js load app:{"name":"candidate","dir":"apps/candidate","hostDir":"candidate","fullHostDir":"e:\\code\\nodejs\\n-app-02\\apps/candidate","_mdl":{}}
[2018-07-08T15:17:05.154] [INFO] info - E:\code\nodejs\n-app-02\packages\quicky\q-apps\index.js load app:{"name":"candidate-admin","dir":"apps/candidate-admin","hostDir":"candidate-admin","fullHostDir":"e:\\code\\nodejs\\n-app-02\\apps/candidate-admin","_mdl":{}}
[2018-07-08T15:17:05.157] [INFO] info - E:\code\nodejs\n-app-02\packages\quicky\q-apps\index.js load app:{"name":"admin","dir":"apps/admin","hostDir":"admin","fullHostDir":"e:\\code\\nodejs\\n-app-02\\apps/admin","_mdl":{}}
[2018-07-08T15:37:26.790] [INFO] info - E:\code\nodejs\n-app-02\packages\quicky\q-apps\index.js load app:{"name":"example","dir":"apps/example","hostDir":"exp","fullHostDir":"e:\\code\\nodejs\\n-app-02\\apps/example","_mdl":{}}
[2018-07-08T15:37:26.796] [INFO] info - E:\code\nodejs\n-app-02\packages\quicky\q-apps\index.js load app:{"name":"cms","dir":"apps/cms","hostDir":"cms","fullHostDir":"e:\\code\\nodejs\\n-app-02\\apps/cms","_mdl":{}}
[2018-07-08T15:37:26.816] [INFO] info - E:\code\nodejs\n-app-02\packages\quicky\q-apps\index.js load app:{"name":"candidate","dir":"apps/candidate","hostDir":"candidate","fullHostDir":"e:\\code\\nodejs\\n-app-02\\apps/candidate","_mdl":{}}
[2018-07-08T15:37:26.830] [INFO] info - E:\code\nodejs\n-app-02\packages\quicky\q-apps\index.js load app:{"name":"candidate-admin","dir":"apps/candidate-admin","hostDir":"candidate-admin","fullHostDir":"e:\\code\\nodejs\\n-app-02\\apps/candidate-admin","_mdl":{}}
[2018-07-08T15:37:26.834] [INFO] info - E:\code\nodejs\n-app-02\packages\quicky\q-apps\index.js load app:{"name":"admin","dir":"apps/admin","hostDir":"admin","fullHostDir":"e:\\code\\nodejs\\n-app-02\\apps/admin","_mdl":{}}
[2018-07-08T15:38:48.697] [INFO] info - E:\code\nodejs\n-app-02\packages\quicky\q-apps\index.js load app:{"name":"example","dir":"apps/example","hostDir":"exp","fullHostDir":"e:\\code\\nodejs\\n-app-02\\apps/example","_mdl":{}}
[2018-07-08T15:38:48.711] [INFO] info - E:\code\nodejs\n-app-02\packages\quicky\q-apps\index.js load app:{"name":"cms","dir":"apps/cms","hostDir":"cms","fullHostDir":"e:\\code\\nodejs\\n-app-02\\apps/cms","_mdl":{}}
[2018-07-08T15:38:48.731] [INFO] info - E:\code\nodejs\n-app-02\packages\quicky\q-apps\index.js load app:{"name":"candidate","dir":"apps/candidate","hostDir":"candidate","fullHostDir":"e:\\code\\nodejs\\n-app-02\\apps/candidate","_mdl":{}}
[2018-07-08T15:38:48.747] [INFO] info - E:\code\nodejs\n-app-02\packages\quicky\q-apps\index.js load app:{"name":"candidate-admin","dir":"apps/candidate-admin","hostDir":"candidate-admin","fullHostDir":"e:\\code\\nodejs\\n-app-02\\apps/candidate-admin","_mdl":{}}
[2018-07-08T15:38:48.750] [INFO] info - E:\code\nodejs\n-app-02\packages\quicky\q-apps\index.js load app:{"name":"admin","dir":"apps/admin","hostDir":"admin","fullHostDir":"e:\\code\\nodejs\\n-app-02\\apps/admin","_mdl":{}}
[2018-07-08T15:42:24.581] [INFO] info - E:\code\nodejs\n-app-02\packages\quicky\q-apps\index.js load app:{"name":"example","dir":"apps/example","hostDir":"exp","fullHostDir":"e:\\code\\nodejs\\n-app-02\\apps/example","_mdl":{}}
[2018-07-08T15:42:24.588] [INFO] info - E:\code\nodejs\n-app-02\packages\quicky\q-apps\index.js load app:{"name":"cms","dir":"apps/cms","hostDir":"cms","fullHostDir":"e:\\code\\nodejs\\n-app-02\\apps/cms","_mdl":{}}
[2018-07-08T15:42:24.609] [INFO] info - E:\code\nodejs\n-app-02\packages\quicky\q-apps\index.js load app:{"name":"candidate","dir":"apps/candidate","hostDir":"candidate","fullHostDir":"e:\\code\\nodejs\\n-app-02\\apps/candidate","_mdl":{}}
[2018-07-08T15:42:24.626] [INFO] info - E:\code\nodejs\n-app-02\packages\quicky\q-apps\index.js load app:{"name":"candidate-admin","dir":"apps/candidate-admin","hostDir":"candidate-admin","fullHostDir":"e:\\code\\nodejs\\n-app-02\\apps/candidate-admin","_mdl":{}}
[2018-07-08T15:42:24.629] [INFO] info - E:\code\nodejs\n-app-02\packages\quicky\q-apps\index.js load app:{"name":"admin","dir":"apps/admin","hostDir":"admin","fullHostDir":"e:\\code\\nodejs\\n-app-02\\apps/admin","_mdl":{}}
[2018-07-08T15:47:30.785] [INFO] info - E:\code\nodejs\n-app-02\packages\quicky\q-apps\index.js load app:{"name":"example","dir":"apps/example","hostDir":"exp","fullHostDir":"e:\\code\\nodejs\\n-app-02\\apps/example","_mdl":{}}
[2018-07-08T15:48:15.837] [INFO] info - E:\code\nodejs\n-app-02\packages\quicky\q-apps\index.js load app:{"name":"example","dir":"apps/example","hostDir":"exp","fullHostDir":"e:\\code\\nodejs\\n-app-02\\apps/example","_mdl":{}}
[2018-07-08T15:48:15.844] [INFO] info - E:\code\nodejs\n-app-02\packages\quicky\q-apps\index.js load app:{"name":"cms","dir":"apps/cms","hostDir":"cms","fullHostDir":"e:\\code\\nodejs\\n-app-02\\apps/cms","_mdl":{}}
[2018-07-08T15:48:15.864] [INFO] info - E:\code\nodejs\n-app-02\packages\quicky\q-apps\index.js load app:{"name":"candidate","dir":"apps/candidate","hostDir":"candidate","fullHostDir":"e:\\code\\nodejs\\n-app-02\\apps/candidate","_mdl":{}}
[2018-07-08T15:48:15.879] [INFO] info - E:\code\nodejs\n-app-02\packages\quicky\q-apps\index.js load app:{"name":"candidate-admin","dir":"apps/candidate-admin","hostDir":"candidate-admin","fullHostDir":"e:\\code\\nodejs\\n-app-02\\apps/candidate-admin","_mdl":{}}
[2018-07-08T15:49:01.697] [INFO] info - E:\code\nodejs\n-app-02\packages\quicky\q-apps\index.js load app:{"name":"admin","dir":"apps/admin","hostDir":"admin","fullHostDir":"e:\\code\\nodejs\\n-app-02\\apps/admin","_mdl":{}}
[2018-07-08T15:54:11.335] [INFO] info - E:\code\nodejs\n-app-02\packages\quicky\q-apps\index.js load app:{"name":"example","dir":"apps/example","hostDir":"exp","fullHostDir":"e:\\code\\nodejs\\n-app-02\\apps/example","_mdl":{}}
[2018-07-08T15:54:11.343] [INFO] info - E:\code\nodejs\n-app-02\packages\quicky\q-apps\index.js load app:{"name":"cms","dir":"apps/cms","hostDir":"cms","fullHostDir":"e:\\code\\nodejs\\n-app-02\\apps/cms","_mdl":{}}
[2018-07-08T15:54:11.367] [INFO] info - E:\code\nodejs\n-app-02\packages\quicky\q-apps\index.js load app:{"name":"candidate","dir":"apps/candidate","hostDir":"candidate","fullHostDir":"e:\\code\\nodejs\\n-app-02\\apps/candidate","_mdl":{}}
[2018-07-08T15:54:11.382] [INFO] info - E:\code\nodejs\n-app-02\packages\quicky\q-apps\index.js load app:{"name":"candidate-admin","dir":"apps/candidate-admin","hostDir":"candidate-admin","fullHostDir":"e:\\code\\nodejs\\n-app-02\\apps/candidate-admin","_mdl":{}}
[2018-07-08T15:54:15.225] [INFO] info - E:\code\nodejs\n-app-02\packages\quicky\q-apps\index.js load app:{"name":"admin","dir":"apps/admin","hostDir":"admin","fullHostDir":"e:\\code\\nodejs\\n-app-02\\apps/admin","_mdl":{}}
[2018-07-08T15:56:07.853] [INFO] info - E:\code\nodejs\n-app-02\packages\quicky\q-apps\index.js load app:{"name":"admin","dir":"apps/admin","hostDir":"admin","fullHostDir":"e:\\code\\nodejs\\n-app-02\\apps/admin","_mdl":{}}
[2018-07-08T15:56:12.859] [INFO] info - E:\code\nodejs\n-app-02\packages\quicky\q-apps\index.js load app:{"name":"admin","dir":"apps/admin","hostDir":"admin","fullHostDir":"e:\\code\\nodejs\\n-app-02\\apps/admin","_mdl":{}}
[2018-07-08T15:56:17.865] [INFO] info - E:\code\nodejs\n-app-02\packages\quicky\q-apps\index.js load app:{"name":"admin","dir":"apps/admin","hostDir":"admin","fullHostDir":"e:\\code\\nodejs\\n-app-02\\apps/admin","_mdl":{}}
[2018-07-08T15:56:37.892] [INFO] info - E:\code\nodejs\n-app-02\packages\quicky\q-apps\index.js load app:{"name":"admin","dir":"apps/admin","hostDir":"admin","fullHostDir":"e:\\code\\nodejs\\n-app-02\\apps/admin","_mdl":{}}
[2018-07-08T15:56:42.899] [INFO] info - E:\code\nodejs\n-app-02\packages\quicky\q-apps\index.js load app:{"name":"admin","dir":"apps/admin","hostDir":"admin","fullHostDir":"e:\\code\\nodejs\\n-app-02\\apps/admin","_mdl":{}}
[2018-07-08T15:56:47.909] [INFO] info - E:\code\nodejs\n-app-02\packages\quicky\q-apps\index.js load app:{"name":"admin","dir":"apps/admin","hostDir":"admin","fullHostDir":"e:\\code\\nodejs\\n-app-02\\apps/admin","_mdl":{}}
[2018-07-08T15:56:52.915] [INFO] info - E:\code\nodejs\n-app-02\packages\quicky\q-apps\index.js load app:{"name":"admin","dir":"apps/admin","hostDir":"admin","fullHostDir":"e:\\code\\nodejs\\n-app-02\\apps/admin","_mdl":{}}
[2018-07-08T15:57:12.944] [INFO] info - E:\code\nodejs\n-app-02\packages\quicky\q-apps\index.js load app:{"name":"admin","dir":"apps/admin","hostDir":"admin","fullHostDir":"e:\\code\\nodejs\\n-app-02\\apps/admin","_mdl":{}}
[2018-07-08T15:57:17.951] [INFO] info - E:\code\nodejs\n-app-02\packages\quicky\q-apps\index.js load app:{"name":"admin","dir":"apps/admin","hostDir":"admin","fullHostDir":"e:\\code\\nodejs\\n-app-02\\apps/admin","_mdl":{}}
[2018-07-08T15:57:22.959] [INFO] info - E:\code\nodejs\n-app-02\packages\quicky\q-apps\index.js load app:{"name":"admin","dir":"apps/admin","hostDir":"admin","fullHostDir":"e:\\code\\nodejs\\n-app-02\\apps/admin","_mdl":{}}
[2018-07-08T15:57:27.966] [INFO] info - E:\code\nodejs\n-app-02\packages\quicky\q-apps\index.js load app:{"name":"admin","dir":"apps/admin","hostDir":"admin","fullHostDir":"e:\\code\\nodejs\\n-app-02\\apps/admin","_mdl":{}}
[2018-07-08T15:57:41.341] [INFO] info - E:\code\nodejs\n-app-02\packages\quicky\q-apps\index.js load app:{"name":"example","dir":"apps/example","hostDir":"exp","fullHostDir":"e:\\code\\nodejs\\n-app-02\\apps/example","_mdl":{}}
[2018-07-08T15:57:41.349] [INFO] info - E:\code\nodejs\n-app-02\packages\quicky\q-apps\index.js load app:{"name":"cms","dir":"apps/cms","hostDir":"cms","fullHostDir":"e:\\code\\nodejs\\n-app-02\\apps/cms","_mdl":{}}
[2018-07-08T15:57:41.372] [INFO] info - E:\code\nodejs\n-app-02\packages\quicky\q-apps\index.js load app:{"name":"candidate","dir":"apps/candidate","hostDir":"candidate","fullHostDir":"e:\\code\\nodejs\\n-app-02\\apps/candidate","_mdl":{}}
[2018-07-08T15:57:41.387] [INFO] info - E:\code\nodejs\n-app-02\packages\quicky\q-apps\index.js load app:{"name":"candidate-admin","dir":"apps/candidate-admin","hostDir":"candidate-admin","fullHostDir":"e:\\code\\nodejs\\n-app-02\\apps/candidate-admin","_mdl":{}}
[2018-07-08T15:57:41.391] [INFO] info - E:\code\nodejs\n-app-02\packages\quicky\q-apps\index.js load app:{"name":"admin","dir":"apps/admin","hostDir":"admin","fullHostDir":"e:\\code\\nodejs\\n-app-02\\apps/admin","_mdl":{}}
[2018-07-08T15:57:53.625] [INFO] info - E:\code\nodejs\n-app-02\packages\quicky\q-apps\index.js load app:{"name":"example","dir":"apps/example","hostDir":"exp","fullHostDir":"e:\\code\\nodejs\\n-app-02\\apps/example","_mdl":{}}
[2018-07-08T15:57:53.632] [INFO] info - E:\code\nodejs\n-app-02\packages\quicky\q-apps\index.js load app:{"name":"cms","dir":"apps/cms","hostDir":"cms","fullHostDir":"e:\\code\\nodejs\\n-app-02\\apps/cms","_mdl":{}}
[2018-07-08T15:57:53.650] [INFO] info - E:\code\nodejs\n-app-02\packages\quicky\q-apps\index.js load app:{"name":"candidate","dir":"apps/candidate","hostDir":"candidate","fullHostDir":"e:\\code\\nodejs\\n-app-02\\apps/candidate","_mdl":{}}
[2018-07-08T15:57:53.664] [INFO] info - E:\code\nodejs\n-app-02\packages\quicky\q-apps\index.js load app:{"name":"candidate-admin","dir":"apps/candidate-admin","hostDir":"candidate-admin","fullHostDir":"e:\\code\\nodejs\\n-app-02\\apps/candidate-admin","_mdl":{}}
[2018-07-08T15:57:56.175] [INFO] info - E:\code\nodejs\n-app-02\packages\quicky\q-apps\index.js load app:{"name":"admin","dir":"apps/admin","hostDir":"admin","fullHostDir":"e:\\code\\nodejs\\n-app-02\\apps/admin","_mdl":{}}
[2018-07-08T16:02:06.122] [INFO] info - E:\code\nodejs\n-app-02\packages\quicky\q-apps\index.js load app:{"name":"example","dir":"apps/example","hostDir":"exp","fullHostDir":"e:\\code\\nodejs\\n-app-02\\apps/example","_mdl":{}}
[2018-07-08T16:02:06.134] [INFO] info - E:\code\nodejs\n-app-02\packages\quicky\q-apps\index.js load app:{"name":"cms","dir":"apps/cms","hostDir":"cms","fullHostDir":"e:\\code\\nodejs\\n-app-02\\apps/cms","_mdl":{}}
[2018-07-08T16:02:06.159] [INFO] info - E:\code\nodejs\n-app-02\packages\quicky\q-apps\index.js load app:{"name":"candidate","dir":"apps/candidate","hostDir":"candidate","fullHostDir":"e:\\code\\nodejs\\n-app-02\\apps/candidate","_mdl":{}}
[2018-07-08T16:02:06.175] [INFO] info - E:\code\nodejs\n-app-02\packages\quicky\q-apps\index.js load app:{"name":"candidate-admin","dir":"apps/candidate-admin","hostDir":"candidate-admin","fullHostDir":"e:\\code\\nodejs\\n-app-02\\apps/candidate-admin","_mdl":{}}
[2018-07-08T16:02:12.473] [INFO] info - E:\code\nodejs\n-app-02\packages\quicky\q-apps\index.js load app:{"name":"admin","dir":"apps/admin","hostDir":"admin","fullHostDir":"e:\\code\\nodejs\\n-app-02\\apps/admin","_mdl":{}}
